2023-08-26 00:08:41.227 [MessageBroker-8] INFO  org.springframework.web.socket.config.WebSocketMessageBrokerStats - WebSocketSession[0 current WS(0)-HttpStream(0)-HttpPoll(0), 0 total, 0 closed abnormally (0 connect failure, 0 send limit, 0 transport error)], stompSubProtocol[processed CONNECT(0)-CONNECTED(0)-DISCONNECT(0)], stompBrokerRelay[null], inboundChannel[pool size = 0, active threads = 0, queued tasks = 0, completed tasks = 0], outboundChannel[pool size = 0, active threads = 0, queued tasks = 0, completed tasks = 0], sockJsScheduler[pool size = 8, active threads = 1, queued tasks = 1, completed tasks = 125]
2023-08-26 00:38:41.229 [MessageBroker-3] INFO  org.springframework.web.socket.config.WebSocketMessageBrokerStats - WebSocketSession[0 current WS(0)-HttpStream(0)-HttpPoll(0), 0 total, 0 closed abnormally (0 connect failure, 0 send limit, 0 transport error)], stompSubProtocol[processed CONNECT(0)-CONNECTED(0)-DISCONNECT(0)], stompBrokerRelay[null], inboundChannel[pool size = 0, active threads = 0, queued tasks = 0, completed tasks = 0], outboundChannel[pool size = 0, active threads = 0, queued tasks = 0, completed tasks = 0], sockJsScheduler[pool size = 8, active threads = 1, queued tasks = 1, completed tasks = 156]
2023-08-26 01:02:28.116 [SpringContextShutdownHook] INFO  org.springframework.messaging.simp.broker.SimpleBrokerMessageHandler - Stopping...
2023-08-26 01:02:28.117 [SpringContextShutdownHook] INFO  org.springframework.messaging.simp.broker.SimpleBrokerMessageHandler - BrokerAvailabilityEvent[available=false, SimpleBrokerMessageHandler [DefaultSubscriptionRegistry[cache[0 destination(s)], registry[0 sessions]]]]
2023-08-26 01:02:28.117 [SpringContextShutdownHook] INFO  org.springframework.messaging.simp.broker.SimpleBrokerMessageHandler - Stopped.
2023-08-26 01:02:28.135 [SpringContextShutdownHook] INFO  org.springframework.scheduling.concurrent.ThreadPoolTaskExecutor - Shutting down ExecutorService 'brokerChannelExecutor'
2023-08-26 01:02:28.136 [SpringContextShutdownHook] INFO  org.springframework.scheduling.concurrent.ThreadPoolTaskScheduler - Shutting down ExecutorService 'messageBrokerTaskScheduler'
2023-08-26 01:02:28.137 [SpringContextShutdownHook] INFO  org.springframework.scheduling.concurrent.ThreadPoolTaskExecutor - Shutting down ExecutorService 'clientOutboundChannelExecutor'
2023-08-26 01:02:28.137 [SpringContextShutdownHook] INFO  org.springframework.scheduling.concurrent.ThreadPoolTaskExecutor - Shutting down ExecutorService 'clientInboundChannelExecutor'
2023-08-26 01:02:28.261 [SpringContextShutdownHook] INFO  com.alibaba.druid.pool.DruidDataSource - {dataSource-1} closing ...
2023-08-26 01:02:28.266 [SpringContextShutdownHook] INFO  com.alibaba.druid.pool.DruidDataSource - {dataSource-1} closed
2023-08-26 01:02:45.592 [main] INFO  cn.enterprisys.WebApplication - Starting WebApplication on LAPTOP-J40OTHIL with PID 17980 (D:\Users\lenovo\Desktop\class\Java\code\enterprisys-web\web\target\classes started by lenovo in D:\Users\lenovo\Desktop\class\Java\code\enterprisys-web)
2023-08-26 01:02:45.594 [main] DEBUG cn.enterprisys.WebApplication - Running with Spring Boot v2.2.5.RELEASE, Spring v5.2.4.RELEASE
2023-08-26 01:02:45.595 [main] INFO  cn.enterprisys.WebApplication - The following profiles are active: dev
2023-08-26 01:02:48.373 [main] INFO  org.springframework.data.repository.config.RepositoryConfigurationDelegate - Multiple Spring Data modules found, entering strict repository configuration mode!
2023-08-26 01:02:48.375 [main] INFO  org.springframework.data.repository.config.RepositoryConfigurationDelegate - Bootstrapping Spring Data Redis repositories in DEFAULT mode.
2023-08-26 01:02:48.457 [main] INFO  org.springframework.data.repository.config.RepositoryConfigurationDelegate - Finished Spring Data repository scanning in 69ms. Found 0 Redis repository interfaces.
2023-08-26 01:02:48.938 [main] INFO  o.s.context.support.PostProcessorRegistrationDelegate$BeanPostProcessorChecker - Bean 'org.springframework.boot.autoconfigure.jdbc.DataSourceTransactionManagerAutoConfiguration$DataSourceTransactionManagerConfiguration' of type [org.springframework.boot.autoconfigure.jdbc.DataSourceTransactionManagerAutoConfiguration$DataSourceTransactionManagerConfiguration] is not eligible for getting processed by all BeanPostProcessors (for example: not eligible for auto-proxying)
2023-08-26 01:02:48.939 [main] INFO  o.s.context.support.PostProcessorRegistrationDelegate$BeanPostProcessorChecker - Bean 'com.alibaba.druid.spring.boot.autoconfigure.DruidDataSourceAutoConfigure' of type [com.alibaba.druid.spring.boot.autoconfigure.DruidDataSourceAutoConfigure$$EnhancerBySpringCGLIB$$fa9fd304] is not eligible for getting processed by all BeanPostProcessors (for example: not eligible for auto-proxying)
2023-08-26 01:02:48.944 [main] INFO  com.alibaba.druid.spring.boot.autoconfigure.DruidDataSourceAutoConfigure - Init DruidDataSource
2023-08-26 01:02:48.992 [main] INFO  o.s.context.support.PostProcessorRegistrationDelegate$BeanPostProcessorChecker - Bean 'spring.datasource-org.springframework.boot.autoconfigure.jdbc.DataSourceProperties' of type [org.springframework.boot.autoconfigure.jdbc.DataSourceProperties] is not eligible for getting processed by all BeanPostProcessors (for example: not eligible for auto-proxying)
2023-08-26 01:02:48.998 [main] INFO  o.s.context.support.PostProcessorRegistrationDelegate$BeanPostProcessorChecker - Bean 'com.alibaba.druid.spring.boot.autoconfigure.stat.DruidFilterConfiguration' of type [com.alibaba.druid.spring.boot.autoconfigure.stat.DruidFilterConfiguration] is not eligible for getting processed by all BeanPostProcessors (for example: not eligible for auto-proxying)
2023-08-26 01:02:49.018 [main] INFO  o.s.context.support.PostProcessorRegistrationDelegate$BeanPostProcessorChecker - Bean 'statFilter' of type [com.alibaba.druid.filter.stat.StatFilter] is not eligible for getting processed by all BeanPostProcessors (for example: not eligible for auto-proxying)
2023-08-26 01:02:49.093 [main] INFO  o.s.context.support.PostProcessorRegistrationDelegate$BeanPostProcessorChecker - Bean 'wallConfig' of type [com.alibaba.druid.wall.WallConfig] is not eligible for getting processed by all BeanPostProcessors (for example: not eligible for auto-proxying)
2023-08-26 01:02:49.107 [main] INFO  o.s.context.support.PostProcessorRegistrationDelegate$BeanPostProcessorChecker - Bean 'wallFilter' of type [com.alibaba.druid.wall.WallFilter] is not eligible for getting processed by all BeanPostProcessors (for example: not eligible for auto-proxying)
2023-08-26 01:02:49.256 [main] INFO  com.alibaba.druid.pool.DruidDataSource - {dataSource-1} inited
2023-08-26 01:02:49.256 [main] INFO  o.s.context.support.PostProcessorRegistrationDelegate$BeanPostProcessorChecker - Bean 'dataSource' of type [com.alibaba.druid.spring.boot.autoconfigure.DruidDataSourceWrapper] is not eligible for getting processed by all BeanPostProcessors (for example: not eligible for auto-proxying)
2023-08-26 01:02:49.287 [main] INFO  o.s.context.support.PostProcessorRegistrationDelegate$BeanPostProcessorChecker - Bean 'org.springframework.boot.autoconfigure.jdbc.DataSourceInitializerInvoker' of type [org.springframework.boot.autoconfigure.jdbc.DataSourceInitializerInvoker] is not eligible for getting processed by all BeanPostProcessors (for example: not eligible for auto-proxying)
2023-08-26 01:02:49.292 [main] INFO  o.s.context.support.PostProcessorRegistrationDelegate$BeanPostProcessorChecker - Bean 'org.springframework.boot.autoconfigure.transaction.TransactionAutoConfiguration' of type [org.springframework.boot.autoconfigure.transaction.TransactionAutoConfiguration] is not eligible for getting processed by all BeanPostProcessors (for example: not eligible for auto-proxying)
2023-08-26 01:02:49.296 [main] INFO  o.s.context.support.PostProcessorRegistrationDelegate$BeanPostProcessorChecker - Bean 'spring.transaction-org.springframework.boot.autoconfigure.transaction.TransactionProperties' of type [org.springframework.boot.autoconfigure.transaction.TransactionProperties] is not eligible for getting processed by all BeanPostProcessors (for example: not eligible for auto-proxying)
2023-08-26 01:02:49.298 [main] INFO  o.s.context.support.PostProcessorRegistrationDelegate$BeanPostProcessorChecker - Bean 'platformTransactionManagerCustomizers' of type [org.springframework.boot.autoconfigure.transaction.TransactionManagerCustomizers] is not eligible for getting processed by all BeanPostProcessors (for example: not eligible for auto-proxying)
2023-08-26 01:02:49.302 [main] INFO  o.s.context.support.PostProcessorRegistrationDelegate$BeanPostProcessorChecker - Bean 'transactionManager' of type [org.springframework.jdbc.datasource.DataSourceTransactionManager] is not eligible for getting processed by all BeanPostProcessors (for example: not eligible for auto-proxying)
2023-08-26 01:02:49.304 [main] INFO  o.s.context.support.PostProcessorRegistrationDelegate$BeanPostProcessorChecker - Bean 'transactionAdviceConfig' of type [cn.enterprisys.web.commons.config.TransactionAdviceConfig$$EnhancerBySpringCGLIB$$c39e442f] is not eligible for getting processed by all BeanPostProcessors (for example: not eligible for auto-proxying)
2023-08-26 01:02:49.307 [main] INFO  o.s.context.support.PostProcessorRegistrationDelegate$BeanPostProcessorChecker - Bean 'txAdvice' of type [org.springframework.transaction.interceptor.TransactionInterceptor] is not eligible for getting processed by all BeanPostProcessors (for example: not eligible for auto-proxying)
2023-08-26 01:02:49.308 [main] INFO  o.s.context.support.PostProcessorRegistrationDelegate$BeanPostProcessorChecker - Bean 'txAdviceAdvisor' of type [org.springframework.aop.support.DefaultPointcutAdvisor] is not eligible for getting processed by all BeanPostProcessors (for example: not eligible for auto-proxying)
2023-08-26 01:02:49.320 [main] INFO  o.s.context.support.PostProcessorRegistrationDelegate$BeanPostProcessorChecker - Bean 'org.springframework.security.config.annotation.configuration.ObjectPostProcessorConfiguration' of type [org.springframework.security.config.annotation.configuration.ObjectPostProcessorConfiguration] is not eligible for getting processed by all BeanPostProcessors (for example: not eligible for auto-proxying)
2023-08-26 01:02:49.331 [main] INFO  o.s.context.support.PostProcessorRegistrationDelegate$BeanPostProcessorChecker - Bean 'objectPostProcessor' of type [org.springframework.security.config.annotation.configuration.AutowireBeanFactoryObjectPostProcessor] is not eligible for getting processed by all BeanPostProcessors (for example: not eligible for auto-proxying)
2023-08-26 01:02:49.335 [main] INFO  o.s.context.support.PostProcessorRegistrationDelegate$BeanPostProcessorChecker - Bean 'org.springframework.security.access.expression.method.DefaultMethodSecurityExpressionHandler@109a2025' of type [org.springframework.security.access.expression.method.DefaultMethodSecurityExpressionHandler] is not eligible for getting processed by all BeanPostProcessors (for example: not eligible for auto-proxying)
2023-08-26 01:02:49.337 [main] INFO  o.s.context.support.PostProcessorRegistrationDelegate$BeanPostProcessorChecker - Bean 'org.springframework.security.config.annotation.method.configuration.GlobalMethodSecurityConfiguration' of type [org.springframework.security.config.annotation.method.configuration.GlobalMethodSecurityConfiguration] is not eligible for getting processed by all BeanPostProcessors (for example: not eligible for auto-proxying)
2023-08-26 01:02:49.342 [main] INFO  o.s.context.support.PostProcessorRegistrationDelegate$BeanPostProcessorChecker - Bean 'methodSecurityMetadataSource' of type [org.springframework.security.access.method.DelegatingMethodSecurityMetadataSource] is not eligible for getting processed by all BeanPostProcessors (for example: not eligible for auto-proxying)
2023-08-26 01:02:49.658 [main] INFO  org.springframework.boot.web.embedded.tomcat.TomcatWebServer - Tomcat initialized with port(s): 8888 (http)
2023-08-26 01:02:49.668 [main] INFO  org.apache.coyote.http11.Http11NioProtocol - Initializing ProtocolHandler ["http-nio-8888"]
2023-08-26 01:02:49.669 [main] INFO  org.apache.catalina.core.StandardService - Starting service [Tomcat]
2023-08-26 01:02:49.669 [main] INFO  org.apache.catalina.core.StandardEngine - Starting Servlet engine: [Apache Tomcat/9.0.31]
2023-08-26 01:02:49.949 [main] INFO  org.apache.catalina.core.ContainerBase.[Tomcat].[localhost].[/nebula-web] - Initializing Spring embedded WebApplicationContext
2023-08-26 01:02:49.949 [main] INFO  org.springframework.web.context.ContextLoader - Root WebApplicationContext: initialization completed in 4299 ms
2023-08-26 01:02:51.216 [main] WARN  com.baomidou.mybatisplus.core.metadata.TableInfoHelper - Warn: Could not find @TableId in Class: cn.enterprisys.web.modules.sys.entity.SysRoleByMenu.
2023-08-26 01:02:52.366 [main] INFO  org.springframework.boot.web.servlet.RegistrationBean - Filter loginInterceptor was not registered (disabled)
2023-08-26 01:02:52.925 [main] WARN  com.baomidou.mybatisplus.core.metadata.TableInfoHelper - Warn: Could not find @TableId in Class: cn.enterprisys.web.modules.sys.entity.SysUserRole.
2023-08-26 01:02:53.447 [main] INFO  o.s.boot.autoconfigure.security.servlet.UserDetailsServiceAutoConfiguration - 

Using generated security password: cc99d02c-4fe8-4ade-a980-c270e588d6cd

2023-08-26 01:02:53.515 [main] INFO  org.springframework.security.web.DefaultSecurityFilterChain - Creating filter chain: Ant [pattern='/{spring:^(static|druid|images|sign|druid|error)$}/**'], []
2023-08-26 01:02:53.516 [main] INFO  org.springframework.security.web.DefaultSecurityFilterChain - Creating filter chain: Ant [pattern='/**/{spring:^.*\.((?!html).)*$}'], []
2023-08-26 01:02:53.583 [main] INFO  org.springframework.security.web.DefaultSecurityFilterChain - Creating filter chain: any request, [org.springframework.security.web.context.request.async.WebAsyncManagerIntegrationFilter@3a3883c4, org.springframework.security.web.context.SecurityContextPersistenceFilter@2315052d, org.springframework.security.web.header.HeaderWriterFilter@4c635edc, org.springframework.security.web.authentication.logout.LogoutFilter@49754e74, cn.enterprisys.web.commons.interceptors.LoginInterceptor@53b1a3f8, org.springframework.security.web.authentication.UsernamePasswordAuthenticationFilter@787178b1, org.springframework.security.web.session.ConcurrentSessionFilter@798cf6d2, org.springframework.security.web.savedrequest.RequestCacheAwareFilter@62cf6a84, org.springframework.security.web.servletapi.SecurityContextHolderAwareRequestFilter@3b57dba4, org.springframework.security.web.authentication.AnonymousAuthenticationFilter@1537e43, org.springframework.security.web.session.SessionManagementFilter@45bbc52f, org.springframework.security.web.access.ExceptionTranslationFilter@72af90e8, org.springframework.security.web.access.intercept.FilterSecurityInterceptor@d36c1c3]
2023-08-26 01:02:53.632 [main] INFO  org.springframework.scheduling.concurrent.ThreadPoolTaskExecutor - Initializing ExecutorService 'clientInboundChannelExecutor'
2023-08-26 01:02:53.654 [main] INFO  org.springframework.scheduling.concurrent.ThreadPoolTaskExecutor - Initializing ExecutorService 'clientOutboundChannelExecutor'
2023-08-26 01:02:53.669 [main] INFO  org.springframework.scheduling.concurrent.ThreadPoolTaskScheduler - Initializing ExecutorService 'messageBrokerTaskScheduler'
2023-08-26 01:02:53.740 [main] INFO  org.springframework.scheduling.concurrent.ThreadPoolTaskExecutor - Initializing ExecutorService 'brokerChannelExecutor'
2023-08-26 01:02:54.065 [main] INFO  org.springframework.boot.autoconfigure.web.servlet.WelcomePageHandlerMapping - Adding welcome page template: index
2023-08-26 01:02:55.573 [main] INFO  io.lettuce.core.EpollProvider - Starting without optional epoll library
2023-08-26 01:02:55.577 [main] INFO  io.lettuce.core.KqueueProvider - Starting without optional kqueue library
2023-08-26 01:02:56.661 [main] INFO  org.springframework.messaging.simp.broker.SimpleBrokerMessageHandler - Starting...
2023-08-26 01:02:56.661 [main] INFO  org.springframework.messaging.simp.broker.SimpleBrokerMessageHandler - BrokerAvailabilityEvent[available=true, SimpleBrokerMessageHandler [DefaultSubscriptionRegistry[cache[0 destination(s)], registry[0 sessions]]]]
2023-08-26 01:02:56.662 [main] INFO  org.springframework.messaging.simp.broker.SimpleBrokerMessageHandler - Started.
2023-08-26 01:02:57.268 [main] INFO  org.apache.coyote.http11.Http11NioProtocol - Starting ProtocolHandler ["http-nio-8888"]
2023-08-26 01:02:57.279 [main] INFO  org.springframework.boot.web.embedded.tomcat.TomcatWebServer - Tomcat started on port(s): 8888 (http) with context path '/nebula-web'
2023-08-26 01:02:57.281 [main] INFO  cn.enterprisys.WebApplication - Started WebApplication in 12.531 seconds (JVM running for 14.633)
2023-08-26 01:03:02.536 [SpringContextShutdownHook] INFO  org.springframework.messaging.simp.broker.SimpleBrokerMessageHandler - Stopping...
2023-08-26 01:03:02.537 [SpringContextShutdownHook] INFO  org.springframework.messaging.simp.broker.SimpleBrokerMessageHandler - BrokerAvailabilityEvent[available=false, SimpleBrokerMessageHandler [DefaultSubscriptionRegistry[cache[0 destination(s)], registry[0 sessions]]]]
2023-08-26 01:03:02.537 [SpringContextShutdownHook] INFO  org.springframework.messaging.simp.broker.SimpleBrokerMessageHandler - Stopped.
2023-08-26 01:03:02.542 [SpringContextShutdownHook] INFO  org.springframework.scheduling.concurrent.ThreadPoolTaskExecutor - Shutting down ExecutorService 'brokerChannelExecutor'
2023-08-26 01:03:02.543 [SpringContextShutdownHook] INFO  org.springframework.scheduling.concurrent.ThreadPoolTaskScheduler - Shutting down ExecutorService 'messageBrokerTaskScheduler'
2023-08-26 01:03:02.543 [SpringContextShutdownHook] INFO  org.springframework.scheduling.concurrent.ThreadPoolTaskExecutor - Shutting down ExecutorService 'clientOutboundChannelExecutor'
2023-08-26 01:03:02.543 [SpringContextShutdownHook] INFO  org.springframework.scheduling.concurrent.ThreadPoolTaskExecutor - Shutting down ExecutorService 'clientInboundChannelExecutor'
2023-08-26 01:03:02.670 [SpringContextShutdownHook] INFO  com.alibaba.druid.pool.DruidDataSource - {dataSource-1} closing ...
2023-08-26 01:03:02.674 [SpringContextShutdownHook] INFO  com.alibaba.druid.pool.DruidDataSource - {dataSource-1} closed
2023-08-27 00:52:23.918 [main] INFO  cn.enterprisys.WebApplication - Starting WebApplication on LAPTOP-J40OTHIL with PID 11984 (D:\Users\lenovo\Desktop\class\Java\code\enterprisys-web\web\target\classes started by lenovo in D:\Users\lenovo\Desktop\class\Java\code\enterprisys-web)
2023-08-27 00:52:23.923 [main] DEBUG cn.enterprisys.WebApplication - Running with Spring Boot v2.2.5.RELEASE, Spring v5.2.4.RELEASE
2023-08-27 00:52:23.923 [main] INFO  cn.enterprisys.WebApplication - The following profiles are active: dev
2023-08-27 00:52:26.214 [main] INFO  org.springframework.data.repository.config.RepositoryConfigurationDelegate - Multiple Spring Data modules found, entering strict repository configuration mode!
2023-08-27 00:52:26.218 [main] INFO  org.springframework.data.repository.config.RepositoryConfigurationDelegate - Bootstrapping Spring Data Redis repositories in DEFAULT mode.
2023-08-27 00:52:26.322 [main] INFO  org.springframework.data.repository.config.RepositoryConfigurationDelegate - Finished Spring Data repository scanning in 81ms. Found 0 Redis repository interfaces.
2023-08-27 00:52:26.951 [main] INFO  o.s.context.support.PostProcessorRegistrationDelegate$BeanPostProcessorChecker - Bean 'org.springframework.boot.autoconfigure.jdbc.DataSourceTransactionManagerAutoConfiguration$DataSourceTransactionManagerConfiguration' of type [org.springframework.boot.autoconfigure.jdbc.DataSourceTransactionManagerAutoConfiguration$DataSourceTransactionManagerConfiguration] is not eligible for getting processed by all BeanPostProcessors (for example: not eligible for auto-proxying)
2023-08-27 00:52:26.953 [main] INFO  o.s.context.support.PostProcessorRegistrationDelegate$BeanPostProcessorChecker - Bean 'com.alibaba.druid.spring.boot.autoconfigure.DruidDataSourceAutoConfigure' of type [com.alibaba.druid.spring.boot.autoconfigure.DruidDataSourceAutoConfigure$$EnhancerBySpringCGLIB$$864850d6] is not eligible for getting processed by all BeanPostProcessors (for example: not eligible for auto-proxying)
2023-08-27 00:52:26.959 [main] INFO  com.alibaba.druid.spring.boot.autoconfigure.DruidDataSourceAutoConfigure - Init DruidDataSource
2023-08-27 00:52:27.017 [main] INFO  o.s.context.support.PostProcessorRegistrationDelegate$BeanPostProcessorChecker - Bean 'spring.datasource-org.springframework.boot.autoconfigure.jdbc.DataSourceProperties' of type [org.springframework.boot.autoconfigure.jdbc.DataSourceProperties] is not eligible for getting processed by all BeanPostProcessors (for example: not eligible for auto-proxying)
2023-08-27 00:52:27.024 [main] INFO  o.s.context.support.PostProcessorRegistrationDelegate$BeanPostProcessorChecker - Bean 'com.alibaba.druid.spring.boot.autoconfigure.stat.DruidFilterConfiguration' of type [com.alibaba.druid.spring.boot.autoconfigure.stat.DruidFilterConfiguration] is not eligible for getting processed by all BeanPostProcessors (for example: not eligible for auto-proxying)
2023-08-27 00:52:27.050 [main] INFO  o.s.context.support.PostProcessorRegistrationDelegate$BeanPostProcessorChecker - Bean 'statFilter' of type [com.alibaba.druid.filter.stat.StatFilter] is not eligible for getting processed by all BeanPostProcessors (for example: not eligible for auto-proxying)
2023-08-27 00:52:27.184 [main] INFO  o.s.context.support.PostProcessorRegistrationDelegate$BeanPostProcessorChecker - Bean 'wallConfig' of type [com.alibaba.druid.wall.WallConfig] is not eligible for getting processed by all BeanPostProcessors (for example: not eligible for auto-proxying)
2023-08-27 00:52:27.203 [main] INFO  o.s.context.support.PostProcessorRegistrationDelegate$BeanPostProcessorChecker - Bean 'wallFilter' of type [com.alibaba.druid.wall.WallFilter] is not eligible for getting processed by all BeanPostProcessors (for example: not eligible for auto-proxying)
2023-08-27 00:52:27.307 [main] INFO  com.alibaba.druid.pool.DruidDataSource - {dataSource-1} inited
2023-08-27 00:52:27.307 [main] INFO  o.s.context.support.PostProcessorRegistrationDelegate$BeanPostProcessorChecker - Bean 'dataSource' of type [com.alibaba.druid.spring.boot.autoconfigure.DruidDataSourceWrapper] is not eligible for getting processed by all BeanPostProcessors (for example: not eligible for auto-proxying)
2023-08-27 00:52:27.343 [main] INFO  o.s.context.support.PostProcessorRegistrationDelegate$BeanPostProcessorChecker - Bean 'org.springframework.boot.autoconfigure.jdbc.DataSourceInitializerInvoker' of type [org.springframework.boot.autoconfigure.jdbc.DataSourceInitializerInvoker] is not eligible for getting processed by all BeanPostProcessors (for example: not eligible for auto-proxying)
2023-08-27 00:52:27.349 [main] INFO  o.s.context.support.PostProcessorRegistrationDelegate$BeanPostProcessorChecker - Bean 'org.springframework.boot.autoconfigure.transaction.TransactionAutoConfiguration' of type [org.springframework.boot.autoconfigure.transaction.TransactionAutoConfiguration] is not eligible for getting processed by all BeanPostProcessors (for example: not eligible for auto-proxying)
2023-08-27 00:52:27.355 [main] INFO  o.s.context.support.PostProcessorRegistrationDelegate$BeanPostProcessorChecker - Bean 'spring.transaction-org.springframework.boot.autoconfigure.transaction.TransactionProperties' of type [org.springframework.boot.autoconfigure.transaction.TransactionProperties] is not eligible for getting processed by all BeanPostProcessors (for example: not eligible for auto-proxying)
2023-08-27 00:52:27.357 [main] INFO  o.s.context.support.PostProcessorRegistrationDelegate$BeanPostProcessorChecker - Bean 'platformTransactionManagerCustomizers' of type [org.springframework.boot.autoconfigure.transaction.TransactionManagerCustomizers] is not eligible for getting processed by all BeanPostProcessors (for example: not eligible for auto-proxying)
2023-08-27 00:52:27.362 [main] INFO  o.s.context.support.PostProcessorRegistrationDelegate$BeanPostProcessorChecker - Bean 'transactionManager' of type [org.springframework.jdbc.datasource.DataSourceTransactionManager] is not eligible for getting processed by all BeanPostProcessors (for example: not eligible for auto-proxying)
2023-08-27 00:52:27.364 [main] INFO  o.s.context.support.PostProcessorRegistrationDelegate$BeanPostProcessorChecker - Bean 'transactionAdviceConfig' of type [cn.enterprisys.web.commons.config.TransactionAdviceConfig$$EnhancerBySpringCGLIB$$8c150508] is not eligible for getting processed by all BeanPostProcessors (for example: not eligible for auto-proxying)
2023-08-27 00:52:27.369 [main] INFO  o.s.context.support.PostProcessorRegistrationDelegate$BeanPostProcessorChecker - Bean 'txAdvice' of type [org.springframework.transaction.interceptor.TransactionInterceptor] is not eligible for getting processed by all BeanPostProcessors (for example: not eligible for auto-proxying)
2023-08-27 00:52:27.369 [main] INFO  o.s.context.support.PostProcessorRegistrationDelegate$BeanPostProcessorChecker - Bean 'txAdviceAdvisor' of type [org.springframework.aop.support.DefaultPointcutAdvisor] is not eligible for getting processed by all BeanPostProcessors (for example: not eligible for auto-proxying)
2023-08-27 00:52:27.388 [main] INFO  o.s.context.support.PostProcessorRegistrationDelegate$BeanPostProcessorChecker - Bean 'org.springframework.security.config.annotation.configuration.ObjectPostProcessorConfiguration' of type [org.springframework.security.config.annotation.configuration.ObjectPostProcessorConfiguration] is not eligible for getting processed by all BeanPostProcessors (for example: not eligible for auto-proxying)
2023-08-27 00:52:27.405 [main] INFO  o.s.context.support.PostProcessorRegistrationDelegate$BeanPostProcessorChecker - Bean 'objectPostProcessor' of type [org.springframework.security.config.annotation.configuration.AutowireBeanFactoryObjectPostProcessor] is not eligible for getting processed by all BeanPostProcessors (for example: not eligible for auto-proxying)
2023-08-27 00:52:27.411 [main] INFO  o.s.context.support.PostProcessorRegistrationDelegate$BeanPostProcessorChecker - Bean 'org.springframework.security.access.expression.method.DefaultMethodSecurityExpressionHandler@7cd4a4d7' of type [org.springframework.security.access.expression.method.DefaultMethodSecurityExpressionHandler] is not eligible for getting processed by all BeanPostProcessors (for example: not eligible for auto-proxying)
2023-08-27 00:52:27.413 [main] INFO  o.s.context.support.PostProcessorRegistrationDelegate$BeanPostProcessorChecker - Bean 'org.springframework.security.config.annotation.method.configuration.GlobalMethodSecurityConfiguration' of type [org.springframework.security.config.annotation.method.configuration.GlobalMethodSecurityConfiguration] is not eligible for getting processed by all BeanPostProcessors (for example: not eligible for auto-proxying)
2023-08-27 00:52:27.423 [main] INFO  o.s.context.support.PostProcessorRegistrationDelegate$BeanPostProcessorChecker - Bean 'methodSecurityMetadataSource' of type [org.springframework.security.access.method.DelegatingMethodSecurityMetadataSource] is not eligible for getting processed by all BeanPostProcessors (for example: not eligible for auto-proxying)
2023-08-27 00:52:27.817 [main] INFO  org.springframework.boot.web.embedded.tomcat.TomcatWebServer - Tomcat initialized with port(s): 8888 (http)
2023-08-27 00:52:27.827 [main] INFO  org.apache.coyote.http11.Http11NioProtocol - Initializing ProtocolHandler ["http-nio-8888"]
2023-08-27 00:52:27.828 [main] INFO  org.apache.catalina.core.StandardService - Starting service [Tomcat]
2023-08-27 00:52:27.828 [main] INFO  org.apache.catalina.core.StandardEngine - Starting Servlet engine: [Apache Tomcat/9.0.31]
2023-08-27 00:52:27.986 [main] INFO  org.apache.catalina.core.ContainerBase.[Tomcat].[localhost].[/nebula-web] - Initializing Spring embedded WebApplicationContext
2023-08-27 00:52:27.987 [main] INFO  org.springframework.web.context.ContextLoader - Root WebApplicationContext: initialization completed in 3958 ms
2023-08-27 00:52:28.642 [main] WARN  com.baomidou.mybatisplus.core.metadata.TableInfoHelper - Warn: Could not find @TableId in Class: cn.enterprisys.web.modules.sys.entity.SysRoleByMenu.
2023-08-27 00:52:29.800 [main] INFO  org.springframework.boot.web.servlet.RegistrationBean - Filter loginInterceptor was not registered (disabled)
2023-08-27 00:52:30.322 [main] WARN  com.baomidou.mybatisplus.core.metadata.TableInfoHelper - Warn: Could not find @TableId in Class: cn.enterprisys.web.modules.sys.entity.SysUserRole.
2023-08-27 00:52:30.726 [main] INFO  o.s.boot.autoconfigure.security.servlet.UserDetailsServiceAutoConfiguration - 

Using generated security password: f68eedbd-0d3a-4dda-9eab-ca17a04eec4c

2023-08-27 00:52:30.810 [main] INFO  org.springframework.security.web.DefaultSecurityFilterChain - Creating filter chain: Ant [pattern='/{spring:^(static|druid|images|sign|druid|error)$}/**'], []
2023-08-27 00:52:30.810 [main] INFO  org.springframework.security.web.DefaultSecurityFilterChain - Creating filter chain: Ant [pattern='/**/{spring:^.*\.((?!html).)*$}'], []
2023-08-27 00:52:30.875 [main] INFO  org.springframework.security.web.DefaultSecurityFilterChain - Creating filter chain: any request, [org.springframework.security.web.context.request.async.WebAsyncManagerIntegrationFilter@40d96578, org.springframework.security.web.context.SecurityContextPersistenceFilter@4cc8d70d, org.springframework.security.web.header.HeaderWriterFilter@47569167, org.springframework.security.web.authentication.logout.LogoutFilter@4d69d288, cn.enterprisys.web.commons.interceptors.LoginInterceptor@21b6c9c2, org.springframework.security.web.authentication.UsernamePasswordAuthenticationFilter@2baf72d5, org.springframework.security.web.session.ConcurrentSessionFilter@31881aa2, org.springframework.security.web.savedrequest.RequestCacheAwareFilter@5d2a86c0, org.springframework.security.web.servletapi.SecurityContextHolderAwareRequestFilter@26c7b1c6, org.springframework.security.web.authentication.AnonymousAuthenticationFilter@c97721b, org.springframework.security.web.session.SessionManagementFilter@4b93dd6a, org.springframework.security.web.access.ExceptionTranslationFilter@3b57dba4, org.springframework.security.web.access.intercept.FilterSecurityInterceptor@5c1b89ac]
2023-08-27 00:52:30.909 [main] INFO  org.springframework.scheduling.concurrent.ThreadPoolTaskExecutor - Initializing ExecutorService 'clientInboundChannelExecutor'
2023-08-27 00:52:30.924 [main] INFO  org.springframework.scheduling.concurrent.ThreadPoolTaskExecutor - Initializing ExecutorService 'clientOutboundChannelExecutor'
2023-08-27 00:52:30.938 [main] INFO  org.springframework.scheduling.concurrent.ThreadPoolTaskScheduler - Initializing ExecutorService 'messageBrokerTaskScheduler'
2023-08-27 00:52:31.014 [main] INFO  org.springframework.scheduling.concurrent.ThreadPoolTaskExecutor - Initializing ExecutorService 'brokerChannelExecutor'
2023-08-27 00:52:31.391 [main] INFO  org.springframework.boot.autoconfigure.web.servlet.WelcomePageHandlerMapping - Adding welcome page template: index
2023-08-27 00:52:32.593 [main] INFO  io.lettuce.core.EpollProvider - Starting without optional epoll library
2023-08-27 00:52:32.595 [main] INFO  io.lettuce.core.KqueueProvider - Starting without optional kqueue library
2023-08-27 00:52:33.137 [main] INFO  org.springframework.messaging.simp.broker.SimpleBrokerMessageHandler - Starting...
2023-08-27 00:52:33.137 [main] INFO  org.springframework.messaging.simp.broker.SimpleBrokerMessageHandler - BrokerAvailabilityEvent[available=true, SimpleBrokerMessageHandler [DefaultSubscriptionRegistry[cache[0 destination(s)], registry[0 sessions]]]]
2023-08-27 00:52:33.139 [main] INFO  org.springframework.messaging.simp.broker.SimpleBrokerMessageHandler - Started.
2023-08-27 00:52:33.739 [main] INFO  org.apache.coyote.http11.Http11NioProtocol - Starting ProtocolHandler ["http-nio-8888"]
2023-08-27 00:52:33.751 [main] INFO  org.springframework.boot.web.embedded.tomcat.TomcatWebServer - Tomcat started on port(s): 8888 (http) with context path '/nebula-web'
2023-08-27 00:52:33.754 [main] INFO  cn.enterprisys.WebApplication - Started WebApplication in 10.95 seconds (JVM running for 12.817)
2023-08-27 00:52:42.575 [SpringContextShutdownHook] INFO  org.springframework.messaging.simp.broker.SimpleBrokerMessageHandler - Stopping...
2023-08-27 00:52:42.575 [SpringContextShutdownHook] INFO  org.springframework.messaging.simp.broker.SimpleBrokerMessageHandler - BrokerAvailabilityEvent[available=false, SimpleBrokerMessageHandler [DefaultSubscriptionRegistry[cache[0 destination(s)], registry[0 sessions]]]]
2023-08-27 00:52:42.575 [SpringContextShutdownHook] INFO  org.springframework.messaging.simp.broker.SimpleBrokerMessageHandler - Stopped.
2023-08-27 00:52:42.580 [SpringContextShutdownHook] INFO  org.springframework.scheduling.concurrent.ThreadPoolTaskExecutor - Shutting down ExecutorService 'brokerChannelExecutor'
2023-08-27 00:52:42.581 [SpringContextShutdownHook] INFO  org.springframework.scheduling.concurrent.ThreadPoolTaskScheduler - Shutting down ExecutorService 'messageBrokerTaskScheduler'
2023-08-27 00:52:42.581 [SpringContextShutdownHook] INFO  org.springframework.scheduling.concurrent.ThreadPoolTaskExecutor - Shutting down ExecutorService 'clientOutboundChannelExecutor'
2023-08-27 00:52:42.581 [SpringContextShutdownHook] INFO  org.springframework.scheduling.concurrent.ThreadPoolTaskExecutor - Shutting down ExecutorService 'clientInboundChannelExecutor'
2023-08-27 00:52:42.701 [SpringContextShutdownHook] INFO  com.alibaba.druid.pool.DruidDataSource - {dataSource-1} closing ...
2023-08-27 00:52:42.706 [SpringContextShutdownHook] INFO  com.alibaba.druid.pool.DruidDataSource - {dataSource-1} closed
2023-08-27 01:01:54.577 [main] INFO  cn.enterprisys.WebApplication - Starting WebApplication on LAPTOP-J40OTHIL with PID 1448 (D:\Users\lenovo\Desktop\class\Java\code\enterprisys-web\web\target\classes started by lenovo in D:\Users\lenovo\Desktop\class\Java\code\enterprisys-web)
2023-08-27 01:01:54.644 [main] DEBUG cn.enterprisys.WebApplication - Running with Spring Boot v2.2.5.RELEASE, Spring v5.2.4.RELEASE
2023-08-27 01:01:54.645 [main] INFO  cn.enterprisys.WebApplication - The following profiles are active: dev
2023-08-27 01:01:56.080 [main] INFO  org.springframework.data.repository.config.RepositoryConfigurationDelegate - Multiple Spring Data modules found, entering strict repository configuration mode!
2023-08-27 01:01:56.086 [main] INFO  org.springframework.data.repository.config.RepositoryConfigurationDelegate - Bootstrapping Spring Data Redis repositories in DEFAULT mode.
2023-08-27 01:01:56.200 [main] INFO  org.springframework.data.repository.config.RepositoryConfigurationDelegate - Finished Spring Data repository scanning in 92ms. Found 0 Redis repository interfaces.
2023-08-27 01:01:56.797 [main] INFO  o.s.context.support.PostProcessorRegistrationDelegate$BeanPostProcessorChecker - Bean 'org.springframework.boot.autoconfigure.jdbc.DataSourceTransactionManagerAutoConfiguration$DataSourceTransactionManagerConfiguration' of type [org.springframework.boot.autoconfigure.jdbc.DataSourceTransactionManagerAutoConfiguration$DataSourceTransactionManagerConfiguration] is not eligible for getting processed by all BeanPostProcessors (for example: not eligible for auto-proxying)
2023-08-27 01:01:56.799 [main] INFO  o.s.context.support.PostProcessorRegistrationDelegate$BeanPostProcessorChecker - Bean 'com.alibaba.druid.spring.boot.autoconfigure.DruidDataSourceAutoConfigure' of type [com.alibaba.druid.spring.boot.autoconfigure.DruidDataSourceAutoConfigure$$EnhancerBySpringCGLIB$$b68d1f45] is not eligible for getting processed by all BeanPostProcessors (for example: not eligible for auto-proxying)
2023-08-27 01:01:56.805 [main] INFO  com.alibaba.druid.spring.boot.autoconfigure.DruidDataSourceAutoConfigure - Init DruidDataSource
2023-08-27 01:01:56.862 [main] INFO  o.s.context.support.PostProcessorRegistrationDelegate$BeanPostProcessorChecker - Bean 'spring.datasource-org.springframework.boot.autoconfigure.jdbc.DataSourceProperties' of type [org.springframework.boot.autoconfigure.jdbc.DataSourceProperties] is not eligible for getting processed by all BeanPostProcessors (for example: not eligible for auto-proxying)
2023-08-27 01:01:56.870 [main] INFO  o.s.context.support.PostProcessorRegistrationDelegate$BeanPostProcessorChecker - Bean 'com.alibaba.druid.spring.boot.autoconfigure.stat.DruidFilterConfiguration' of type [com.alibaba.druid.spring.boot.autoconfigure.stat.DruidFilterConfiguration] is not eligible for getting processed by all BeanPostProcessors (for example: not eligible for auto-proxying)
2023-08-27 01:01:56.895 [main] INFO  o.s.context.support.PostProcessorRegistrationDelegate$BeanPostProcessorChecker - Bean 'statFilter' of type [com.alibaba.druid.filter.stat.StatFilter] is not eligible for getting processed by all BeanPostProcessors (for example: not eligible for auto-proxying)
2023-08-27 01:01:57.027 [main] INFO  o.s.context.support.PostProcessorRegistrationDelegate$BeanPostProcessorChecker - Bean 'wallConfig' of type [com.alibaba.druid.wall.WallConfig] is not eligible for getting processed by all BeanPostProcessors (for example: not eligible for auto-proxying)
2023-08-27 01:01:57.044 [main] INFO  o.s.context.support.PostProcessorRegistrationDelegate$BeanPostProcessorChecker - Bean 'wallFilter' of type [com.alibaba.druid.wall.WallFilter] is not eligible for getting processed by all BeanPostProcessors (for example: not eligible for auto-proxying)
2023-08-27 01:01:57.138 [main] INFO  com.alibaba.druid.pool.DruidDataSource - {dataSource-1} inited
2023-08-27 01:01:57.138 [main] INFO  o.s.context.support.PostProcessorRegistrationDelegate$BeanPostProcessorChecker - Bean 'dataSource' of type [com.alibaba.druid.spring.boot.autoconfigure.DruidDataSourceWrapper] is not eligible for getting processed by all BeanPostProcessors (for example: not eligible for auto-proxying)
2023-08-27 01:01:57.172 [main] INFO  o.s.context.support.PostProcessorRegistrationDelegate$BeanPostProcessorChecker - Bean 'org.springframework.boot.autoconfigure.jdbc.DataSourceInitializerInvoker' of type [org.springframework.boot.autoconfigure.jdbc.DataSourceInitializerInvoker] is not eligible for getting processed by all BeanPostProcessors (for example: not eligible for auto-proxying)
2023-08-27 01:01:57.181 [main] INFO  o.s.context.support.PostProcessorRegistrationDelegate$BeanPostProcessorChecker - Bean 'org.springframework.boot.autoconfigure.transaction.TransactionAutoConfiguration' of type [org.springframework.boot.autoconfigure.transaction.TransactionAutoConfiguration] is not eligible for getting processed by all BeanPostProcessors (for example: not eligible for auto-proxying)
2023-08-27 01:01:57.186 [main] INFO  o.s.context.support.PostProcessorRegistrationDelegate$BeanPostProcessorChecker - Bean 'spring.transaction-org.springframework.boot.autoconfigure.transaction.TransactionProperties' of type [org.springframework.boot.autoconfigure.transaction.TransactionProperties] is not eligible for getting processed by all BeanPostProcessors (for example: not eligible for auto-proxying)
2023-08-27 01:01:57.189 [main] INFO  o.s.context.support.PostProcessorRegistrationDelegate$BeanPostProcessorChecker - Bean 'platformTransactionManagerCustomizers' of type [org.springframework.boot.autoconfigure.transaction.TransactionManagerCustomizers] is not eligible for getting processed by all BeanPostProcessors (for example: not eligible for auto-proxying)
2023-08-27 01:01:57.194 [main] INFO  o.s.context.support.PostProcessorRegistrationDelegate$BeanPostProcessorChecker - Bean 'transactionManager' of type [org.springframework.jdbc.datasource.DataSourceTransactionManager] is not eligible for getting processed by all BeanPostProcessors (for example: not eligible for auto-proxying)
2023-08-27 01:01:57.196 [main] INFO  o.s.context.support.PostProcessorRegistrationDelegate$BeanPostProcessorChecker - Bean 'transactionAdviceConfig' of type [cn.enterprisys.web.commons.config.TransactionAdviceConfig$$EnhancerBySpringCGLIB$$bc59d377] is not eligible for getting processed by all BeanPostProcessors (for example: not eligible for auto-proxying)
2023-08-27 01:01:57.200 [main] INFO  o.s.context.support.PostProcessorRegistrationDelegate$BeanPostProcessorChecker - Bean 'txAdvice' of type [org.springframework.transaction.interceptor.TransactionInterceptor] is not eligible for getting processed by all BeanPostProcessors (for example: not eligible for auto-proxying)
2023-08-27 01:01:57.201 [main] INFO  o.s.context.support.PostProcessorRegistrationDelegate$BeanPostProcessorChecker - Bean 'txAdviceAdvisor' of type [org.springframework.aop.support.DefaultPointcutAdvisor] is not eligible for getting processed by all BeanPostProcessors (for example: not eligible for auto-proxying)
2023-08-27 01:01:57.215 [main] INFO  o.s.context.support.PostProcessorRegistrationDelegate$BeanPostProcessorChecker - Bean 'org.springframework.security.config.annotation.configuration.ObjectPostProcessorConfiguration' of type [org.springframework.security.config.annotation.configuration.ObjectPostProcessorConfiguration] is not eligible for getting processed by all BeanPostProcessors (for example: not eligible for auto-proxying)
2023-08-27 01:01:57.229 [main] INFO  o.s.context.support.PostProcessorRegistrationDelegate$BeanPostProcessorChecker - Bean 'objectPostProcessor' of type [org.springframework.security.config.annotation.configuration.AutowireBeanFactoryObjectPostProcessor] is not eligible for getting processed by all BeanPostProcessors (for example: not eligible for auto-proxying)
2023-08-27 01:01:57.233 [main] INFO  o.s.context.support.PostProcessorRegistrationDelegate$BeanPostProcessorChecker - Bean 'org.springframework.security.access.expression.method.DefaultMethodSecurityExpressionHandler@113e13f9' of type [org.springframework.security.access.expression.method.DefaultMethodSecurityExpressionHandler] is not eligible for getting processed by all BeanPostProcessors (for example: not eligible for auto-proxying)
2023-08-27 01:01:57.235 [main] INFO  o.s.context.support.PostProcessorRegistrationDelegate$BeanPostProcessorChecker - Bean 'org.springframework.security.config.annotation.method.configuration.GlobalMethodSecurityConfiguration' of type [org.springframework.security.config.annotation.method.configuration.GlobalMethodSecurityConfiguration] is not eligible for getting processed by all BeanPostProcessors (for example: not eligible for auto-proxying)
2023-08-27 01:01:57.244 [main] INFO  o.s.context.support.PostProcessorRegistrationDelegate$BeanPostProcessorChecker - Bean 'methodSecurityMetadataSource' of type [org.springframework.security.access.method.DelegatingMethodSecurityMetadataSource] is not eligible for getting processed by all BeanPostProcessors (for example: not eligible for auto-proxying)
2023-08-27 01:01:57.545 [main] INFO  org.springframework.boot.web.embedded.tomcat.TomcatWebServer - Tomcat initialized with port(s): 8888 (http)
2023-08-27 01:01:57.555 [main] INFO  org.apache.coyote.http11.Http11NioProtocol - Initializing ProtocolHandler ["http-nio-8888"]
2023-08-27 01:01:57.555 [main] INFO  org.apache.catalina.core.StandardService - Starting service [Tomcat]
2023-08-27 01:01:57.555 [main] INFO  org.apache.catalina.core.StandardEngine - Starting Servlet engine: [Apache Tomcat/9.0.31]
2023-08-27 01:01:57.697 [main] INFO  org.apache.catalina.core.ContainerBase.[Tomcat].[localhost].[/nebula-web] - Initializing Spring embedded WebApplicationContext
2023-08-27 01:01:57.697 [main] INFO  org.springframework.web.context.ContextLoader - Root WebApplicationContext: initialization completed in 2957 ms
2023-08-27 01:01:58.272 [main] WARN  com.baomidou.mybatisplus.core.metadata.TableInfoHelper - Warn: Could not find @TableId in Class: cn.enterprisys.web.modules.sys.entity.SysRoleByMenu.
2023-08-27 01:01:59.358 [main] INFO  org.springframework.boot.web.servlet.RegistrationBean - Filter loginInterceptor was not registered (disabled)
2023-08-27 01:01:59.899 [main] WARN  com.baomidou.mybatisplus.core.metadata.TableInfoHelper - Warn: Could not find @TableId in Class: cn.enterprisys.web.modules.sys.entity.SysUserRole.
2023-08-27 01:02:00.264 [main] INFO  o.s.boot.autoconfigure.security.servlet.UserDetailsServiceAutoConfiguration - 

Using generated security password: 2d8172ee-44fa-4804-86c8-d87017e793ad

2023-08-27 01:02:00.325 [main] INFO  org.springframework.security.web.DefaultSecurityFilterChain - Creating filter chain: Ant [pattern='/{spring:^(static|druid|images|sign|druid|error)$}/**'], []
2023-08-27 01:02:00.325 [main] INFO  org.springframework.security.web.DefaultSecurityFilterChain - Creating filter chain: Ant [pattern='/**/{spring:^.*\.((?!html).)*$}'], []
2023-08-27 01:02:00.383 [main] INFO  org.springframework.security.web.DefaultSecurityFilterChain - Creating filter chain: any request, [org.springframework.security.web.context.request.async.WebAsyncManagerIntegrationFilter@6aff97d6, org.springframework.security.web.context.SecurityContextPersistenceFilter@16f15ae9, org.springframework.security.web.header.HeaderWriterFilter@1304e0d7, org.springframework.security.web.authentication.logout.LogoutFilter@45d4421d, cn.enterprisys.web.commons.interceptors.LoginInterceptor@7d97e06c, org.springframework.security.web.authentication.UsernamePasswordAuthenticationFilter@6af78a48, org.springframework.security.web.session.ConcurrentSessionFilter@23ee2ccf, org.springframework.security.web.savedrequest.RequestCacheAwareFilter@5d14e99e, org.springframework.security.web.servletapi.SecurityContextHolderAwareRequestFilter@40d96578, org.springframework.security.web.authentication.AnonymousAuthenticationFilter@1d60059f, org.springframework.security.web.session.SessionManagementFilter@7767bd4e, org.springframework.security.web.access.ExceptionTranslationFilter@3a3883c4, org.springframework.security.web.access.intercept.FilterSecurityInterceptor@1ec88aa1]
2023-08-27 01:02:00.418 [main] INFO  org.springframework.scheduling.concurrent.ThreadPoolTaskExecutor - Initializing ExecutorService 'clientInboundChannelExecutor'
2023-08-27 01:02:00.430 [main] INFO  org.springframework.scheduling.concurrent.ThreadPoolTaskExecutor - Initializing ExecutorService 'clientOutboundChannelExecutor'
2023-08-27 01:02:00.440 [main] INFO  org.springframework.scheduling.concurrent.ThreadPoolTaskScheduler - Initializing ExecutorService 'messageBrokerTaskScheduler'
2023-08-27 01:02:00.491 [main] INFO  org.springframework.scheduling.concurrent.ThreadPoolTaskExecutor - Initializing ExecutorService 'brokerChannelExecutor'
2023-08-27 01:02:00.800 [main] INFO  org.springframework.boot.autoconfigure.web.servlet.WelcomePageHandlerMapping - Adding welcome page template: index
2023-08-27 01:02:02.828 [main] INFO  io.lettuce.core.EpollProvider - Starting without optional epoll library
2023-08-27 01:02:02.832 [main] INFO  io.lettuce.core.KqueueProvider - Starting without optional kqueue library
2023-08-27 01:02:03.524 [main] INFO  org.springframework.messaging.simp.broker.SimpleBrokerMessageHandler - Starting...
2023-08-27 01:02:03.524 [main] INFO  org.springframework.messaging.simp.broker.SimpleBrokerMessageHandler - BrokerAvailabilityEvent[available=true, SimpleBrokerMessageHandler [DefaultSubscriptionRegistry[cache[0 destination(s)], registry[0 sessions]]]]
2023-08-27 01:02:03.526 [main] INFO  org.springframework.messaging.simp.broker.SimpleBrokerMessageHandler - Started.
2023-08-27 01:02:04.127 [main] INFO  org.apache.coyote.http11.Http11NioProtocol - Starting ProtocolHandler ["http-nio-8888"]
2023-08-27 01:02:04.138 [main] INFO  org.springframework.boot.web.embedded.tomcat.TomcatWebServer - Tomcat started on port(s): 8888 (http) with context path '/nebula-web'
2023-08-27 01:02:04.140 [main] INFO  cn.enterprisys.WebApplication - Started WebApplication in 10.404 seconds (JVM running for 12.218)
2023-08-27 01:02:09.551 [http-nio-8888-exec-1] INFO  org.apache.tomcat.util.http.parser.Cookie - A cookie header was received [1692845363,1692868770,1692926785] that contained an invalid cookie. That cookie will be ignored.
 Note: further occurrences of this error will be logged at DEBUG level.
2023-08-27 01:02:09.557 [http-nio-8888-exec-1] INFO  org.apache.catalina.core.ContainerBase.[Tomcat].[localhost].[/nebula-web] - Initializing Spring DispatcherServlet 'dispatcherServlet'
2023-08-27 01:02:09.557 [http-nio-8888-exec-1] INFO  org.springframework.web.servlet.DispatcherServlet - Initializing Servlet 'dispatcherServlet'
2023-08-27 01:02:09.566 [http-nio-8888-exec-1] INFO  org.springframework.web.servlet.DispatcherServlet - Completed initialization in 9 ms
2023-08-27 01:02:09.589 [http-nio-8888-exec-1] DEBUG cn.enterprisys.web.commons.interceptors.LoginInterceptor - 当前访问接口:/
2023-08-27 01:02:11.657 [http-nio-8888-exec-6] DEBUG cn.enterprisys.web.modules.sys.mapper.SysUserOperationLogMapper.insert - ==>  Preparing: INSERT INTO SYS_USER_OPERATION_LOG ( ID, USER_NAME, OPERATION_MODULE, OPERATION_TYPE, VISIT_METHOD, PARAMETERS, IP_ADDRESS, DURATION, OPERATION_TIME ) VALUES ( ?, ?, ?, ?, ?, ?, ?, ?, ? ) 
2023-08-27 01:02:11.811 [http-nio-8888-exec-6] DEBUG cn.enterprisys.web.modules.sys.mapper.SysUserOperationLogMapper.insert - ==> Parameters: 377719237b9b93e04fc64e35e283d6c6(String), Anonymous(String), 登录模块(String), 登录验证码(String), captcha(String), {}(String), 127.0.0.1(String), 1031(Long), 2023-08-27T01:02:11.582(LocalDateTime)
2023-08-27 01:02:11.857 [http-nio-8888-exec-6] DEBUG cn.enterprisys.web.modules.sys.mapper.SysUserOperationLogMapper.insert - <==    Updates: 1
2023-08-27 01:02:50.009 [SpringContextShutdownHook] INFO  org.springframework.messaging.simp.broker.SimpleBrokerMessageHandler - Stopping...
2023-08-27 01:02:50.009 [SpringContextShutdownHook] INFO  org.springframework.messaging.simp.broker.SimpleBrokerMessageHandler - BrokerAvailabilityEvent[available=false, SimpleBrokerMessageHandler [DefaultSubscriptionRegistry[cache[0 destination(s)], registry[0 sessions]]]]
2023-08-27 01:02:50.009 [SpringContextShutdownHook] INFO  org.springframework.messaging.simp.broker.SimpleBrokerMessageHandler - Stopped.
2023-08-27 01:02:50.016 [SpringContextShutdownHook] INFO  org.springframework.scheduling.concurrent.ThreadPoolTaskExecutor - Shutting down ExecutorService 'brokerChannelExecutor'
2023-08-27 01:02:50.016 [SpringContextShutdownHook] INFO  org.springframework.scheduling.concurrent.ThreadPoolTaskScheduler - Shutting down ExecutorService 'messageBrokerTaskScheduler'
2023-08-27 01:02:50.017 [SpringContextShutdownHook] INFO  org.springframework.scheduling.concurrent.ThreadPoolTaskExecutor - Shutting down ExecutorService 'clientOutboundChannelExecutor'
2023-08-27 01:02:50.017 [SpringContextShutdownHook] INFO  org.springframework.scheduling.concurrent.ThreadPoolTaskExecutor - Shutting down ExecutorService 'clientInboundChannelExecutor'
2023-08-27 01:02:50.135 [SpringContextShutdownHook] INFO  com.alibaba.druid.pool.DruidDataSource - {dataSource-1} closing ...
2023-08-27 01:02:50.141 [SpringContextShutdownHook] INFO  com.alibaba.druid.pool.DruidDataSource - {dataSource-1} closed
2023-08-27 01:02:57.865 [main] INFO  cn.enterprisys.WebApplication - Starting WebApplication on LAPTOP-J40OTHIL with PID 7140 (D:\Users\lenovo\Desktop\class\Java\code\enterprisys-web\web\target\classes started by lenovo in D:\Users\lenovo\Desktop\class\Java\code\enterprisys-web)
2023-08-27 01:02:57.868 [main] DEBUG cn.enterprisys.WebApplication - Running with Spring Boot v2.2.5.RELEASE, Spring v5.2.4.RELEASE
2023-08-27 01:02:57.869 [main] INFO  cn.enterprisys.WebApplication - The following profiles are active: dev
2023-08-27 01:02:59.046 [main] INFO  org.springframework.data.repository.config.RepositoryConfigurationDelegate - Multiple Spring Data modules found, entering strict repository configuration mode!
2023-08-27 01:02:59.048 [main] INFO  org.springframework.data.repository.config.RepositoryConfigurationDelegate - Bootstrapping Spring Data Redis repositories in DEFAULT mode.
2023-08-27 01:02:59.149 [main] INFO  org.springframework.data.repository.config.RepositoryConfigurationDelegate - Finished Spring Data repository scanning in 87ms. Found 0 Redis repository interfaces.
2023-08-27 01:02:59.750 [main] INFO  o.s.context.support.PostProcessorRegistrationDelegate$BeanPostProcessorChecker - Bean 'org.springframework.boot.autoconfigure.jdbc.DataSourceTransactionManagerAutoConfiguration$DataSourceTransactionManagerConfiguration' of type [org.springframework.boot.autoconfigure.jdbc.DataSourceTransactionManagerAutoConfiguration$DataSourceTransactionManagerConfiguration] is not eligible for getting processed by all BeanPostProcessors (for example: not eligible for auto-proxying)
2023-08-27 01:02:59.752 [main] INFO  o.s.context.support.PostProcessorRegistrationDelegate$BeanPostProcessorChecker - Bean 'com.alibaba.druid.spring.boot.autoconfigure.DruidDataSourceAutoConfigure' of type [com.alibaba.druid.spring.boot.autoconfigure.DruidDataSourceAutoConfigure$$EnhancerBySpringCGLIB$$d47d5b85] is not eligible for getting processed by all BeanPostProcessors (for example: not eligible for auto-proxying)
2023-08-27 01:02:59.758 [main] INFO  com.alibaba.druid.spring.boot.autoconfigure.DruidDataSourceAutoConfigure - Init DruidDataSource
2023-08-27 01:02:59.817 [main] INFO  o.s.context.support.PostProcessorRegistrationDelegate$BeanPostProcessorChecker - Bean 'spring.datasource-org.springframework.boot.autoconfigure.jdbc.DataSourceProperties' of type [org.springframework.boot.autoconfigure.jdbc.DataSourceProperties] is not eligible for getting processed by all BeanPostProcessors (for example: not eligible for auto-proxying)
2023-08-27 01:02:59.824 [main] INFO  o.s.context.support.PostProcessorRegistrationDelegate$BeanPostProcessorChecker - Bean 'com.alibaba.druid.spring.boot.autoconfigure.stat.DruidFilterConfiguration' of type [com.alibaba.druid.spring.boot.autoconfigure.stat.DruidFilterConfiguration] is not eligible for getting processed by all BeanPostProcessors (for example: not eligible for auto-proxying)
2023-08-27 01:02:59.851 [main] INFO  o.s.context.support.PostProcessorRegistrationDelegate$BeanPostProcessorChecker - Bean 'statFilter' of type [com.alibaba.druid.filter.stat.StatFilter] is not eligible for getting processed by all BeanPostProcessors (for example: not eligible for auto-proxying)
2023-08-27 01:02:59.981 [main] INFO  o.s.context.support.PostProcessorRegistrationDelegate$BeanPostProcessorChecker - Bean 'wallConfig' of type [com.alibaba.druid.wall.WallConfig] is not eligible for getting processed by all BeanPostProcessors (for example: not eligible for auto-proxying)
2023-08-27 01:03:00.000 [main] INFO  o.s.context.support.PostProcessorRegistrationDelegate$BeanPostProcessorChecker - Bean 'wallFilter' of type [com.alibaba.druid.wall.WallFilter] is not eligible for getting processed by all BeanPostProcessors (for example: not eligible for auto-proxying)
2023-08-27 01:03:00.095 [main] INFO  com.alibaba.druid.pool.DruidDataSource - {dataSource-1} inited
2023-08-27 01:03:00.095 [main] INFO  o.s.context.support.PostProcessorRegistrationDelegate$BeanPostProcessorChecker - Bean 'dataSource' of type [com.alibaba.druid.spring.boot.autoconfigure.DruidDataSourceWrapper] is not eligible for getting processed by all BeanPostProcessors (for example: not eligible for auto-proxying)
2023-08-27 01:03:00.128 [main] INFO  o.s.context.support.PostProcessorRegistrationDelegate$BeanPostProcessorChecker - Bean 'org.springframework.boot.autoconfigure.jdbc.DataSourceInitializerInvoker' of type [org.springframework.boot.autoconfigure.jdbc.DataSourceInitializerInvoker] is not eligible for getting processed by all BeanPostProcessors (for example: not eligible for auto-proxying)
2023-08-27 01:03:00.134 [main] INFO  o.s.context.support.PostProcessorRegistrationDelegate$BeanPostProcessorChecker - Bean 'org.springframework.boot.autoconfigure.transaction.TransactionAutoConfiguration' of type [org.springframework.boot.autoconfigure.transaction.TransactionAutoConfiguration] is not eligible for getting processed by all BeanPostProcessors (for example: not eligible for auto-proxying)
2023-08-27 01:03:00.140 [main] INFO  o.s.context.support.PostProcessorRegistrationDelegate$BeanPostProcessorChecker - Bean 'spring.transaction-org.springframework.boot.autoconfigure.transaction.TransactionProperties' of type [org.springframework.boot.autoconfigure.transaction.TransactionProperties] is not eligible for getting processed by all BeanPostProcessors (for example: not eligible for auto-proxying)
2023-08-27 01:03:00.142 [main] INFO  o.s.context.support.PostProcessorRegistrationDelegate$BeanPostProcessorChecker - Bean 'platformTransactionManagerCustomizers' of type [org.springframework.boot.autoconfigure.transaction.TransactionManagerCustomizers] is not eligible for getting processed by all BeanPostProcessors (for example: not eligible for auto-proxying)
2023-08-27 01:03:00.147 [main] INFO  o.s.context.support.PostProcessorRegistrationDelegate$BeanPostProcessorChecker - Bean 'transactionManager' of type [org.springframework.jdbc.datasource.DataSourceTransactionManager] is not eligible for getting processed by all BeanPostProcessors (for example: not eligible for auto-proxying)
2023-08-27 01:03:00.149 [main] INFO  o.s.context.support.PostProcessorRegistrationDelegate$BeanPostProcessorChecker - Bean 'transactionAdviceConfig' of type [cn.enterprisys.web.commons.config.TransactionAdviceConfig$$EnhancerBySpringCGLIB$$da4a0fb7] is not eligible for getting processed by all BeanPostProcessors (for example: not eligible for auto-proxying)
2023-08-27 01:03:00.153 [main] INFO  o.s.context.support.PostProcessorRegistrationDelegate$BeanPostProcessorChecker - Bean 'txAdvice' of type [org.springframework.transaction.interceptor.TransactionInterceptor] is not eligible for getting processed by all BeanPostProcessors (for example: not eligible for auto-proxying)
2023-08-27 01:03:00.153 [main] INFO  o.s.context.support.PostProcessorRegistrationDelegate$BeanPostProcessorChecker - Bean 'txAdviceAdvisor' of type [org.springframework.aop.support.DefaultPointcutAdvisor] is not eligible for getting processed by all BeanPostProcessors (for example: not eligible for auto-proxying)
2023-08-27 01:03:00.168 [main] INFO  o.s.context.support.PostProcessorRegistrationDelegate$BeanPostProcessorChecker - Bean 'org.springframework.security.config.annotation.configuration.ObjectPostProcessorConfiguration' of type [org.springframework.security.config.annotation.configuration.ObjectPostProcessorConfiguration] is not eligible for getting processed by all BeanPostProcessors (for example: not eligible for auto-proxying)
2023-08-27 01:03:00.181 [main] INFO  o.s.context.support.PostProcessorRegistrationDelegate$BeanPostProcessorChecker - Bean 'objectPostProcessor' of type [org.springframework.security.config.annotation.configuration.AutowireBeanFactoryObjectPostProcessor] is not eligible for getting processed by all BeanPostProcessors (for example: not eligible for auto-proxying)
2023-08-27 01:03:00.185 [main] INFO  o.s.context.support.PostProcessorRegistrationDelegate$BeanPostProcessorChecker - Bean 'org.springframework.security.access.expression.method.DefaultMethodSecurityExpressionHandler@743e66f7' of type [org.springframework.security.access.expression.method.DefaultMethodSecurityExpressionHandler] is not eligible for getting processed by all BeanPostProcessors (for example: not eligible for auto-proxying)
2023-08-27 01:03:00.186 [main] INFO  o.s.context.support.PostProcessorRegistrationDelegate$BeanPostProcessorChecker - Bean 'org.springframework.security.config.annotation.method.configuration.GlobalMethodSecurityConfiguration' of type [org.springframework.security.config.annotation.method.configuration.GlobalMethodSecurityConfiguration] is not eligible for getting processed by all BeanPostProcessors (for example: not eligible for auto-proxying)
2023-08-27 01:03:00.193 [main] INFO  o.s.context.support.PostProcessorRegistrationDelegate$BeanPostProcessorChecker - Bean 'methodSecurityMetadataSource' of type [org.springframework.security.access.method.DelegatingMethodSecurityMetadataSource] is not eligible for getting processed by all BeanPostProcessors (for example: not eligible for auto-proxying)
2023-08-27 01:03:00.588 [main] INFO  org.springframework.boot.web.embedded.tomcat.TomcatWebServer - Tomcat initialized with port(s): 8888 (http)
2023-08-27 01:03:00.602 [main] INFO  org.apache.coyote.http11.Http11NioProtocol - Initializing ProtocolHandler ["http-nio-8888"]
2023-08-27 01:03:00.602 [main] INFO  org.apache.catalina.core.StandardService - Starting service [Tomcat]
2023-08-27 01:03:00.602 [main] INFO  org.apache.catalina.core.StandardEngine - Starting Servlet engine: [Apache Tomcat/9.0.31]
2023-08-27 01:03:00.766 [main] INFO  org.apache.catalina.core.ContainerBase.[Tomcat].[localhost].[/nebula-web] - Initializing Spring embedded WebApplicationContext
2023-08-27 01:03:00.766 [main] INFO  org.springframework.web.context.ContextLoader - Root WebApplicationContext: initialization completed in 2782 ms
2023-08-27 01:03:01.473 [main] WARN  com.baomidou.mybatisplus.core.metadata.TableInfoHelper - Warn: Could not find @TableId in Class: cn.enterprisys.web.modules.sys.entity.SysRoleByMenu.
2023-08-27 01:03:02.546 [main] INFO  org.springframework.boot.web.servlet.RegistrationBean - Filter loginInterceptor was not registered (disabled)
2023-08-27 01:03:03.048 [main] WARN  com.baomidou.mybatisplus.core.metadata.TableInfoHelper - Warn: Could not find @TableId in Class: cn.enterprisys.web.modules.sys.entity.SysUserRole.
2023-08-27 01:03:03.397 [main] INFO  o.s.boot.autoconfigure.security.servlet.UserDetailsServiceAutoConfiguration - 

Using generated security password: cf3150e3-875c-435b-a125-02c14390a1a4

2023-08-27 01:03:03.447 [main] INFO  org.springframework.security.web.DefaultSecurityFilterChain - Creating filter chain: Ant [pattern='/{spring:^(static|druid|images|sign|druid|error)$}/**'], []
2023-08-27 01:03:03.447 [main] INFO  org.springframework.security.web.DefaultSecurityFilterChain - Creating filter chain: Ant [pattern='/**/{spring:^.*\.((?!html).)*$}'], []
2023-08-27 01:03:03.504 [main] INFO  org.springframework.security.web.DefaultSecurityFilterChain - Creating filter chain: any request, [org.springframework.security.web.context.request.async.WebAsyncManagerIntegrationFilter@3e6748ae, org.springframework.security.web.context.SecurityContextPersistenceFilter@71789580, org.springframework.security.web.header.HeaderWriterFilter@787178b1, org.springframework.security.web.authentication.logout.LogoutFilter@283ab206, cn.enterprisys.web.commons.interceptors.LoginInterceptor@3238e2aa, org.springframework.security.web.authentication.UsernamePasswordAuthenticationFilter@3dfd7eaa, org.springframework.security.web.session.ConcurrentSessionFilter@1304e0d7, org.springframework.security.web.savedrequest.RequestCacheAwareFilter@7d25913, org.springframework.security.web.servletapi.SecurityContextHolderAwareRequestFilter@40a1b6d4, org.springframework.security.web.authentication.AnonymousAuthenticationFilter@28f154cc, org.springframework.security.web.session.SessionManagementFilter@27da994b, org.springframework.security.web.access.ExceptionTranslationFilter@96abc76, org.springframework.security.web.access.intercept.FilterSecurityInterceptor@5fe46d52]
2023-08-27 01:03:03.533 [main] INFO  org.springframework.scheduling.concurrent.ThreadPoolTaskExecutor - Initializing ExecutorService 'clientInboundChannelExecutor'
2023-08-27 01:03:03.544 [main] INFO  org.springframework.scheduling.concurrent.ThreadPoolTaskExecutor - Initializing ExecutorService 'clientOutboundChannelExecutor'
2023-08-27 01:03:03.554 [main] INFO  org.springframework.scheduling.concurrent.ThreadPoolTaskScheduler - Initializing ExecutorService 'messageBrokerTaskScheduler'
2023-08-27 01:03:03.600 [main] INFO  org.springframework.scheduling.concurrent.ThreadPoolTaskExecutor - Initializing ExecutorService 'brokerChannelExecutor'
2023-08-27 01:03:03.918 [main] INFO  org.springframework.boot.autoconfigure.web.servlet.WelcomePageHandlerMapping - Adding welcome page template: index
2023-08-27 01:03:04.995 [main] INFO  io.lettuce.core.EpollProvider - Starting without optional epoll library
2023-08-27 01:03:04.996 [main] INFO  io.lettuce.core.KqueueProvider - Starting without optional kqueue library
2023-08-27 01:03:05.495 [main] INFO  org.springframework.messaging.simp.broker.SimpleBrokerMessageHandler - Starting...
2023-08-27 01:03:05.495 [main] INFO  org.springframework.messaging.simp.broker.SimpleBrokerMessageHandler - BrokerAvailabilityEvent[available=true, SimpleBrokerMessageHandler [DefaultSubscriptionRegistry[cache[0 destination(s)], registry[0 sessions]]]]
2023-08-27 01:03:05.496 [main] INFO  org.springframework.messaging.simp.broker.SimpleBrokerMessageHandler - Started.
2023-08-27 01:03:06.096 [main] INFO  org.apache.coyote.http11.Http11NioProtocol - Starting ProtocolHandler ["http-nio-8888"]
2023-08-27 01:03:06.107 [main] INFO  org.springframework.boot.web.embedded.tomcat.TomcatWebServer - Tomcat started on port(s): 8888 (http) with context path '/nebula-web'
2023-08-27 01:03:06.109 [main] INFO  cn.enterprisys.WebApplication - Started WebApplication in 8.831 seconds (JVM running for 10.141)
2023-08-27 01:03:16.548 [http-nio-8888-exec-1] INFO  org.apache.tomcat.util.http.parser.Cookie - A cookie header was received [1692845363,1692868770,1692926785] that contained an invalid cookie. That cookie will be ignored.
 Note: further occurrences of this error will be logged at DEBUG level.
2023-08-27 01:03:16.560 [http-nio-8888-exec-1] INFO  org.apache.catalina.core.ContainerBase.[Tomcat].[localhost].[/nebula-web] - Initializing Spring DispatcherServlet 'dispatcherServlet'
2023-08-27 01:03:16.560 [http-nio-8888-exec-1] INFO  org.springframework.web.servlet.DispatcherServlet - Initializing Servlet 'dispatcherServlet'
2023-08-27 01:03:16.571 [http-nio-8888-exec-1] INFO  org.springframework.web.servlet.DispatcherServlet - Completed initialization in 11 ms
2023-08-27 01:03:18.326 [http-nio-8888-exec-3] DEBUG cn.enterprisys.web.modules.sys.mapper.SysUserOperationLogMapper.insert - ==>  Preparing: INSERT INTO SYS_USER_OPERATION_LOG ( ID, USER_NAME, OPERATION_MODULE, OPERATION_TYPE, VISIT_METHOD, PARAMETERS, IP_ADDRESS, DURATION, OPERATION_TIME ) VALUES ( ?, ?, ?, ?, ?, ?, ?, ?, ? ) 
2023-08-27 01:03:18.438 [http-nio-8888-exec-3] DEBUG cn.enterprisys.web.modules.sys.mapper.SysUserOperationLogMapper.insert - ==> Parameters: a5cc4620a21c6c00c25a88d9cb5dd5c1(String), Anonymous(String), 登录模块(String), 登录验证码(String), captcha(String), {}(String), 127.0.0.1(String), 843(Long), 2023-08-27T01:03:18.274(LocalDateTime)
2023-08-27 01:03:18.444 [http-nio-8888-exec-3] DEBUG cn.enterprisys.web.modules.sys.mapper.SysUserOperationLogMapper.insert - <==    Updates: 1
2023-08-27 01:04:03.611 [MessageBroker-2] INFO  org.springframework.web.socket.config.WebSocketMessageBrokerStats - WebSocketSession[0 current WS(0)-HttpStream(0)-HttpPoll(0), 0 total, 0 closed abnormally (0 connect failure, 0 send limit, 0 transport error)], stompSubProtocol[processed CONNECT(0)-CONNECTED(0)-DISCONNECT(0)], stompBrokerRelay[null], inboundChannel[pool size = 0, active threads = 0, queued tasks = 0, completed tasks = 0], outboundChannel[pool size = 0, active threads = 0, queued tasks = 0, completed tasks = 0], sockJsScheduler[pool size = 3, active threads = 1, queued tasks = 1, completed tasks = 1]
2023-08-27 01:06:31.484 [SpringContextShutdownHook] INFO  org.springframework.messaging.simp.broker.SimpleBrokerMessageHandler - Stopping...
2023-08-27 01:06:31.485 [SpringContextShutdownHook] INFO  org.springframework.messaging.simp.broker.SimpleBrokerMessageHandler - BrokerAvailabilityEvent[available=false, SimpleBrokerMessageHandler [DefaultSubscriptionRegistry[cache[0 destination(s)], registry[0 sessions]]]]
2023-08-27 01:06:31.485 [SpringContextShutdownHook] INFO  org.springframework.messaging.simp.broker.SimpleBrokerMessageHandler - Stopped.
2023-08-27 01:06:31.492 [SpringContextShutdownHook] INFO  org.springframework.scheduling.concurrent.ThreadPoolTaskExecutor - Shutting down ExecutorService 'brokerChannelExecutor'
2023-08-27 01:06:31.493 [SpringContextShutdownHook] INFO  org.springframework.scheduling.concurrent.ThreadPoolTaskScheduler - Shutting down ExecutorService 'messageBrokerTaskScheduler'
2023-08-27 01:06:31.493 [SpringContextShutdownHook] INFO  org.springframework.scheduling.concurrent.ThreadPoolTaskExecutor - Shutting down ExecutorService 'clientOutboundChannelExecutor'
2023-08-27 01:06:31.493 [SpringContextShutdownHook] INFO  org.springframework.scheduling.concurrent.ThreadPoolTaskExecutor - Shutting down ExecutorService 'clientInboundChannelExecutor'
2023-08-27 01:06:31.619 [SpringContextShutdownHook] INFO  com.alibaba.druid.pool.DruidDataSource - {dataSource-1} closing ...
2023-08-27 01:06:31.622 [SpringContextShutdownHook] INFO  com.alibaba.druid.pool.DruidDataSource - {dataSource-1} closed
2023-08-27 01:06:39.849 [main] INFO  cn.enterprisys.WebApplication - Starting WebApplication on LAPTOP-J40OTHIL with PID 11100 (D:\Users\lenovo\Desktop\class\Java\code\enterprisys-web\web\target\classes started by lenovo in D:\Users\lenovo\Desktop\class\Java\code\enterprisys-web)
2023-08-27 01:06:39.852 [main] DEBUG cn.enterprisys.WebApplication - Running with Spring Boot v2.2.5.RELEASE, Spring v5.2.4.RELEASE
2023-08-27 01:06:39.852 [main] INFO  cn.enterprisys.WebApplication - The following profiles are active: dev
2023-08-27 01:06:40.894 [main] INFO  org.springframework.data.repository.config.RepositoryConfigurationDelegate - Multiple Spring Data modules found, entering strict repository configuration mode!
2023-08-27 01:06:40.896 [main] INFO  org.springframework.data.repository.config.RepositoryConfigurationDelegate - Bootstrapping Spring Data Redis repositories in DEFAULT mode.
2023-08-27 01:06:40.994 [main] INFO  org.springframework.data.repository.config.RepositoryConfigurationDelegate - Finished Spring Data repository scanning in 85ms. Found 0 Redis repository interfaces.
2023-08-27 01:06:41.600 [main] INFO  o.s.context.support.PostProcessorRegistrationDelegate$BeanPostProcessorChecker - Bean 'org.springframework.boot.autoconfigure.jdbc.DataSourceTransactionManagerAutoConfiguration$DataSourceTransactionManagerConfiguration' of type [org.springframework.boot.autoconfigure.jdbc.DataSourceTransactionManagerAutoConfiguration$DataSourceTransactionManagerConfiguration] is not eligible for getting processed by all BeanPostProcessors (for example: not eligible for auto-proxying)
2023-08-27 01:06:41.602 [main] INFO  o.s.context.support.PostProcessorRegistrationDelegate$BeanPostProcessorChecker - Bean 'com.alibaba.druid.spring.boot.autoconfigure.DruidDataSourceAutoConfigure' of type [com.alibaba.druid.spring.boot.autoconfigure.DruidDataSourceAutoConfigure$$EnhancerBySpringCGLIB$$b0e64161] is not eligible for getting processed by all BeanPostProcessors (for example: not eligible for auto-proxying)
2023-08-27 01:06:41.607 [main] INFO  com.alibaba.druid.spring.boot.autoconfigure.DruidDataSourceAutoConfigure - Init DruidDataSource
2023-08-27 01:06:41.667 [main] INFO  o.s.context.support.PostProcessorRegistrationDelegate$BeanPostProcessorChecker - Bean 'spring.datasource-org.springframework.boot.autoconfigure.jdbc.DataSourceProperties' of type [org.springframework.boot.autoconfigure.jdbc.DataSourceProperties] is not eligible for getting processed by all BeanPostProcessors (for example: not eligible for auto-proxying)
2023-08-27 01:06:41.674 [main] INFO  o.s.context.support.PostProcessorRegistrationDelegate$BeanPostProcessorChecker - Bean 'com.alibaba.druid.spring.boot.autoconfigure.stat.DruidFilterConfiguration' of type [com.alibaba.druid.spring.boot.autoconfigure.stat.DruidFilterConfiguration] is not eligible for getting processed by all BeanPostProcessors (for example: not eligible for auto-proxying)
2023-08-27 01:06:41.697 [main] INFO  o.s.context.support.PostProcessorRegistrationDelegate$BeanPostProcessorChecker - Bean 'statFilter' of type [com.alibaba.druid.filter.stat.StatFilter] is not eligible for getting processed by all BeanPostProcessors (for example: not eligible for auto-proxying)
2023-08-27 01:06:41.827 [main] INFO  o.s.context.support.PostProcessorRegistrationDelegate$BeanPostProcessorChecker - Bean 'wallConfig' of type [com.alibaba.druid.wall.WallConfig] is not eligible for getting processed by all BeanPostProcessors (for example: not eligible for auto-proxying)
2023-08-27 01:06:41.845 [main] INFO  o.s.context.support.PostProcessorRegistrationDelegate$BeanPostProcessorChecker - Bean 'wallFilter' of type [com.alibaba.druid.wall.WallFilter] is not eligible for getting processed by all BeanPostProcessors (for example: not eligible for auto-proxying)
2023-08-27 01:06:41.937 [main] INFO  com.alibaba.druid.pool.DruidDataSource - {dataSource-1} inited
2023-08-27 01:06:41.937 [main] INFO  o.s.context.support.PostProcessorRegistrationDelegate$BeanPostProcessorChecker - Bean 'dataSource' of type [com.alibaba.druid.spring.boot.autoconfigure.DruidDataSourceWrapper] is not eligible for getting processed by all BeanPostProcessors (for example: not eligible for auto-proxying)
2023-08-27 01:06:41.972 [main] INFO  o.s.context.support.PostProcessorRegistrationDelegate$BeanPostProcessorChecker - Bean 'org.springframework.boot.autoconfigure.jdbc.DataSourceInitializerInvoker' of type [org.springframework.boot.autoconfigure.jdbc.DataSourceInitializerInvoker] is not eligible for getting processed by all BeanPostProcessors (for example: not eligible for auto-proxying)
2023-08-27 01:06:41.978 [main] INFO  o.s.context.support.PostProcessorRegistrationDelegate$BeanPostProcessorChecker - Bean 'org.springframework.boot.autoconfigure.transaction.TransactionAutoConfiguration' of type [org.springframework.boot.autoconfigure.transaction.TransactionAutoConfiguration] is not eligible for getting processed by all BeanPostProcessors (for example: not eligible for auto-proxying)
2023-08-27 01:06:41.984 [main] INFO  o.s.context.support.PostProcessorRegistrationDelegate$BeanPostProcessorChecker - Bean 'spring.transaction-org.springframework.boot.autoconfigure.transaction.TransactionProperties' of type [org.springframework.boot.autoconfigure.transaction.TransactionProperties] is not eligible for getting processed by all BeanPostProcessors (for example: not eligible for auto-proxying)
2023-08-27 01:06:41.986 [main] INFO  o.s.context.support.PostProcessorRegistrationDelegate$BeanPostProcessorChecker - Bean 'platformTransactionManagerCustomizers' of type [org.springframework.boot.autoconfigure.transaction.TransactionManagerCustomizers] is not eligible for getting processed by all BeanPostProcessors (for example: not eligible for auto-proxying)
2023-08-27 01:06:41.991 [main] INFO  o.s.context.support.PostProcessorRegistrationDelegate$BeanPostProcessorChecker - Bean 'transactionManager' of type [org.springframework.jdbc.datasource.DataSourceTransactionManager] is not eligible for getting processed by all BeanPostProcessors (for example: not eligible for auto-proxying)
2023-08-27 01:06:41.993 [main] INFO  o.s.context.support.PostProcessorRegistrationDelegate$BeanPostProcessorChecker - Bean 'transactionAdviceConfig' of type [cn.enterprisys.web.commons.config.TransactionAdviceConfig$$EnhancerBySpringCGLIB$$b6b2f593] is not eligible for getting processed by all BeanPostProcessors (for example: not eligible for auto-proxying)
2023-08-27 01:06:41.997 [main] INFO  o.s.context.support.PostProcessorRegistrationDelegate$BeanPostProcessorChecker - Bean 'txAdvice' of type [org.springframework.transaction.interceptor.TransactionInterceptor] is not eligible for getting processed by all BeanPostProcessors (for example: not eligible for auto-proxying)
2023-08-27 01:06:41.997 [main] INFO  o.s.context.support.PostProcessorRegistrationDelegate$BeanPostProcessorChecker - Bean 'txAdviceAdvisor' of type [org.springframework.aop.support.DefaultPointcutAdvisor] is not eligible for getting processed by all BeanPostProcessors (for example: not eligible for auto-proxying)
2023-08-27 01:06:42.010 [main] INFO  o.s.context.support.PostProcessorRegistrationDelegate$BeanPostProcessorChecker - Bean 'org.springframework.security.config.annotation.configuration.ObjectPostProcessorConfiguration' of type [org.springframework.security.config.annotation.configuration.ObjectPostProcessorConfiguration] is not eligible for getting processed by all BeanPostProcessors (for example: not eligible for auto-proxying)
2023-08-27 01:06:42.023 [main] INFO  o.s.context.support.PostProcessorRegistrationDelegate$BeanPostProcessorChecker - Bean 'objectPostProcessor' of type [org.springframework.security.config.annotation.configuration.AutowireBeanFactoryObjectPostProcessor] is not eligible for getting processed by all BeanPostProcessors (for example: not eligible for auto-proxying)
2023-08-27 01:06:42.027 [main] INFO  o.s.context.support.PostProcessorRegistrationDelegate$BeanPostProcessorChecker - Bean 'org.springframework.security.access.expression.method.DefaultMethodSecurityExpressionHandler@5300cac' of type [org.springframework.security.access.expression.method.DefaultMethodSecurityExpressionHandler] is not eligible for getting processed by all BeanPostProcessors (for example: not eligible for auto-proxying)
2023-08-27 01:06:42.029 [main] INFO  o.s.context.support.PostProcessorRegistrationDelegate$BeanPostProcessorChecker - Bean 'org.springframework.security.config.annotation.method.configuration.GlobalMethodSecurityConfiguration' of type [org.springframework.security.config.annotation.method.configuration.GlobalMethodSecurityConfiguration] is not eligible for getting processed by all BeanPostProcessors (for example: not eligible for auto-proxying)
2023-08-27 01:06:42.035 [main] INFO  o.s.context.support.PostProcessorRegistrationDelegate$BeanPostProcessorChecker - Bean 'methodSecurityMetadataSource' of type [org.springframework.security.access.method.DelegatingMethodSecurityMetadataSource] is not eligible for getting processed by all BeanPostProcessors (for example: not eligible for auto-proxying)
2023-08-27 01:06:42.370 [main] INFO  org.springframework.boot.web.embedded.tomcat.TomcatWebServer - Tomcat initialized with port(s): 8888 (http)
2023-08-27 01:06:42.380 [main] INFO  org.apache.coyote.http11.Http11NioProtocol - Initializing ProtocolHandler ["http-nio-8888"]
2023-08-27 01:06:42.380 [main] INFO  org.apache.catalina.core.StandardService - Starting service [Tomcat]
2023-08-27 01:06:42.381 [main] INFO  org.apache.catalina.core.StandardEngine - Starting Servlet engine: [Apache Tomcat/9.0.31]
2023-08-27 01:06:42.528 [main] INFO  org.apache.catalina.core.ContainerBase.[Tomcat].[localhost].[/nebula-web] - Initializing Spring embedded WebApplicationContext
2023-08-27 01:06:42.528 [main] INFO  org.springframework.web.context.ContextLoader - Root WebApplicationContext: initialization completed in 2621 ms
2023-08-27 01:06:43.156 [main] WARN  com.baomidou.mybatisplus.core.metadata.TableInfoHelper - Warn: Could not find @TableId in Class: cn.enterprisys.web.modules.sys.entity.SysRoleByMenu.
2023-08-27 01:06:44.231 [main] INFO  org.springframework.boot.web.servlet.RegistrationBean - Filter loginInterceptor was not registered (disabled)
2023-08-27 01:06:44.739 [main] WARN  com.baomidou.mybatisplus.core.metadata.TableInfoHelper - Warn: Could not find @TableId in Class: cn.enterprisys.web.modules.sys.entity.SysUserRole.
2023-08-27 01:06:45.077 [main] INFO  o.s.boot.autoconfigure.security.servlet.UserDetailsServiceAutoConfiguration - 

Using generated security password: 1d39352e-694c-446a-934c-4eb7ef9cd1bd

2023-08-27 01:06:45.137 [main] INFO  org.springframework.security.web.DefaultSecurityFilterChain - Creating filter chain: Ant [pattern='/{spring:^(static|druid|images|sign|druid|error)$}/**'], []
2023-08-27 01:06:45.137 [main] INFO  org.springframework.security.web.DefaultSecurityFilterChain - Creating filter chain: Ant [pattern='/**/{spring:^.*\.((?!html).)*$}'], []
2023-08-27 01:06:45.192 [main] INFO  org.springframework.security.web.DefaultSecurityFilterChain - Creating filter chain: any request, [org.springframework.security.web.context.request.async.WebAsyncManagerIntegrationFilter@401e02b4, org.springframework.security.web.context.SecurityContextPersistenceFilter@6af78a48, org.springframework.security.web.header.HeaderWriterFilter@4c7d7430, org.springframework.security.web.authentication.logout.LogoutFilter@1e92c3b6, cn.enterprisys.web.commons.interceptors.LoginInterceptor@1bf14704, org.springframework.security.web.authentication.UsernamePasswordAuthenticationFilter@59328218, org.springframework.security.web.session.ConcurrentSessionFilter@7c9beb51, org.springframework.security.web.savedrequest.RequestCacheAwareFilter@1d60059f, org.springframework.security.web.servletapi.SecurityContextHolderAwareRequestFilter@5463f035, org.springframework.security.web.authentication.AnonymousAuthenticationFilter@164d01ba, org.springframework.security.web.session.SessionManagementFilter@74123110, org.springframework.security.web.access.ExceptionTranslationFilter@2f15a964, org.springframework.security.web.access.intercept.FilterSecurityInterceptor@2776fd8f]
2023-08-27 01:06:45.223 [main] INFO  org.springframework.scheduling.concurrent.ThreadPoolTaskExecutor - Initializing ExecutorService 'clientInboundChannelExecutor'
2023-08-27 01:06:45.236 [main] INFO  org.springframework.scheduling.concurrent.ThreadPoolTaskExecutor - Initializing ExecutorService 'clientOutboundChannelExecutor'
2023-08-27 01:06:45.246 [main] INFO  org.springframework.scheduling.concurrent.ThreadPoolTaskScheduler - Initializing ExecutorService 'messageBrokerTaskScheduler'
2023-08-27 01:06:45.292 [main] INFO  org.springframework.scheduling.concurrent.ThreadPoolTaskExecutor - Initializing ExecutorService 'brokerChannelExecutor'
2023-08-27 01:06:45.640 [main] INFO  org.springframework.boot.autoconfigure.web.servlet.WelcomePageHandlerMapping - Adding welcome page template: index
2023-08-27 01:06:46.774 [main] INFO  io.lettuce.core.EpollProvider - Starting without optional epoll library
2023-08-27 01:06:46.776 [main] INFO  io.lettuce.core.KqueueProvider - Starting without optional kqueue library
2023-08-27 01:06:47.283 [main] INFO  org.springframework.messaging.simp.broker.SimpleBrokerMessageHandler - Starting...
2023-08-27 01:06:47.283 [main] INFO  org.springframework.messaging.simp.broker.SimpleBrokerMessageHandler - BrokerAvailabilityEvent[available=true, SimpleBrokerMessageHandler [DefaultSubscriptionRegistry[cache[0 destination(s)], registry[0 sessions]]]]
2023-08-27 01:06:47.285 [main] INFO  org.springframework.messaging.simp.broker.SimpleBrokerMessageHandler - Started.
2023-08-27 01:06:47.890 [main] INFO  org.apache.coyote.http11.Http11NioProtocol - Starting ProtocolHandler ["http-nio-8888"]
2023-08-27 01:06:47.903 [main] INFO  org.springframework.boot.web.embedded.tomcat.TomcatWebServer - Tomcat started on port(s): 8888 (http) with context path '/nebula-web'
2023-08-27 01:06:47.905 [main] INFO  cn.enterprisys.WebApplication - Started WebApplication in 8.759 seconds (JVM running for 10.511)
2023-08-27 01:06:52.581 [http-nio-8888-exec-1] INFO  org.apache.tomcat.util.http.parser.Cookie - A cookie header was received [1692845363,1692868770,1692926785] that contained an invalid cookie. That cookie will be ignored.
 Note: further occurrences of this error will be logged at DEBUG level.
2023-08-27 01:06:52.587 [http-nio-8888-exec-1] INFO  org.apache.catalina.core.ContainerBase.[Tomcat].[localhost].[/nebula-web] - Initializing Spring DispatcherServlet 'dispatcherServlet'
2023-08-27 01:06:52.588 [http-nio-8888-exec-1] INFO  org.springframework.web.servlet.DispatcherServlet - Initializing Servlet 'dispatcherServlet'
2023-08-27 01:06:52.596 [http-nio-8888-exec-1] INFO  org.springframework.web.servlet.DispatcherServlet - Completed initialization in 8 ms
2023-08-27 01:06:54.006 [http-nio-8888-exec-5] DEBUG cn.enterprisys.web.modules.sys.mapper.SysUserOperationLogMapper.insert - ==>  Preparing: INSERT INTO SYS_USER_OPERATION_LOG ( ID, USER_NAME, OPERATION_MODULE, OPERATION_TYPE, VISIT_METHOD, PARAMETERS, IP_ADDRESS, DURATION, OPERATION_TIME ) VALUES ( ?, ?, ?, ?, ?, ?, ?, ?, ? ) 
2023-08-27 01:06:54.115 [http-nio-8888-exec-5] DEBUG cn.enterprisys.web.modules.sys.mapper.SysUserOperationLogMapper.insert - ==> Parameters: 1fa87ea58fc3872c677bed331915deee(String), Anonymous(String), 登录模块(String), 登录验证码(String), captcha(String), {}(String), 127.0.0.1(String), 616(Long), 2023-08-27T01:06:53.954(LocalDateTime)
2023-08-27 01:06:54.121 [http-nio-8888-exec-5] DEBUG cn.enterprisys.web.modules.sys.mapper.SysUserOperationLogMapper.insert - <==    Updates: 1
2023-08-27 01:07:06.858 [SpringContextShutdownHook] INFO  org.springframework.messaging.simp.broker.SimpleBrokerMessageHandler - Stopping...
2023-08-27 01:07:06.858 [SpringContextShutdownHook] INFO  org.springframework.messaging.simp.broker.SimpleBrokerMessageHandler - BrokerAvailabilityEvent[available=false, SimpleBrokerMessageHandler [DefaultSubscriptionRegistry[cache[0 destination(s)], registry[0 sessions]]]]
2023-08-27 01:07:06.858 [SpringContextShutdownHook] INFO  org.springframework.messaging.simp.broker.SimpleBrokerMessageHandler - Stopped.
2023-08-27 01:07:06.877 [SpringContextShutdownHook] INFO  org.springframework.scheduling.concurrent.ThreadPoolTaskExecutor - Shutting down ExecutorService 'brokerChannelExecutor'
2023-08-27 01:07:06.878 [SpringContextShutdownHook] INFO  org.springframework.scheduling.concurrent.ThreadPoolTaskScheduler - Shutting down ExecutorService 'messageBrokerTaskScheduler'
2023-08-27 01:07:06.879 [SpringContextShutdownHook] INFO  org.springframework.scheduling.concurrent.ThreadPoolTaskExecutor - Shutting down ExecutorService 'clientOutboundChannelExecutor'
2023-08-27 01:07:06.879 [SpringContextShutdownHook] INFO  org.springframework.scheduling.concurrent.ThreadPoolTaskExecutor - Shutting down ExecutorService 'clientInboundChannelExecutor'
2023-08-27 01:07:07.050 [SpringContextShutdownHook] INFO  com.alibaba.druid.pool.DruidDataSource - {dataSource-1} closing ...
2023-08-27 01:07:07.058 [SpringContextShutdownHook] INFO  com.alibaba.druid.pool.DruidDataSource - {dataSource-1} closed
