2023-08-31 00:31:33.362 [springSessionRedisMessageListenerContainer-5] WARN  org.springframework.session.data.redis.RedisIndexedSessionRepository - Unable to publish SessionDestroyedEvent for session 095a0675-a4fe-4838-a1f9-712e64f55bb2
2023-08-31 00:32:02.635 [MessageBroker-4] INFO  org.springframework.web.socket.config.WebSocketMessageBrokerStats - WebSocketSession[0 current WS(0)-HttpStream(0)-HttpPoll(0), 0 total, 0 closed abnormally (0 connect failure, 0 send limit, 0 transport error)], stompSubProtocol[processed CONNECT(0)-CONNECTED(0)-DISCONNECT(0)], stompBrokerRelay[null], inboundChannel[pool size = 0, active threads = 0, queued tasks = 0, completed tasks = 0], outboundChannel[pool size = 0, active threads = 0, queued tasks = 0, completed tasks = 0], sockJsScheduler[pool size = 8, active threads = 2, queued tasks = 0, completed tasks = 22]
2023-08-31 00:37:12.579 [SpringContextShutdownHook] INFO  org.springframework.messaging.simp.broker.SimpleBrokerMessageHandler - Stopping...
2023-08-31 00:37:12.580 [SpringContextShutdownHook] INFO  org.springframework.messaging.simp.broker.SimpleBrokerMessageHandler - BrokerAvailabilityEvent[available=false, SimpleBrokerMessageHandler [DefaultSubscriptionRegistry[cache[0 destination(s)], registry[0 sessions]]]]
2023-08-31 00:37:12.580 [SpringContextShutdownHook] INFO  org.springframework.messaging.simp.broker.SimpleBrokerMessageHandler - Stopped.
2023-08-31 00:37:12.587 [SpringContextShutdownHook] INFO  org.springframework.scheduling.concurrent.ThreadPoolTaskExecutor - Shutting down ExecutorService 'brokerChannelExecutor'
2023-08-31 00:37:12.587 [SpringContextShutdownHook] INFO  org.springframework.scheduling.concurrent.ThreadPoolTaskScheduler - Shutting down ExecutorService 'messageBrokerTaskScheduler'
2023-08-31 00:37:12.588 [SpringContextShutdownHook] INFO  org.springframework.scheduling.concurrent.ThreadPoolTaskExecutor - Shutting down ExecutorService 'clientOutboundChannelExecutor'
2023-08-31 00:37:12.588 [SpringContextShutdownHook] INFO  org.springframework.scheduling.concurrent.ThreadPoolTaskExecutor - Shutting down ExecutorService 'clientInboundChannelExecutor'
2023-08-31 00:37:12.712 [SpringContextShutdownHook] INFO  com.alibaba.druid.pool.DruidDataSource - {dataSource-1} closing ...
2023-08-31 00:37:12.715 [SpringContextShutdownHook] INFO  com.alibaba.druid.pool.DruidDataSource - {dataSource-1} closed
2023-08-31 00:37:19.875 [main] INFO  cn.enterprisys.WebApplication - Starting WebApplication on LAPTOP-J40OTHIL with PID 11996 (D:\Users\lenovo\Desktop\class\Java\code\enterprisys-web\web\target\classes started by lenovo in D:\Users\lenovo\Desktop\class\Java\code\enterprisys-web)
2023-08-31 00:37:19.878 [main] DEBUG cn.enterprisys.WebApplication - Running with Spring Boot v2.2.5.RELEASE, Spring v5.2.4.RELEASE
2023-08-31 00:37:19.878 [main] INFO  cn.enterprisys.WebApplication - The following profiles are active: dev
2023-08-31 00:37:20.782 [main] INFO  org.springframework.data.repository.config.RepositoryConfigurationDelegate - Multiple Spring Data modules found, entering strict repository configuration mode!
2023-08-31 00:37:20.784 [main] INFO  org.springframework.data.repository.config.RepositoryConfigurationDelegate - Bootstrapping Spring Data Redis repositories in DEFAULT mode.
2023-08-31 00:37:20.872 [main] INFO  org.springframework.data.repository.config.RepositoryConfigurationDelegate - Finished Spring Data repository scanning in 75ms. Found 0 Redis repository interfaces.
2023-08-31 00:37:21.366 [main] INFO  o.s.context.support.PostProcessorRegistrationDelegate$BeanPostProcessorChecker - Bean 'org.springframework.boot.autoconfigure.jdbc.DataSourceTransactionManagerAutoConfiguration$DataSourceTransactionManagerConfiguration' of type [org.springframework.boot.autoconfigure.jdbc.DataSourceTransactionManagerAutoConfiguration$DataSourceTransactionManagerConfiguration] is not eligible for getting processed by all BeanPostProcessors (for example: not eligible for auto-proxying)
2023-08-31 00:37:21.368 [main] INFO  o.s.context.support.PostProcessorRegistrationDelegate$BeanPostProcessorChecker - Bean 'com.alibaba.druid.spring.boot.autoconfigure.DruidDataSourceAutoConfigure' of type [com.alibaba.druid.spring.boot.autoconfigure.DruidDataSourceAutoConfigure$$EnhancerBySpringCGLIB$$d69b3b23] is not eligible for getting processed by all BeanPostProcessors (for example: not eligible for auto-proxying)
2023-08-31 00:37:21.374 [main] INFO  com.alibaba.druid.spring.boot.autoconfigure.DruidDataSourceAutoConfigure - Init DruidDataSource
2023-08-31 00:37:21.424 [main] INFO  o.s.context.support.PostProcessorRegistrationDelegate$BeanPostProcessorChecker - Bean 'spring.datasource-org.springframework.boot.autoconfigure.jdbc.DataSourceProperties' of type [org.springframework.boot.autoconfigure.jdbc.DataSourceProperties] is not eligible for getting processed by all BeanPostProcessors (for example: not eligible for auto-proxying)
2023-08-31 00:37:21.430 [main] INFO  o.s.context.support.PostProcessorRegistrationDelegate$BeanPostProcessorChecker - Bean 'com.alibaba.druid.spring.boot.autoconfigure.stat.DruidFilterConfiguration' of type [com.alibaba.druid.spring.boot.autoconfigure.stat.DruidFilterConfiguration] is not eligible for getting processed by all BeanPostProcessors (for example: not eligible for auto-proxying)
2023-08-31 00:37:21.450 [main] INFO  o.s.context.support.PostProcessorRegistrationDelegate$BeanPostProcessorChecker - Bean 'statFilter' of type [com.alibaba.druid.filter.stat.StatFilter] is not eligible for getting processed by all BeanPostProcessors (for example: not eligible for auto-proxying)
2023-08-31 00:37:21.518 [main] INFO  o.s.context.support.PostProcessorRegistrationDelegate$BeanPostProcessorChecker - Bean 'wallConfig' of type [com.alibaba.druid.wall.WallConfig] is not eligible for getting processed by all BeanPostProcessors (for example: not eligible for auto-proxying)
2023-08-31 00:37:21.533 [main] INFO  o.s.context.support.PostProcessorRegistrationDelegate$BeanPostProcessorChecker - Bean 'wallFilter' of type [com.alibaba.druid.wall.WallFilter] is not eligible for getting processed by all BeanPostProcessors (for example: not eligible for auto-proxying)
2023-08-31 00:37:21.679 [main] INFO  com.alibaba.druid.pool.DruidDataSource - {dataSource-1} inited
2023-08-31 00:37:21.680 [main] INFO  o.s.context.support.PostProcessorRegistrationDelegate$BeanPostProcessorChecker - Bean 'dataSource' of type [com.alibaba.druid.spring.boot.autoconfigure.DruidDataSourceWrapper] is not eligible for getting processed by all BeanPostProcessors (for example: not eligible for auto-proxying)
2023-08-31 00:37:21.715 [main] INFO  o.s.context.support.PostProcessorRegistrationDelegate$BeanPostProcessorChecker - Bean 'org.springframework.boot.autoconfigure.jdbc.DataSourceInitializerInvoker' of type [org.springframework.boot.autoconfigure.jdbc.DataSourceInitializerInvoker] is not eligible for getting processed by all BeanPostProcessors (for example: not eligible for auto-proxying)
2023-08-31 00:37:21.721 [main] INFO  o.s.context.support.PostProcessorRegistrationDelegate$BeanPostProcessorChecker - Bean 'org.springframework.boot.autoconfigure.transaction.TransactionAutoConfiguration' of type [org.springframework.boot.autoconfigure.transaction.TransactionAutoConfiguration] is not eligible for getting processed by all BeanPostProcessors (for example: not eligible for auto-proxying)
2023-08-31 00:37:21.726 [main] INFO  o.s.context.support.PostProcessorRegistrationDelegate$BeanPostProcessorChecker - Bean 'spring.transaction-org.springframework.boot.autoconfigure.transaction.TransactionProperties' of type [org.springframework.boot.autoconfigure.transaction.TransactionProperties] is not eligible for getting processed by all BeanPostProcessors (for example: not eligible for auto-proxying)
2023-08-31 00:37:21.728 [main] INFO  o.s.context.support.PostProcessorRegistrationDelegate$BeanPostProcessorChecker - Bean 'platformTransactionManagerCustomizers' of type [org.springframework.boot.autoconfigure.transaction.TransactionManagerCustomizers] is not eligible for getting processed by all BeanPostProcessors (for example: not eligible for auto-proxying)
2023-08-31 00:37:21.733 [main] INFO  o.s.context.support.PostProcessorRegistrationDelegate$BeanPostProcessorChecker - Bean 'transactionManager' of type [org.springframework.jdbc.datasource.DataSourceTransactionManager] is not eligible for getting processed by all BeanPostProcessors (for example: not eligible for auto-proxying)
2023-08-31 00:37:21.735 [main] INFO  o.s.context.support.PostProcessorRegistrationDelegate$BeanPostProcessorChecker - Bean 'transactionAdviceConfig' of type [cn.enterprisys.web.commons.config.TransactionAdviceConfig$$EnhancerBySpringCGLIB$$dc67ef55] is not eligible for getting processed by all BeanPostProcessors (for example: not eligible for auto-proxying)
2023-08-31 00:37:21.739 [main] INFO  o.s.context.support.PostProcessorRegistrationDelegate$BeanPostProcessorChecker - Bean 'txAdvice' of type [org.springframework.transaction.interceptor.TransactionInterceptor] is not eligible for getting processed by all BeanPostProcessors (for example: not eligible for auto-proxying)
2023-08-31 00:37:21.739 [main] INFO  o.s.context.support.PostProcessorRegistrationDelegate$BeanPostProcessorChecker - Bean 'txAdviceAdvisor' of type [org.springframework.aop.support.DefaultPointcutAdvisor] is not eligible for getting processed by all BeanPostProcessors (for example: not eligible for auto-proxying)
2023-08-31 00:37:21.751 [main] INFO  o.s.context.support.PostProcessorRegistrationDelegate$BeanPostProcessorChecker - Bean 'org.springframework.security.config.annotation.configuration.ObjectPostProcessorConfiguration' of type [org.springframework.security.config.annotation.configuration.ObjectPostProcessorConfiguration] is not eligible for getting processed by all BeanPostProcessors (for example: not eligible for auto-proxying)
2023-08-31 00:37:21.765 [main] INFO  o.s.context.support.PostProcessorRegistrationDelegate$BeanPostProcessorChecker - Bean 'objectPostProcessor' of type [org.springframework.security.config.annotation.configuration.AutowireBeanFactoryObjectPostProcessor] is not eligible for getting processed by all BeanPostProcessors (for example: not eligible for auto-proxying)
2023-08-31 00:37:21.769 [main] INFO  o.s.context.support.PostProcessorRegistrationDelegate$BeanPostProcessorChecker - Bean 'org.springframework.security.access.expression.method.DefaultMethodSecurityExpressionHandler@336206d8' of type [org.springframework.security.access.expression.method.DefaultMethodSecurityExpressionHandler] is not eligible for getting processed by all BeanPostProcessors (for example: not eligible for auto-proxying)
2023-08-31 00:37:21.771 [main] INFO  o.s.context.support.PostProcessorRegistrationDelegate$BeanPostProcessorChecker - Bean 'org.springframework.security.config.annotation.method.configuration.GlobalMethodSecurityConfiguration' of type [org.springframework.security.config.annotation.method.configuration.GlobalMethodSecurityConfiguration] is not eligible for getting processed by all BeanPostProcessors (for example: not eligible for auto-proxying)
2023-08-31 00:37:21.777 [main] INFO  o.s.context.support.PostProcessorRegistrationDelegate$BeanPostProcessorChecker - Bean 'methodSecurityMetadataSource' of type [org.springframework.security.access.method.DelegatingMethodSecurityMetadataSource] is not eligible for getting processed by all BeanPostProcessors (for example: not eligible for auto-proxying)
2023-08-31 00:37:22.044 [main] INFO  org.springframework.boot.web.embedded.tomcat.TomcatWebServer - Tomcat initialized with port(s): 8888 (http)
2023-08-31 00:37:22.052 [main] INFO  org.apache.coyote.http11.Http11NioProtocol - Initializing ProtocolHandler ["http-nio-8888"]
2023-08-31 00:37:22.053 [main] INFO  org.apache.catalina.core.StandardService - Starting service [Tomcat]
2023-08-31 00:37:22.053 [main] INFO  org.apache.catalina.core.StandardEngine - Starting Servlet engine: [Apache Tomcat/9.0.31]
2023-08-31 00:37:22.168 [main] INFO  org.apache.catalina.core.ContainerBase.[Tomcat].[localhost].[/nebula-web] - Initializing Spring embedded WebApplicationContext
2023-08-31 00:37:22.169 [main] INFO  org.springframework.web.context.ContextLoader - Root WebApplicationContext: initialization completed in 2201 ms
2023-08-31 00:37:22.619 [main] WARN  com.baomidou.mybatisplus.core.metadata.TableInfoHelper - Warn: Could not find @TableId in Class: cn.enterprisys.web.modules.sys.entity.SysRoleByMenu.
2023-08-31 00:37:23.469 [main] INFO  org.springframework.boot.web.servlet.RegistrationBean - Filter loginInterceptor was not registered (disabled)
2023-08-31 00:37:23.905 [main] WARN  com.baomidou.mybatisplus.core.metadata.TableInfoHelper - Warn: Could not find @TableId in Class: cn.enterprisys.web.modules.sys.entity.SysUserRole.
2023-08-31 00:37:24.339 [main] INFO  o.s.boot.autoconfigure.security.servlet.UserDetailsServiceAutoConfiguration - 

Using generated security password: 8afe9c90-d536-46d7-90b8-a032c73c0ec9

2023-08-31 00:37:24.407 [main] INFO  org.springframework.security.web.DefaultSecurityFilterChain - Creating filter chain: Ant [pattern='/{spring:^(static|druid|images|sign|druid|error)$}/**'], []
2023-08-31 00:37:24.407 [main] INFO  org.springframework.security.web.DefaultSecurityFilterChain - Creating filter chain: Ant [pattern='/**/{spring:^.*\.((?!html).)*$}'], []
2023-08-31 00:37:24.467 [main] INFO  org.springframework.security.web.DefaultSecurityFilterChain - Creating filter chain: any request, [org.springframework.security.web.context.request.async.WebAsyncManagerIntegrationFilter@27c53c32, org.springframework.security.web.context.SecurityContextPersistenceFilter@7d25913, org.springframework.security.web.header.HeaderWriterFilter@1537e43, org.springframework.security.web.authentication.logout.LogoutFilter@69f080ad, cn.enterprisys.web.commons.interceptors.LoginInterceptor@21263314, org.springframework.security.web.authentication.UsernamePasswordAuthenticationFilter@28f154cc, org.springframework.security.web.session.ConcurrentSessionFilter@5bf4764d, org.springframework.security.web.savedrequest.RequestCacheAwareFilter@2baf72d5, org.springframework.security.web.servletapi.SecurityContextHolderAwareRequestFilter@5f0f70c7, org.springframework.security.web.authentication.AnonymousAuthenticationFilter@68aec50, org.springframework.security.web.session.SessionManagementFilter@1304e0d7, org.springframework.security.web.access.ExceptionTranslationFilter@73e4bb60, org.springframework.security.web.access.intercept.FilterSecurityInterceptor@5f193335]
2023-08-31 00:37:24.497 [main] INFO  org.springframework.scheduling.concurrent.ThreadPoolTaskExecutor - Initializing ExecutorService 'clientInboundChannelExecutor'
2023-08-31 00:37:24.509 [main] INFO  org.springframework.scheduling.concurrent.ThreadPoolTaskExecutor - Initializing ExecutorService 'clientOutboundChannelExecutor'
2023-08-31 00:37:24.519 [main] INFO  org.springframework.scheduling.concurrent.ThreadPoolTaskScheduler - Initializing ExecutorService 'messageBrokerTaskScheduler'
2023-08-31 00:37:24.563 [main] INFO  org.springframework.scheduling.concurrent.ThreadPoolTaskExecutor - Initializing ExecutorService 'brokerChannelExecutor'
2023-08-31 00:37:24.807 [main] INFO  org.springframework.boot.autoconfigure.web.servlet.WelcomePageHandlerMapping - Adding welcome page template: index
2023-08-31 00:37:25.518 [main] INFO  io.lettuce.core.EpollProvider - Starting without optional epoll library
2023-08-31 00:37:25.519 [main] INFO  io.lettuce.core.KqueueProvider - Starting without optional kqueue library
2023-08-31 00:37:26.675 [main] INFO  org.springframework.messaging.simp.broker.SimpleBrokerMessageHandler - Starting...
2023-08-31 00:37:26.675 [main] INFO  org.springframework.messaging.simp.broker.SimpleBrokerMessageHandler - BrokerAvailabilityEvent[available=true, SimpleBrokerMessageHandler [DefaultSubscriptionRegistry[cache[0 destination(s)], registry[0 sessions]]]]
2023-08-31 00:37:26.679 [main] INFO  org.springframework.messaging.simp.broker.SimpleBrokerMessageHandler - Started.
2023-08-31 00:37:27.291 [main] INFO  org.apache.coyote.http11.Http11NioProtocol - Starting ProtocolHandler ["http-nio-8888"]
2023-08-31 00:37:27.303 [main] INFO  org.springframework.boot.web.embedded.tomcat.TomcatWebServer - Tomcat started on port(s): 8888 (http) with context path '/nebula-web'
2023-08-31 00:37:27.305 [main] INFO  cn.enterprisys.WebApplication - Started WebApplication in 8.088 seconds (JVM running for 9.125)
2023-08-31 00:37:32.301 [http-nio-8888-exec-1] INFO  org.apache.tomcat.util.http.parser.Cookie - A cookie header was received [1692926785,1693189088,1693404037] that contained an invalid cookie. That cookie will be ignored.
 Note: further occurrences of this error will be logged at DEBUG level.
2023-08-31 00:37:32.309 [http-nio-8888-exec-1] INFO  org.apache.catalina.core.ContainerBase.[Tomcat].[localhost].[/nebula-web] - Initializing Spring DispatcherServlet 'dispatcherServlet'
2023-08-31 00:37:32.309 [http-nio-8888-exec-1] INFO  org.springframework.web.servlet.DispatcherServlet - Initializing Servlet 'dispatcherServlet'
2023-08-31 00:37:32.322 [http-nio-8888-exec-1] INFO  org.springframework.web.servlet.DispatcherServlet - Completed initialization in 13 ms
2023-08-31 00:37:32.355 [http-nio-8888-exec-1] DEBUG cn.enterprisys.web.commons.interceptors.LoginInterceptor - 当前访问接口:/
2023-08-31 00:37:33.622 [http-nio-8888-exec-6] DEBUG cn.enterprisys.web.modules.sys.mapper.SysUserOperationLogMapper.insert - ==>  Preparing: INSERT INTO SYS_USER_OPERATION_LOG ( ID, USER_NAME, OPERATION_MODULE, OPERATION_TYPE, VISIT_METHOD, PARAMETERS, IP_ADDRESS, DURATION, OPERATION_TIME ) VALUES ( ?, ?, ?, ?, ?, ?, ?, ?, ? ) 
2023-08-31 00:37:33.704 [http-nio-8888-exec-6] DEBUG cn.enterprisys.web.modules.sys.mapper.SysUserOperationLogMapper.insert - ==> Parameters: 34f790bcba04910c42a75254502a7cd9(String), Anonymous(String), 登录模块(String), 登录验证码(String), captcha(String), {}(String), 127.0.0.1(String), 559(Long), 2023-08-31T00:37:33.577(LocalDateTime)
2023-08-31 00:37:33.713 [http-nio-8888-exec-6] DEBUG cn.enterprisys.web.modules.sys.mapper.SysUserOperationLogMapper.insert - <==    Updates: 1
2023-08-31 00:37:38.624 [http-nio-8888-exec-3] DEBUG cn.enterprisys.web.modules.sys.mapper.SysUserMapper.selectOne - ==>  Preparing: SELECT user_id,username,password,old_password,nick_name,phone,email,disable,login_status,create_user_id,create_time,update_time,delete_time,login_time,remark,dept_id FROM SYS_USER_INFO WHERE (username = ?) 
2023-08-31 00:37:38.643 [http-nio-8888-exec-3] DEBUG cn.enterprisys.web.modules.sys.mapper.SysUserMapper.selectOne - ==> Parameters: admin(String)
2023-08-31 00:37:38.662 [http-nio-8888-exec-3] DEBUG cn.enterprisys.web.modules.sys.mapper.SysUserMapper.selectOne - <==      Total: 1
2023-08-31 00:37:38.672 [http-nio-8888-exec-3] DEBUG cn.enterprisys.web.modules.sys.mapper.SysUserMapper.updateById - ==>  Preparing: UPDATE SYS_USER_INFO SET username=?, password=?, old_password=?, nick_name=?, phone=?, email=?, disable=?, login_status=?, create_user_id=?, create_time=?, update_time=?, delete_time=?, login_time=?, dept_id=? WHERE user_id=? 
2023-08-31 00:37:38.676 [http-nio-8888-exec-3] DEBUG cn.enterprisys.web.modules.sys.mapper.SysUserMapper.updateById - ==> Parameters: admin(String), 98124e2a4b96dc88ba01d49345f62a07(String), 98124e2a4b96dc88ba01d49345f62a07(String), admin(String), 13000001112(String), admin@163.com(String), 0(Integer), 0(Integer), (String), 2019-02-17T08:26:39(LocalDateTime), 2019-07-30T11:26:17(LocalDateTime), 2019-07-31T17:18:27(LocalDateTime), 2023-08-31T00:37:38.668(LocalDateTime), OR1200000703(String), 1115864462813077506(String)
2023-08-31 00:37:38.677 [http-nio-8888-exec-3] DEBUG cn.enterprisys.web.modules.sys.mapper.SysUserMapper.updateById - <==    Updates: 1
2023-08-31 00:37:38.680 [http-nio-8888-exec-3] DEBUG cn.enterprisys.web.modules.sys.mapper.SysUserLoginLogMapper.insert - ==>  Preparing: INSERT INTO SYS_USER_LOGIN_LOG ( ID, USER_NAME, LOGIN_TIME, IP_ADDRESS, DURATION ) VALUES ( ?, ?, ?, ?, ? ) 
2023-08-31 00:37:38.681 [http-nio-8888-exec-3] DEBUG cn.enterprisys.web.modules.sys.mapper.SysUserLoginLogMapper.insert - ==> Parameters: 6f625dbd28610505713c36d992121c5d(String), admin(String), 2023-08-31T00:37:38.594(LocalDateTime), 127.0.0.1(String), 0(Long)
2023-08-31 00:37:38.682 [http-nio-8888-exec-3] DEBUG cn.enterprisys.web.modules.sys.mapper.SysUserLoginLogMapper.insert - <==    Updates: 1
2023-08-31 00:37:38.687 [http-nio-8888-exec-3] DEBUG cn.enterprisys.web.modules.sys.mapper.SysUserOperationLogMapper.insert - ==>  Preparing: INSERT INTO SYS_USER_OPERATION_LOG ( ID, USER_NAME, OPERATION_MODULE, OPERATION_TYPE, VISIT_METHOD, PARAMETERS, IP_ADDRESS, DURATION, OPERATION_TIME ) VALUES ( ?, ?, ?, ?, ?, ?, ?, ?, ? ) 
2023-08-31 00:37:38.688 [http-nio-8888-exec-3] DEBUG cn.enterprisys.web.modules.sys.mapper.SysUserOperationLogMapper.insert - ==> Parameters: 995b7b581ca6892821cbb3d60211196c(String), admin(String), 登录模块(String), 用户登录(String), login(String), {}(String), 127.0.0.1(String), 141(Long), 2023-08-31T00:37:38.686(LocalDateTime)
2023-08-31 00:37:38.690 [http-nio-8888-exec-3] DEBUG cn.enterprisys.web.modules.sys.mapper.SysUserOperationLogMapper.insert - <==    Updates: 1
2023-08-31 00:37:38.733 [http-nio-8888-exec-8] DEBUG cn.enterprisys.web.commons.interceptors.LoginInterceptor - 当前访问接口:/
2023-08-31 00:37:38.734 [http-nio-8888-exec-8] DEBUG cn.enterprisys.web.modules.sys.mapper.SysUserMapper.selectById - ==>  Preparing: SELECT user_id,username,password,old_password,nick_name,phone,email,disable,login_status,create_user_id,create_time,update_time,delete_time,login_time,remark,dept_id FROM SYS_USER_INFO WHERE user_id=? 
2023-08-31 00:37:38.737 [http-nio-8888-exec-8] DEBUG cn.enterprisys.web.modules.sys.mapper.SysUserMapper.selectById - ==> Parameters: 1115864462813077506(String)
2023-08-31 00:37:38.739 [http-nio-8888-exec-8] DEBUG cn.enterprisys.web.modules.sys.mapper.SysUserMapper.selectById - <==      Total: 1
2023-08-31 00:37:38.753 [http-nio-8888-exec-8] DEBUG cn.enterprisys.web.modules.sys.mapper.SysMenuMapper.selectList - ==>  Preparing: SELECT menu_id,menu_name,parent_menu_code,menu_icon,menu_type,sort,menu_code,menu_url,authorization,disable FROM SYS_MENU_INFO ORDER BY SORT DESC 
2023-08-31 00:37:38.755 [http-nio-8888-exec-8] DEBUG cn.enterprisys.web.modules.sys.mapper.SysMenuMapper.selectList - ==> Parameters: 
2023-08-31 00:37:38.765 [http-nio-8888-exec-8] DEBUG cn.enterprisys.web.modules.sys.mapper.SysMenuMapper.selectList - <==      Total: 93
2023-08-31 00:37:38.783 [http-nio-8888-exec-8] DEBUG cn.enterprisys.web.modules.sys.mapper.SysMenuMapper.selectList - ==>  Preparing: SELECT menu_id,menu_name,parent_menu_code,menu_icon,menu_type,sort,menu_code,menu_url,authorization,disable FROM SYS_MENU_INFO ORDER BY SORT DESC 
2023-08-31 00:37:38.784 [http-nio-8888-exec-8] DEBUG cn.enterprisys.web.modules.sys.mapper.SysMenuMapper.selectList - ==> Parameters: 
2023-08-31 00:37:38.790 [http-nio-8888-exec-8] DEBUG cn.enterprisys.web.modules.sys.mapper.SysMenuMapper.selectList - <==      Total: 93
2023-08-31 00:37:38.930 [http-nio-8888-exec-7] DEBUG cn.enterprisys.web.commons.interceptors.LoginInterceptor - 当前访问接口:/main.html
2023-08-31 00:37:38.931 [http-nio-8888-exec-7] DEBUG cn.enterprisys.web.modules.sys.mapper.SysUserMapper.selectById - ==>  Preparing: SELECT user_id,username,password,old_password,nick_name,phone,email,disable,login_status,create_user_id,create_time,update_time,delete_time,login_time,remark,dept_id FROM SYS_USER_INFO WHERE user_id=? 
2023-08-31 00:37:38.931 [http-nio-8888-exec-7] DEBUG cn.enterprisys.web.modules.sys.mapper.SysUserMapper.selectById - ==> Parameters: 1115864462813077506(String)
2023-08-31 00:37:38.934 [http-nio-8888-exec-7] DEBUG cn.enterprisys.web.modules.sys.mapper.SysUserMapper.selectById - <==      Total: 1
2023-08-31 00:37:49.311 [http-nio-8888-exec-1] DEBUG cn.enterprisys.web.commons.interceptors.LoginInterceptor - 当前访问接口:/file/list.html
2023-08-31 00:37:49.314 [http-nio-8888-exec-1] DEBUG cn.enterprisys.web.modules.sys.mapper.SysUserMapper.selectById - ==>  Preparing: SELECT user_id,username,password,old_password,nick_name,phone,email,disable,login_status,create_user_id,create_time,update_time,delete_time,login_time,remark,dept_id FROM SYS_USER_INFO WHERE user_id=? 
2023-08-31 00:37:49.315 [http-nio-8888-exec-1] DEBUG cn.enterprisys.web.modules.sys.mapper.SysUserMapper.selectById - ==> Parameters: 1115864462813077506(String)
2023-08-31 00:37:49.316 [http-nio-8888-exec-1] DEBUG cn.enterprisys.web.modules.sys.mapper.SysUserMapper.selectById - <==      Total: 1
2023-08-31 00:37:50.221 [http-nio-8888-exec-3] DEBUG cn.enterprisys.web.commons.interceptors.LoginInterceptor - 当前访问接口:/gen/list.html
2023-08-31 00:37:50.221 [http-nio-8888-exec-3] DEBUG cn.enterprisys.web.modules.sys.mapper.SysUserMapper.selectById - ==>  Preparing: SELECT user_id,username,password,old_password,nick_name,phone,email,disable,login_status,create_user_id,create_time,update_time,delete_time,login_time,remark,dept_id FROM SYS_USER_INFO WHERE user_id=? 
2023-08-31 00:37:50.222 [http-nio-8888-exec-3] DEBUG cn.enterprisys.web.modules.sys.mapper.SysUserMapper.selectById - ==> Parameters: 1115864462813077506(String)
2023-08-31 00:37:50.223 [http-nio-8888-exec-3] DEBUG cn.enterprisys.web.modules.sys.mapper.SysUserMapper.selectById - <==      Total: 1
2023-08-31 00:37:50.476 [http-nio-8888-exec-9] DEBUG cn.enterprisys.web.commons.interceptors.LoginInterceptor - 当前访问接口:/select/noButton/menuTree
2023-08-31 00:37:50.476 [http-nio-8888-exec-9] DEBUG cn.enterprisys.web.modules.sys.mapper.SysUserMapper.selectById - ==>  Preparing: SELECT user_id,username,password,old_password,nick_name,phone,email,disable,login_status,create_user_id,create_time,update_time,delete_time,login_time,remark,dept_id FROM SYS_USER_INFO WHERE user_id=? 
2023-08-31 00:37:50.477 [http-nio-8888-exec-9] DEBUG cn.enterprisys.web.modules.sys.mapper.SysUserMapper.selectById - ==> Parameters: 1115864462813077506(String)
2023-08-31 00:37:50.478 [http-nio-8888-exec-9] DEBUG cn.enterprisys.web.modules.sys.mapper.SysUserMapper.selectById - <==      Total: 1
2023-08-31 00:37:50.489 [http-nio-8888-exec-9] DEBUG cn.enterprisys.web.modules.sys.mapper.SysMenuMapper.selectList - ==>  Preparing: SELECT menu_id,menu_name,parent_menu_code,menu_icon,menu_type,sort,menu_code,menu_url,authorization,disable FROM SYS_MENU_INFO WHERE (disable = ? AND menu_type NOT IN (?)) 
2023-08-31 00:37:50.491 [http-nio-8888-exec-9] DEBUG cn.enterprisys.web.modules.sys.mapper.SysMenuMapper.selectList - ==> Parameters: 0(Integer), 4(Integer)
2023-08-31 00:37:50.493 [http-nio-8888-exec-9] DEBUG cn.enterprisys.web.modules.sys.mapper.SysMenuMapper.selectList - <==      Total: 28
2023-08-31 00:38:24.563 [MessageBroker-2] INFO  org.springframework.web.socket.config.WebSocketMessageBrokerStats - WebSocketSession[0 current WS(0)-HttpStream(0)-HttpPoll(0), 0 total, 0 closed abnormally (0 connect failure, 0 send limit, 0 transport error)], stompSubProtocol[processed CONNECT(0)-CONNECTED(0)-DISCONNECT(0)], stompBrokerRelay[null], inboundChannel[pool size = 0, active threads = 0, queued tasks = 0, completed tasks = 0], outboundChannel[pool size = 0, active threads = 0, queued tasks = 0, completed tasks = 0], sockJsScheduler[pool size = 3, active threads = 1, queued tasks = 1, completed tasks = 1]
2023-08-31 00:43:22.757 [http-nio-8888-exec-3] DEBUG cn.enterprisys.web.commons.interceptors.LoginInterceptor - 当前访问接口:/line/list.html
2023-08-31 00:43:22.758 [http-nio-8888-exec-3] DEBUG cn.enterprisys.web.modules.sys.mapper.SysUserMapper.selectById - ==>  Preparing: SELECT user_id,username,password,old_password,nick_name,phone,email,disable,login_status,create_user_id,create_time,update_time,delete_time,login_time,remark,dept_id FROM SYS_USER_INFO WHERE user_id=? 
2023-08-31 00:43:22.759 [http-nio-8888-exec-3] DEBUG cn.enterprisys.web.modules.sys.mapper.SysUserMapper.selectById - ==> Parameters: 1115864462813077506(String)
2023-08-31 00:43:22.760 [http-nio-8888-exec-3] DEBUG cn.enterprisys.web.modules.sys.mapper.SysUserMapper.selectById - <==      Total: 1
2023-08-31 00:43:22.762 [http-nio-8888-exec-3] DEBUG cn.enterprisys.web.modules.sys.mapper.SysMenuMapper.selectList - ==>  Preparing: SELECT menu_id,menu_name,parent_menu_code,menu_icon,menu_type,sort,menu_code,menu_url,authorization,disable FROM SYS_MENU_INFO ORDER BY SORT DESC 
2023-08-31 00:43:22.763 [http-nio-8888-exec-3] DEBUG cn.enterprisys.web.modules.sys.mapper.SysMenuMapper.selectList - ==> Parameters: 
2023-08-31 00:43:22.767 [http-nio-8888-exec-3] DEBUG cn.enterprisys.web.modules.sys.mapper.SysMenuMapper.selectList - <==      Total: 93
2023-08-31 00:46:03.976 [http-nio-8888-exec-6] DEBUG cn.enterprisys.web.commons.interceptors.LoginInterceptor - 当前访问接口:/files/list.html
2023-08-31 00:46:03.977 [http-nio-8888-exec-6] DEBUG cn.enterprisys.web.modules.sys.mapper.SysUserMapper.selectById - ==>  Preparing: SELECT user_id,username,password,old_password,nick_name,phone,email,disable,login_status,create_user_id,create_time,update_time,delete_time,login_time,remark,dept_id FROM SYS_USER_INFO WHERE user_id=? 
2023-08-31 00:46:03.978 [http-nio-8888-exec-6] DEBUG cn.enterprisys.web.modules.sys.mapper.SysUserMapper.selectById - ==> Parameters: 1115864462813077506(String)
2023-08-31 00:46:03.979 [http-nio-8888-exec-6] DEBUG cn.enterprisys.web.modules.sys.mapper.SysUserMapper.selectById - <==      Total: 1
2023-08-31 00:46:04.154 [http-nio-8888-exec-7] DEBUG cn.enterprisys.web.commons.interceptors.LoginInterceptor - 当前访问接口:/files/list
2023-08-31 00:46:04.154 [http-nio-8888-exec-7] DEBUG cn.enterprisys.web.modules.sys.mapper.SysUserMapper.selectById - ==>  Preparing: SELECT user_id,username,password,old_password,nick_name,phone,email,disable,login_status,create_user_id,create_time,update_time,delete_time,login_time,remark,dept_id FROM SYS_USER_INFO WHERE user_id=? 
2023-08-31 00:46:04.155 [http-nio-8888-exec-7] DEBUG cn.enterprisys.web.modules.sys.mapper.SysUserMapper.selectById - ==> Parameters: 1115864462813077506(String)
2023-08-31 00:46:04.156 [http-nio-8888-exec-7] DEBUG cn.enterprisys.web.modules.sys.mapper.SysUserMapper.selectById - <==      Total: 1
2023-08-31 00:46:04.192 [http-nio-8888-exec-7] DEBUG cn.enterprisys.web.modules.sys.mapper.SysFilesMapper.selectPage - ==>  Preparing: SELECT COUNT(1) FROM ( SELECT ID,CREATE_TIME,DISABLE,UPDATE_TIME,FILE_KEY,HEIGHT,MEDIA_TYPE,NAME,PATH,FILE_SIZE,SUFFIX,THUMB_PATH,FILE_TYPE,WIDTH FROM SYS_FILES ) TOTAL 
2023-08-31 00:46:04.195 [http-nio-8888-exec-7] DEBUG cn.enterprisys.web.modules.sys.mapper.SysFilesMapper.selectPage - ==> Parameters: 
2023-08-31 00:46:04.216 [http-nio-8888-exec-7] DEBUG cn.enterprisys.web.modules.sys.mapper.SysFilesMapper.selectPage - ==>  Preparing: SELECT ID,CREATE_TIME,DISABLE,UPDATE_TIME,FILE_KEY,HEIGHT,MEDIA_TYPE,NAME,PATH,FILE_SIZE,SUFFIX,THUMB_PATH,FILE_TYPE,WIDTH FROM SYS_FILES LIMIT ?,? 
2023-08-31 00:46:04.218 [http-nio-8888-exec-7] DEBUG cn.enterprisys.web.modules.sys.mapper.SysFilesMapper.selectPage - ==> Parameters: 0(Long), 10(Long)
2023-08-31 00:46:04.219 [http-nio-8888-exec-7] DEBUG cn.enterprisys.web.modules.sys.mapper.SysFilesMapper.selectPage - <==      Total: 10
2023-08-31 00:49:15.401 [SpringContextShutdownHook] INFO  org.springframework.messaging.simp.broker.SimpleBrokerMessageHandler - Stopping...
2023-08-31 00:49:15.401 [SpringContextShutdownHook] INFO  org.springframework.messaging.simp.broker.SimpleBrokerMessageHandler - BrokerAvailabilityEvent[available=false, SimpleBrokerMessageHandler [DefaultSubscriptionRegistry[cache[0 destination(s)], registry[0 sessions]]]]
2023-08-31 00:49:15.402 [SpringContextShutdownHook] INFO  org.springframework.messaging.simp.broker.SimpleBrokerMessageHandler - Stopped.
2023-08-31 00:49:15.407 [SpringContextShutdownHook] INFO  org.springframework.scheduling.concurrent.ThreadPoolTaskExecutor - Shutting down ExecutorService 'brokerChannelExecutor'
2023-08-31 00:49:15.408 [SpringContextShutdownHook] INFO  org.springframework.scheduling.concurrent.ThreadPoolTaskScheduler - Shutting down ExecutorService 'messageBrokerTaskScheduler'
2023-08-31 00:49:15.408 [SpringContextShutdownHook] INFO  org.springframework.scheduling.concurrent.ThreadPoolTaskExecutor - Shutting down ExecutorService 'clientOutboundChannelExecutor'
2023-08-31 00:49:15.408 [SpringContextShutdownHook] INFO  org.springframework.scheduling.concurrent.ThreadPoolTaskExecutor - Shutting down ExecutorService 'clientInboundChannelExecutor'
2023-08-31 00:49:15.530 [SpringContextShutdownHook] INFO  com.alibaba.druid.pool.DruidDataSource - {dataSource-1} closing ...
2023-08-31 00:49:15.533 [SpringContextShutdownHook] INFO  com.alibaba.druid.pool.DruidDataSource - {dataSource-1} closed
2023-08-31 00:49:21.675 [main] INFO  cn.enterprisys.WebApplication - Starting WebApplication on LAPTOP-J40OTHIL with PID 2124 (D:\Users\lenovo\Desktop\class\Java\code\enterprisys-web\web\target\classes started by lenovo in D:\Users\lenovo\Desktop\class\Java\code\enterprisys-web)
2023-08-31 00:49:21.677 [main] DEBUG cn.enterprisys.WebApplication - Running with Spring Boot v2.2.5.RELEASE, Spring v5.2.4.RELEASE
2023-08-31 00:49:21.677 [main] INFO  cn.enterprisys.WebApplication - The following profiles are active: dev
2023-08-31 00:49:22.620 [main] INFO  org.springframework.data.repository.config.RepositoryConfigurationDelegate - Multiple Spring Data modules found, entering strict repository configuration mode!
2023-08-31 00:49:22.623 [main] INFO  org.springframework.data.repository.config.RepositoryConfigurationDelegate - Bootstrapping Spring Data Redis repositories in DEFAULT mode.
2023-08-31 00:49:22.734 [main] INFO  org.springframework.data.repository.config.RepositoryConfigurationDelegate - Finished Spring Data repository scanning in 93ms. Found 0 Redis repository interfaces.
2023-08-31 00:49:23.216 [main] INFO  o.s.context.support.PostProcessorRegistrationDelegate$BeanPostProcessorChecker - Bean 'org.springframework.boot.autoconfigure.jdbc.DataSourceTransactionManagerAutoConfiguration$DataSourceTransactionManagerConfiguration' of type [org.springframework.boot.autoconfigure.jdbc.DataSourceTransactionManagerAutoConfiguration$DataSourceTransactionManagerConfiguration] is not eligible for getting processed by all BeanPostProcessors (for example: not eligible for auto-proxying)
2023-08-31 00:49:23.218 [main] INFO  o.s.context.support.PostProcessorRegistrationDelegate$BeanPostProcessorChecker - Bean 'com.alibaba.druid.spring.boot.autoconfigure.DruidDataSourceAutoConfigure' of type [com.alibaba.druid.spring.boot.autoconfigure.DruidDataSourceAutoConfigure$$EnhancerBySpringCGLIB$$301878b9] is not eligible for getting processed by all BeanPostProcessors (for example: not eligible for auto-proxying)
2023-08-31 00:49:23.223 [main] INFO  com.alibaba.druid.spring.boot.autoconfigure.DruidDataSourceAutoConfigure - Init DruidDataSource
2023-08-31 00:49:23.269 [main] INFO  o.s.context.support.PostProcessorRegistrationDelegate$BeanPostProcessorChecker - Bean 'spring.datasource-org.springframework.boot.autoconfigure.jdbc.DataSourceProperties' of type [org.springframework.boot.autoconfigure.jdbc.DataSourceProperties] is not eligible for getting processed by all BeanPostProcessors (for example: not eligible for auto-proxying)
2023-08-31 00:49:23.275 [main] INFO  o.s.context.support.PostProcessorRegistrationDelegate$BeanPostProcessorChecker - Bean 'com.alibaba.druid.spring.boot.autoconfigure.stat.DruidFilterConfiguration' of type [com.alibaba.druid.spring.boot.autoconfigure.stat.DruidFilterConfiguration] is not eligible for getting processed by all BeanPostProcessors (for example: not eligible for auto-proxying)
2023-08-31 00:49:23.293 [main] INFO  o.s.context.support.PostProcessorRegistrationDelegate$BeanPostProcessorChecker - Bean 'statFilter' of type [com.alibaba.druid.filter.stat.StatFilter] is not eligible for getting processed by all BeanPostProcessors (for example: not eligible for auto-proxying)
2023-08-31 00:49:23.453 [main] INFO  o.s.context.support.PostProcessorRegistrationDelegate$BeanPostProcessorChecker - Bean 'wallConfig' of type [com.alibaba.druid.wall.WallConfig] is not eligible for getting processed by all BeanPostProcessors (for example: not eligible for auto-proxying)
2023-08-31 00:49:23.473 [main] INFO  o.s.context.support.PostProcessorRegistrationDelegate$BeanPostProcessorChecker - Bean 'wallFilter' of type [com.alibaba.druid.wall.WallFilter] is not eligible for getting processed by all BeanPostProcessors (for example: not eligible for auto-proxying)
2023-08-31 00:49:23.597 [main] INFO  com.alibaba.druid.pool.DruidDataSource - {dataSource-1} inited
2023-08-31 00:49:23.597 [main] INFO  o.s.context.support.PostProcessorRegistrationDelegate$BeanPostProcessorChecker - Bean 'dataSource' of type [com.alibaba.druid.spring.boot.autoconfigure.DruidDataSourceWrapper] is not eligible for getting processed by all BeanPostProcessors (for example: not eligible for auto-proxying)
2023-08-31 00:49:23.656 [main] INFO  o.s.context.support.PostProcessorRegistrationDelegate$BeanPostProcessorChecker - Bean 'org.springframework.boot.autoconfigure.jdbc.DataSourceInitializerInvoker' of type [org.springframework.boot.autoconfigure.jdbc.DataSourceInitializerInvoker] is not eligible for getting processed by all BeanPostProcessors (for example: not eligible for auto-proxying)
2023-08-31 00:49:23.665 [main] INFO  o.s.context.support.PostProcessorRegistrationDelegate$BeanPostProcessorChecker - Bean 'org.springframework.boot.autoconfigure.transaction.TransactionAutoConfiguration' of type [org.springframework.boot.autoconfigure.transaction.TransactionAutoConfiguration] is not eligible for getting processed by all BeanPostProcessors (for example: not eligible for auto-proxying)
2023-08-31 00:49:23.677 [main] INFO  o.s.context.support.PostProcessorRegistrationDelegate$BeanPostProcessorChecker - Bean 'spring.transaction-org.springframework.boot.autoconfigure.transaction.TransactionProperties' of type [org.springframework.boot.autoconfigure.transaction.TransactionProperties] is not eligible for getting processed by all BeanPostProcessors (for example: not eligible for auto-proxying)
2023-08-31 00:49:23.679 [main] INFO  o.s.context.support.PostProcessorRegistrationDelegate$BeanPostProcessorChecker - Bean 'platformTransactionManagerCustomizers' of type [org.springframework.boot.autoconfigure.transaction.TransactionManagerCustomizers] is not eligible for getting processed by all BeanPostProcessors (for example: not eligible for auto-proxying)
2023-08-31 00:49:23.690 [main] INFO  o.s.context.support.PostProcessorRegistrationDelegate$BeanPostProcessorChecker - Bean 'transactionManager' of type [org.springframework.jdbc.datasource.DataSourceTransactionManager] is not eligible for getting processed by all BeanPostProcessors (for example: not eligible for auto-proxying)
2023-08-31 00:49:23.692 [main] INFO  o.s.context.support.PostProcessorRegistrationDelegate$BeanPostProcessorChecker - Bean 'transactionAdviceConfig' of type [cn.enterprisys.web.commons.config.TransactionAdviceConfig$$EnhancerBySpringCGLIB$$35e52ceb] is not eligible for getting processed by all BeanPostProcessors (for example: not eligible for auto-proxying)
2023-08-31 00:49:23.700 [main] INFO  o.s.context.support.PostProcessorRegistrationDelegate$BeanPostProcessorChecker - Bean 'txAdvice' of type [org.springframework.transaction.interceptor.TransactionInterceptor] is not eligible for getting processed by all BeanPostProcessors (for example: not eligible for auto-proxying)
2023-08-31 00:49:23.700 [main] INFO  o.s.context.support.PostProcessorRegistrationDelegate$BeanPostProcessorChecker - Bean 'txAdviceAdvisor' of type [org.springframework.aop.support.DefaultPointcutAdvisor] is not eligible for getting processed by all BeanPostProcessors (for example: not eligible for auto-proxying)
2023-08-31 00:49:23.727 [main] INFO  o.s.context.support.PostProcessorRegistrationDelegate$BeanPostProcessorChecker - Bean 'org.springframework.security.config.annotation.configuration.ObjectPostProcessorConfiguration' of type [org.springframework.security.config.annotation.configuration.ObjectPostProcessorConfiguration] is not eligible for getting processed by all BeanPostProcessors (for example: not eligible for auto-proxying)
2023-08-31 00:49:23.744 [main] INFO  o.s.context.support.PostProcessorRegistrationDelegate$BeanPostProcessorChecker - Bean 'objectPostProcessor' of type [org.springframework.security.config.annotation.configuration.AutowireBeanFactoryObjectPostProcessor] is not eligible for getting processed by all BeanPostProcessors (for example: not eligible for auto-proxying)
2023-08-31 00:49:23.749 [main] INFO  o.s.context.support.PostProcessorRegistrationDelegate$BeanPostProcessorChecker - Bean 'org.springframework.security.access.expression.method.DefaultMethodSecurityExpressionHandler@304d0259' of type [org.springframework.security.access.expression.method.DefaultMethodSecurityExpressionHandler] is not eligible for getting processed by all BeanPostProcessors (for example: not eligible for auto-proxying)
2023-08-31 00:49:23.750 [main] INFO  o.s.context.support.PostProcessorRegistrationDelegate$BeanPostProcessorChecker - Bean 'org.springframework.security.config.annotation.method.configuration.GlobalMethodSecurityConfiguration' of type [org.springframework.security.config.annotation.method.configuration.GlobalMethodSecurityConfiguration] is not eligible for getting processed by all BeanPostProcessors (for example: not eligible for auto-proxying)
2023-08-31 00:49:23.757 [main] INFO  o.s.context.support.PostProcessorRegistrationDelegate$BeanPostProcessorChecker - Bean 'methodSecurityMetadataSource' of type [org.springframework.security.access.method.DelegatingMethodSecurityMetadataSource] is not eligible for getting processed by all BeanPostProcessors (for example: not eligible for auto-proxying)
2023-08-31 00:49:24.110 [main] INFO  org.springframework.boot.web.embedded.tomcat.TomcatWebServer - Tomcat initialized with port(s): 8888 (http)
2023-08-31 00:49:24.121 [main] INFO  org.apache.coyote.http11.Http11NioProtocol - Initializing ProtocolHandler ["http-nio-8888"]
2023-08-31 00:49:24.122 [main] INFO  org.apache.catalina.core.StandardService - Starting service [Tomcat]
2023-08-31 00:49:24.122 [main] INFO  org.apache.catalina.core.StandardEngine - Starting Servlet engine: [Apache Tomcat/9.0.31]
2023-08-31 00:49:24.258 [main] INFO  org.apache.catalina.core.ContainerBase.[Tomcat].[localhost].[/nebula-web] - Initializing Spring embedded WebApplicationContext
2023-08-31 00:49:24.258 [main] INFO  org.springframework.web.context.ContextLoader - Root WebApplicationContext: initialization completed in 2510 ms
2023-08-31 00:49:24.758 [main] WARN  com.baomidou.mybatisplus.core.metadata.TableInfoHelper - Warn: Could not find @TableId in Class: cn.enterprisys.web.modules.sys.entity.SysRoleByMenu.
2023-08-31 00:49:25.677 [main] INFO  org.springframework.boot.web.servlet.RegistrationBean - Filter loginInterceptor was not registered (disabled)
2023-08-31 00:49:26.104 [main] WARN  com.baomidou.mybatisplus.core.metadata.TableInfoHelper - Warn: Could not find @TableId in Class: cn.enterprisys.web.modules.sys.entity.SysUserRole.
2023-08-31 00:49:26.407 [main] INFO  o.s.boot.autoconfigure.security.servlet.UserDetailsServiceAutoConfiguration - 

Using generated security password: 3e30f9f3-27d2-4200-8a66-5b364e28fee7

2023-08-31 00:49:26.453 [main] INFO  org.springframework.security.web.DefaultSecurityFilterChain - Creating filter chain: Ant [pattern='/{spring:^(static|druid|images|sign|druid|error)$}/**'], []
2023-08-31 00:49:26.453 [main] INFO  org.springframework.security.web.DefaultSecurityFilterChain - Creating filter chain: Ant [pattern='/**/{spring:^.*\.((?!html).)*$}'], []
2023-08-31 00:49:26.503 [main] INFO  org.springframework.security.web.DefaultSecurityFilterChain - Creating filter chain: any request, [org.springframework.security.web.context.request.async.WebAsyncManagerIntegrationFilter@427308f8, org.springframework.security.web.context.SecurityContextPersistenceFilter@5c1b89ac, org.springframework.security.web.header.HeaderWriterFilter@7708b66a, org.springframework.security.web.authentication.logout.LogoutFilter@37314843, cn.enterprisys.web.commons.interceptors.LoginInterceptor@36b9cb99, org.springframework.security.web.authentication.UsernamePasswordAuthenticationFilter@783b3aa0, org.springframework.security.web.session.ConcurrentSessionFilter@5b0902b4, org.springframework.security.web.savedrequest.RequestCacheAwareFilter@25ad25f5, org.springframework.security.web.servletapi.SecurityContextHolderAwareRequestFilter@35fa450f, org.springframework.security.web.authentication.AnonymousAuthenticationFilter@54247647, org.springframework.security.web.session.SessionManagementFilter@4dd2ef54, org.springframework.security.web.access.ExceptionTranslationFilter@1304e0d7, org.springframework.security.web.access.intercept.FilterSecurityInterceptor@3030836d]
2023-08-31 00:49:26.542 [main] INFO  org.springframework.scheduling.concurrent.ThreadPoolTaskExecutor - Initializing ExecutorService 'clientInboundChannelExecutor'
2023-08-31 00:49:26.553 [main] INFO  org.springframework.scheduling.concurrent.ThreadPoolTaskExecutor - Initializing ExecutorService 'clientOutboundChannelExecutor'
2023-08-31 00:49:26.562 [main] INFO  org.springframework.scheduling.concurrent.ThreadPoolTaskScheduler - Initializing ExecutorService 'messageBrokerTaskScheduler'
2023-08-31 00:49:26.604 [main] INFO  org.springframework.scheduling.concurrent.ThreadPoolTaskExecutor - Initializing ExecutorService 'brokerChannelExecutor'
2023-08-31 00:49:26.865 [main] INFO  org.springframework.boot.autoconfigure.web.servlet.WelcomePageHandlerMapping - Adding welcome page template: index
2023-08-31 00:49:27.847 [main] INFO  io.lettuce.core.EpollProvider - Starting without optional epoll library
2023-08-31 00:49:27.849 [main] INFO  io.lettuce.core.KqueueProvider - Starting without optional kqueue library
2023-08-31 00:49:28.325 [main] INFO  org.springframework.messaging.simp.broker.SimpleBrokerMessageHandler - Starting...
2023-08-31 00:49:28.325 [main] INFO  org.springframework.messaging.simp.broker.SimpleBrokerMessageHandler - BrokerAvailabilityEvent[available=true, SimpleBrokerMessageHandler [DefaultSubscriptionRegistry[cache[0 destination(s)], registry[0 sessions]]]]
2023-08-31 00:49:28.326 [main] INFO  org.springframework.messaging.simp.broker.SimpleBrokerMessageHandler - Started.
2023-08-31 00:49:28.923 [main] INFO  org.apache.coyote.http11.Http11NioProtocol - Starting ProtocolHandler ["http-nio-8888"]
2023-08-31 00:49:28.933 [main] INFO  org.springframework.boot.web.embedded.tomcat.TomcatWebServer - Tomcat started on port(s): 8888 (http) with context path '/nebula-web'
2023-08-31 00:49:28.935 [main] INFO  cn.enterprisys.WebApplication - Started WebApplication in 7.622 seconds (JVM running for 8.305)
2023-08-31 00:49:31.411 [http-nio-8888-exec-1] INFO  org.apache.tomcat.util.http.parser.Cookie - A cookie header was received [1693189088,1693404037,1693413460; Hm_lpvt_d214947968792b839fd669a4decaaffc=1693413460] that contained an invalid cookie. That cookie will be ignored.
 Note: further occurrences of this error will be logged at DEBUG level.
2023-08-31 00:49:31.417 [http-nio-8888-exec-1] INFO  org.apache.catalina.core.ContainerBase.[Tomcat].[localhost].[/nebula-web] - Initializing Spring DispatcherServlet 'dispatcherServlet'
2023-08-31 00:49:31.417 [http-nio-8888-exec-1] INFO  org.springframework.web.servlet.DispatcherServlet - Initializing Servlet 'dispatcherServlet'
2023-08-31 00:49:31.425 [http-nio-8888-exec-1] INFO  org.springframework.web.servlet.DispatcherServlet - Completed initialization in 8 ms
2023-08-31 00:49:31.455 [http-nio-8888-exec-1] DEBUG cn.enterprisys.web.commons.interceptors.LoginInterceptor - 当前访问接口:/
2023-08-31 00:49:31.482 [http-nio-8888-exec-1] DEBUG cn.enterprisys.web.modules.sys.mapper.SysUserMapper.selectById - ==>  Preparing: SELECT user_id,username,password,old_password,nick_name,phone,email,disable,login_status,create_user_id,create_time,update_time,delete_time,login_time,remark,dept_id FROM SYS_USER_INFO WHERE user_id=? 
2023-08-31 00:49:31.565 [http-nio-8888-exec-1] DEBUG cn.enterprisys.web.modules.sys.mapper.SysUserMapper.selectById - ==> Parameters: 1115864462813077506(String)
2023-08-31 00:49:31.585 [http-nio-8888-exec-1] DEBUG cn.enterprisys.web.modules.sys.mapper.SysUserMapper.selectById - <==      Total: 1
2023-08-31 00:49:31.623 [http-nio-8888-exec-1] DEBUG cn.enterprisys.web.modules.sys.mapper.SysMenuMapper.selectList - ==>  Preparing: SELECT menu_id,menu_name,parent_menu_code,menu_icon,menu_type,sort,menu_code,menu_url,authorization,disable FROM SYS_MENU_INFO ORDER BY SORT DESC 
2023-08-31 00:49:31.625 [http-nio-8888-exec-1] DEBUG cn.enterprisys.web.modules.sys.mapper.SysMenuMapper.selectList - ==> Parameters: 
2023-08-31 00:49:31.636 [http-nio-8888-exec-1] DEBUG cn.enterprisys.web.modules.sys.mapper.SysMenuMapper.selectList - <==      Total: 93
2023-08-31 00:49:31.672 [http-nio-8888-exec-1] DEBUG cn.enterprisys.web.modules.sys.mapper.SysMenuMapper.selectList - ==>  Preparing: SELECT menu_id,menu_name,parent_menu_code,menu_icon,menu_type,sort,menu_code,menu_url,authorization,disable FROM SYS_MENU_INFO ORDER BY SORT DESC 
2023-08-31 00:49:31.672 [http-nio-8888-exec-1] DEBUG cn.enterprisys.web.modules.sys.mapper.SysMenuMapper.selectList - ==> Parameters: 
2023-08-31 00:49:31.678 [http-nio-8888-exec-1] DEBUG cn.enterprisys.web.modules.sys.mapper.SysMenuMapper.selectList - <==      Total: 93
2023-08-31 00:49:31.869 [http-nio-8888-exec-3] DEBUG cn.enterprisys.web.commons.interceptors.LoginInterceptor - 当前访问接口:/main.html
2023-08-31 00:49:31.870 [http-nio-8888-exec-3] DEBUG cn.enterprisys.web.modules.sys.mapper.SysUserMapper.selectById - ==>  Preparing: SELECT user_id,username,password,old_password,nick_name,phone,email,disable,login_status,create_user_id,create_time,update_time,delete_time,login_time,remark,dept_id FROM SYS_USER_INFO WHERE user_id=? 
2023-08-31 00:49:31.870 [http-nio-8888-exec-3] DEBUG cn.enterprisys.web.modules.sys.mapper.SysUserMapper.selectById - ==> Parameters: 1115864462813077506(String)
2023-08-31 00:49:31.871 [http-nio-8888-exec-3] DEBUG cn.enterprisys.web.modules.sys.mapper.SysUserMapper.selectById - <==      Total: 1
2023-08-31 00:49:35.594 [http-nio-8888-exec-10] DEBUG cn.enterprisys.web.commons.interceptors.LoginInterceptor - 当前访问接口:/gen/list.html
2023-08-31 00:49:35.599 [http-nio-8888-exec-10] DEBUG cn.enterprisys.web.modules.sys.mapper.SysUserMapper.selectById - ==>  Preparing: SELECT user_id,username,password,old_password,nick_name,phone,email,disable,login_status,create_user_id,create_time,update_time,delete_time,login_time,remark,dept_id FROM SYS_USER_INFO WHERE user_id=? 
2023-08-31 00:49:35.600 [http-nio-8888-exec-10] DEBUG cn.enterprisys.web.modules.sys.mapper.SysUserMapper.selectById - ==> Parameters: 1115864462813077506(String)
2023-08-31 00:49:35.602 [http-nio-8888-exec-10] DEBUG cn.enterprisys.web.modules.sys.mapper.SysUserMapper.selectById - <==      Total: 1
2023-08-31 00:49:51.803 [http-nio-8888-exec-7] DEBUG cn.enterprisys.web.commons.interceptors.LoginInterceptor - 当前访问接口:/
2023-08-31 00:49:51.806 [http-nio-8888-exec-7] DEBUG cn.enterprisys.web.modules.sys.mapper.SysUserMapper.selectById - ==>  Preparing: SELECT user_id,username,password,old_password,nick_name,phone,email,disable,login_status,create_user_id,create_time,update_time,delete_time,login_time,remark,dept_id FROM SYS_USER_INFO WHERE user_id=? 
2023-08-31 00:49:51.807 [http-nio-8888-exec-7] DEBUG cn.enterprisys.web.modules.sys.mapper.SysUserMapper.selectById - ==> Parameters: 1115864462813077506(String)
2023-08-31 00:49:51.808 [http-nio-8888-exec-7] DEBUG cn.enterprisys.web.modules.sys.mapper.SysUserMapper.selectById - <==      Total: 1
2023-08-31 00:49:51.811 [http-nio-8888-exec-7] DEBUG cn.enterprisys.web.modules.sys.mapper.SysMenuMapper.selectList - ==>  Preparing: SELECT menu_id,menu_name,parent_menu_code,menu_icon,menu_type,sort,menu_code,menu_url,authorization,disable FROM SYS_MENU_INFO ORDER BY SORT DESC 
2023-08-31 00:49:51.812 [http-nio-8888-exec-7] DEBUG cn.enterprisys.web.modules.sys.mapper.SysMenuMapper.selectList - ==> Parameters: 
2023-08-31 00:49:51.816 [http-nio-8888-exec-7] DEBUG cn.enterprisys.web.modules.sys.mapper.SysMenuMapper.selectList - <==      Total: 92
2023-08-31 00:49:51.858 [http-nio-8888-exec-8] DEBUG cn.enterprisys.web.commons.interceptors.LoginInterceptor - 当前访问接口:/main.html
2023-08-31 00:49:51.859 [http-nio-8888-exec-8] DEBUG cn.enterprisys.web.modules.sys.mapper.SysUserMapper.selectById - ==>  Preparing: SELECT user_id,username,password,old_password,nick_name,phone,email,disable,login_status,create_user_id,create_time,update_time,delete_time,login_time,remark,dept_id FROM SYS_USER_INFO WHERE user_id=? 
2023-08-31 00:49:51.860 [http-nio-8888-exec-8] DEBUG cn.enterprisys.web.modules.sys.mapper.SysUserMapper.selectById - ==> Parameters: 1115864462813077506(String)
2023-08-31 00:49:51.861 [http-nio-8888-exec-8] DEBUG cn.enterprisys.web.modules.sys.mapper.SysUserMapper.selectById - <==      Total: 1
2023-08-31 00:49:55.693 [http-nio-8888-exec-9] DEBUG cn.enterprisys.web.commons.interceptors.LoginInterceptor - 当前访问接口:/file/list.html
2023-08-31 00:49:55.697 [http-nio-8888-exec-9] DEBUG cn.enterprisys.web.modules.sys.mapper.SysUserMapper.selectById - ==>  Preparing: SELECT user_id,username,password,old_password,nick_name,phone,email,disable,login_status,create_user_id,create_time,update_time,delete_time,login_time,remark,dept_id FROM SYS_USER_INFO WHERE user_id=? 
2023-08-31 00:49:55.697 [http-nio-8888-exec-9] DEBUG cn.enterprisys.web.modules.sys.mapper.SysUserMapper.selectById - ==> Parameters: 1115864462813077506(String)
2023-08-31 00:49:55.698 [http-nio-8888-exec-9] DEBUG cn.enterprisys.web.modules.sys.mapper.SysUserMapper.selectById - <==      Total: 1
2023-08-31 00:50:26.609 [MessageBroker-2] INFO  org.springframework.web.socket.config.WebSocketMessageBrokerStats - WebSocketSession[0 current WS(0)-HttpStream(0)-HttpPoll(0), 0 total, 0 closed abnormally (0 connect failure, 0 send limit, 0 transport error)], stompSubProtocol[processed CONNECT(0)-CONNECTED(0)-DISCONNECT(0)], stompBrokerRelay[null], inboundChannel[pool size = 0, active threads = 0, queued tasks = 0, completed tasks = 0], outboundChannel[pool size = 0, active threads = 0, queued tasks = 0, completed tasks = 0], sockJsScheduler[pool size = 3, active threads = 1, queued tasks = 1, completed tasks = 1]
2023-08-31 00:51:12.359 [http-nio-8888-exec-3] DEBUG cn.enterprisys.web.commons.interceptors.LoginInterceptor - 当前访问接口:/
2023-08-31 00:51:12.363 [http-nio-8888-exec-3] DEBUG cn.enterprisys.web.modules.sys.mapper.SysUserMapper.selectById - ==>  Preparing: SELECT user_id,username,password,old_password,nick_name,phone,email,disable,login_status,create_user_id,create_time,update_time,delete_time,login_time,remark,dept_id FROM SYS_USER_INFO WHERE user_id=? 
2023-08-31 00:51:12.364 [http-nio-8888-exec-3] DEBUG cn.enterprisys.web.modules.sys.mapper.SysUserMapper.selectById - ==> Parameters: 1115864462813077506(String)
2023-08-31 00:51:12.365 [http-nio-8888-exec-3] DEBUG cn.enterprisys.web.modules.sys.mapper.SysUserMapper.selectById - <==      Total: 1
2023-08-31 00:51:12.368 [http-nio-8888-exec-3] DEBUG cn.enterprisys.web.modules.sys.mapper.SysMenuMapper.selectList - ==>  Preparing: SELECT menu_id,menu_name,parent_menu_code,menu_icon,menu_type,sort,menu_code,menu_url,authorization,disable FROM SYS_MENU_INFO ORDER BY SORT DESC 
2023-08-31 00:51:12.369 [http-nio-8888-exec-3] DEBUG cn.enterprisys.web.modules.sys.mapper.SysMenuMapper.selectList - ==> Parameters: 
2023-08-31 00:51:12.372 [http-nio-8888-exec-3] DEBUG cn.enterprisys.web.modules.sys.mapper.SysMenuMapper.selectList - <==      Total: 92
2023-08-31 00:51:12.411 [http-nio-8888-exec-10] DEBUG cn.enterprisys.web.commons.interceptors.LoginInterceptor - 当前访问接口:/main.html
2023-08-31 00:51:12.412 [http-nio-8888-exec-10] DEBUG cn.enterprisys.web.modules.sys.mapper.SysUserMapper.selectById - ==>  Preparing: SELECT user_id,username,password,old_password,nick_name,phone,email,disable,login_status,create_user_id,create_time,update_time,delete_time,login_time,remark,dept_id FROM SYS_USER_INFO WHERE user_id=? 
2023-08-31 00:51:12.413 [http-nio-8888-exec-10] DEBUG cn.enterprisys.web.modules.sys.mapper.SysUserMapper.selectById - ==> Parameters: 1115864462813077506(String)
2023-08-31 00:51:12.414 [http-nio-8888-exec-10] DEBUG cn.enterprisys.web.modules.sys.mapper.SysUserMapper.selectById - <==      Total: 1
2023-08-31 00:51:15.273 [http-nio-8888-exec-7] DEBUG cn.enterprisys.web.commons.interceptors.LoginInterceptor - 当前访问接口:/line/list.html
2023-08-31 00:51:15.278 [http-nio-8888-exec-7] DEBUG cn.enterprisys.web.modules.sys.mapper.SysUserMapper.selectById - ==>  Preparing: SELECT user_id,username,password,old_password,nick_name,phone,email,disable,login_status,create_user_id,create_time,update_time,delete_time,login_time,remark,dept_id FROM SYS_USER_INFO WHERE user_id=? 
2023-08-31 00:51:15.279 [http-nio-8888-exec-7] DEBUG cn.enterprisys.web.modules.sys.mapper.SysUserMapper.selectById - ==> Parameters: 1115864462813077506(String)
2023-08-31 00:51:15.281 [http-nio-8888-exec-7] DEBUG cn.enterprisys.web.modules.sys.mapper.SysUserMapper.selectById - <==      Total: 1
2023-08-31 00:51:16.230 [http-nio-8888-exec-6] DEBUG cn.enterprisys.web.commons.interceptors.LoginInterceptor - 当前访问接口:/bar/list.html
2023-08-31 00:51:16.232 [http-nio-8888-exec-6] DEBUG cn.enterprisys.web.modules.sys.mapper.SysUserMapper.selectById - ==>  Preparing: SELECT user_id,username,password,old_password,nick_name,phone,email,disable,login_status,create_user_id,create_time,update_time,delete_time,login_time,remark,dept_id FROM SYS_USER_INFO WHERE user_id=? 
2023-08-31 00:51:16.234 [http-nio-8888-exec-6] DEBUG cn.enterprisys.web.modules.sys.mapper.SysUserMapper.selectById - ==> Parameters: 1115864462813077506(String)
2023-08-31 00:51:16.236 [http-nio-8888-exec-6] DEBUG cn.enterprisys.web.modules.sys.mapper.SysUserMapper.selectById - <==      Total: 1
2023-08-31 00:52:15.699 [http-nio-8888-exec-9] DEBUG cn.enterprisys.web.commons.interceptors.LoginInterceptor - 当前访问接口:/menu/list.html
2023-08-31 00:52:15.705 [http-nio-8888-exec-9] DEBUG cn.enterprisys.web.modules.sys.mapper.SysUserMapper.selectById - ==>  Preparing: SELECT user_id,username,password,old_password,nick_name,phone,email,disable,login_status,create_user_id,create_time,update_time,delete_time,login_time,remark,dept_id FROM SYS_USER_INFO WHERE user_id=? 
2023-08-31 00:52:15.705 [http-nio-8888-exec-9] DEBUG cn.enterprisys.web.modules.sys.mapper.SysUserMapper.selectById - ==> Parameters: 1115864462813077506(String)
2023-08-31 00:52:15.707 [http-nio-8888-exec-9] DEBUG cn.enterprisys.web.modules.sys.mapper.SysUserMapper.selectById - <==      Total: 1
2023-08-31 00:52:15.896 [http-nio-8888-exec-10] DEBUG cn.enterprisys.web.commons.interceptors.LoginInterceptor - 当前访问接口:/menu/menuList
2023-08-31 00:52:15.898 [http-nio-8888-exec-10] DEBUG cn.enterprisys.web.modules.sys.mapper.SysUserMapper.selectById - ==>  Preparing: SELECT user_id,username,password,old_password,nick_name,phone,email,disable,login_status,create_user_id,create_time,update_time,delete_time,login_time,remark,dept_id FROM SYS_USER_INFO WHERE user_id=? 
2023-08-31 00:52:15.899 [http-nio-8888-exec-10] DEBUG cn.enterprisys.web.modules.sys.mapper.SysUserMapper.selectById - ==> Parameters: 1115864462813077506(String)
2023-08-31 00:52:15.901 [http-nio-8888-exec-10] DEBUG cn.enterprisys.web.modules.sys.mapper.SysUserMapper.selectById - <==      Total: 1
2023-08-31 00:52:15.909 [http-nio-8888-exec-10] DEBUG cn.enterprisys.web.modules.sys.mapper.SysMenuMapper.selectList - ==>  Preparing: SELECT menu_id,menu_name,parent_menu_code,menu_icon,menu_type,sort,menu_code,menu_url,authorization,disable FROM SYS_MENU_INFO 
2023-08-31 00:52:15.910 [http-nio-8888-exec-10] DEBUG cn.enterprisys.web.modules.sys.mapper.SysMenuMapper.selectList - ==> Parameters: 
2023-08-31 00:52:15.913 [http-nio-8888-exec-10] DEBUG cn.enterprisys.web.modules.sys.mapper.SysMenuMapper.selectList - <==      Total: 92
2023-08-31 00:52:42.090 [SpringContextShutdownHook] INFO  org.springframework.messaging.simp.broker.SimpleBrokerMessageHandler - Stopping...
2023-08-31 00:52:42.090 [SpringContextShutdownHook] INFO  org.springframework.messaging.simp.broker.SimpleBrokerMessageHandler - BrokerAvailabilityEvent[available=false, SimpleBrokerMessageHandler [DefaultSubscriptionRegistry[cache[0 destination(s)], registry[0 sessions]]]]
2023-08-31 00:52:42.091 [SpringContextShutdownHook] INFO  org.springframework.messaging.simp.broker.SimpleBrokerMessageHandler - Stopped.
2023-08-31 00:52:42.095 [SpringContextShutdownHook] INFO  org.springframework.scheduling.concurrent.ThreadPoolTaskExecutor - Shutting down ExecutorService 'brokerChannelExecutor'
2023-08-31 00:52:42.095 [SpringContextShutdownHook] INFO  org.springframework.scheduling.concurrent.ThreadPoolTaskScheduler - Shutting down ExecutorService 'messageBrokerTaskScheduler'
2023-08-31 00:52:42.096 [SpringContextShutdownHook] INFO  org.springframework.scheduling.concurrent.ThreadPoolTaskExecutor - Shutting down ExecutorService 'clientOutboundChannelExecutor'
2023-08-31 00:52:42.096 [SpringContextShutdownHook] INFO  org.springframework.scheduling.concurrent.ThreadPoolTaskExecutor - Shutting down ExecutorService 'clientInboundChannelExecutor'
2023-08-31 00:52:42.212 [SpringContextShutdownHook] INFO  com.alibaba.druid.pool.DruidDataSource - {dataSource-1} closing ...
2023-08-31 00:52:42.215 [SpringContextShutdownHook] INFO  com.alibaba.druid.pool.DruidDataSource - {dataSource-1} closed
