2023-08-30 21:59:45.450 [main] INFO  cn.enterprisys.WebApplication - Starting WebApplication on LAPTOP-J40OTHIL with PID 3828 (D:\Users\lenovo\Desktop\class\Java\code\enterprisys-web\web\target\classes started by lenovo in D:\Users\lenovo\Desktop\class\Java\code\enterprisys-web)
2023-08-30 21:59:45.454 [main] DEBUG cn.enterprisys.WebApplication - Running with Spring Boot v2.2.5.RELEASE, Spring v5.2.4.RELEASE
2023-08-30 21:59:45.454 [main] INFO  cn.enterprisys.WebApplication - The following profiles are active: dev
2023-08-30 21:59:48.064 [main] INFO  org.springframework.data.repository.config.RepositoryConfigurationDelegate - Multiple Spring Data modules found, entering strict repository configuration mode!
2023-08-30 21:59:48.067 [main] INFO  org.springframework.data.repository.config.RepositoryConfigurationDelegate - Bootstrapping Spring Data Redis repositories in DEFAULT mode.
2023-08-30 21:59:48.160 [main] INFO  org.springframework.data.repository.config.RepositoryConfigurationDelegate - Finished Spring Data repository scanning in 76ms. Found 0 Redis repository interfaces.
2023-08-30 21:59:48.716 [main] INFO  o.s.context.support.PostProcessorRegistrationDelegate$BeanPostProcessorChecker - Bean 'org.springframework.boot.autoconfigure.jdbc.DataSourceTransactionManagerAutoConfiguration$DataSourceTransactionManagerConfiguration' of type [org.springframework.boot.autoconfigure.jdbc.DataSourceTransactionManagerAutoConfiguration$DataSourceTransactionManagerConfiguration] is not eligible for getting processed by all BeanPostProcessors (for example: not eligible for auto-proxying)
2023-08-30 21:59:48.718 [main] INFO  o.s.context.support.PostProcessorRegistrationDelegate$BeanPostProcessorChecker - Bean 'com.alibaba.druid.spring.boot.autoconfigure.DruidDataSourceAutoConfigure' of type [com.alibaba.druid.spring.boot.autoconfigure.DruidDataSourceAutoConfigure$$EnhancerBySpringCGLIB$$9ba3d7cc] is not eligible for getting processed by all BeanPostProcessors (for example: not eligible for auto-proxying)
2023-08-30 21:59:48.723 [main] INFO  com.alibaba.druid.spring.boot.autoconfigure.DruidDataSourceAutoConfigure - Init DruidDataSource
2023-08-30 21:59:48.777 [main] INFO  o.s.context.support.PostProcessorRegistrationDelegate$BeanPostProcessorChecker - Bean 'spring.datasource-org.springframework.boot.autoconfigure.jdbc.DataSourceProperties' of type [org.springframework.boot.autoconfigure.jdbc.DataSourceProperties] is not eligible for getting processed by all BeanPostProcessors (for example: not eligible for auto-proxying)
2023-08-30 21:59:48.784 [main] INFO  o.s.context.support.PostProcessorRegistrationDelegate$BeanPostProcessorChecker - Bean 'com.alibaba.druid.spring.boot.autoconfigure.stat.DruidFilterConfiguration' of type [com.alibaba.druid.spring.boot.autoconfigure.stat.DruidFilterConfiguration] is not eligible for getting processed by all BeanPostProcessors (for example: not eligible for auto-proxying)
2023-08-30 21:59:48.858 [main] INFO  o.s.context.support.PostProcessorRegistrationDelegate$BeanPostProcessorChecker - Bean 'statFilter' of type [com.alibaba.druid.filter.stat.StatFilter] is not eligible for getting processed by all BeanPostProcessors (for example: not eligible for auto-proxying)
2023-08-30 21:59:48.924 [main] INFO  o.s.context.support.PostProcessorRegistrationDelegate$BeanPostProcessorChecker - Bean 'wallConfig' of type [com.alibaba.druid.wall.WallConfig] is not eligible for getting processed by all BeanPostProcessors (for example: not eligible for auto-proxying)
2023-08-30 21:59:48.942 [main] INFO  o.s.context.support.PostProcessorRegistrationDelegate$BeanPostProcessorChecker - Bean 'wallFilter' of type [com.alibaba.druid.wall.WallFilter] is not eligible for getting processed by all BeanPostProcessors (for example: not eligible for auto-proxying)
2023-08-30 21:59:49.034 [main] INFO  com.alibaba.druid.pool.DruidDataSource - {dataSource-1} inited
2023-08-30 21:59:49.034 [main] INFO  o.s.context.support.PostProcessorRegistrationDelegate$BeanPostProcessorChecker - Bean 'dataSource' of type [com.alibaba.druid.spring.boot.autoconfigure.DruidDataSourceWrapper] is not eligible for getting processed by all BeanPostProcessors (for example: not eligible for auto-proxying)
2023-08-30 21:59:49.064 [main] INFO  o.s.context.support.PostProcessorRegistrationDelegate$BeanPostProcessorChecker - Bean 'org.springframework.boot.autoconfigure.jdbc.DataSourceInitializerInvoker' of type [org.springframework.boot.autoconfigure.jdbc.DataSourceInitializerInvoker] is not eligible for getting processed by all BeanPostProcessors (for example: not eligible for auto-proxying)
2023-08-30 21:59:49.069 [main] INFO  o.s.context.support.PostProcessorRegistrationDelegate$BeanPostProcessorChecker - Bean 'org.springframework.boot.autoconfigure.transaction.TransactionAutoConfiguration' of type [org.springframework.boot.autoconfigure.transaction.TransactionAutoConfiguration] is not eligible for getting processed by all BeanPostProcessors (for example: not eligible for auto-proxying)
2023-08-30 21:59:49.074 [main] INFO  o.s.context.support.PostProcessorRegistrationDelegate$BeanPostProcessorChecker - Bean 'spring.transaction-org.springframework.boot.autoconfigure.transaction.TransactionProperties' of type [org.springframework.boot.autoconfigure.transaction.TransactionProperties] is not eligible for getting processed by all BeanPostProcessors (for example: not eligible for auto-proxying)
2023-08-30 21:59:49.075 [main] INFO  o.s.context.support.PostProcessorRegistrationDelegate$BeanPostProcessorChecker - Bean 'platformTransactionManagerCustomizers' of type [org.springframework.boot.autoconfigure.transaction.TransactionManagerCustomizers] is not eligible for getting processed by all BeanPostProcessors (for example: not eligible for auto-proxying)
2023-08-30 21:59:49.081 [main] INFO  o.s.context.support.PostProcessorRegistrationDelegate$BeanPostProcessorChecker - Bean 'transactionManager' of type [org.springframework.jdbc.datasource.DataSourceTransactionManager] is not eligible for getting processed by all BeanPostProcessors (for example: not eligible for auto-proxying)
2023-08-30 21:59:49.082 [main] INFO  o.s.context.support.PostProcessorRegistrationDelegate$BeanPostProcessorChecker - Bean 'transactionAdviceConfig' of type [cn.enterprisys.web.commons.config.TransactionAdviceConfig$$EnhancerBySpringCGLIB$$a1708bfe] is not eligible for getting processed by all BeanPostProcessors (for example: not eligible for auto-proxying)
2023-08-30 21:59:49.086 [main] INFO  o.s.context.support.PostProcessorRegistrationDelegate$BeanPostProcessorChecker - Bean 'txAdvice' of type [org.springframework.transaction.interceptor.TransactionInterceptor] is not eligible for getting processed by all BeanPostProcessors (for example: not eligible for auto-proxying)
2023-08-30 21:59:49.086 [main] INFO  o.s.context.support.PostProcessorRegistrationDelegate$BeanPostProcessorChecker - Bean 'txAdviceAdvisor' of type [org.springframework.aop.support.DefaultPointcutAdvisor] is not eligible for getting processed by all BeanPostProcessors (for example: not eligible for auto-proxying)
2023-08-30 21:59:49.103 [main] INFO  o.s.context.support.PostProcessorRegistrationDelegate$BeanPostProcessorChecker - Bean 'org.springframework.security.config.annotation.configuration.ObjectPostProcessorConfiguration' of type [org.springframework.security.config.annotation.configuration.ObjectPostProcessorConfiguration] is not eligible for getting processed by all BeanPostProcessors (for example: not eligible for auto-proxying)
2023-08-30 21:59:49.120 [main] INFO  o.s.context.support.PostProcessorRegistrationDelegate$BeanPostProcessorChecker - Bean 'objectPostProcessor' of type [org.springframework.security.config.annotation.configuration.AutowireBeanFactoryObjectPostProcessor] is not eligible for getting processed by all BeanPostProcessors (for example: not eligible for auto-proxying)
2023-08-30 21:59:49.123 [main] INFO  o.s.context.support.PostProcessorRegistrationDelegate$BeanPostProcessorChecker - Bean 'org.springframework.security.access.expression.method.DefaultMethodSecurityExpressionHandler@6917bb4' of type [org.springframework.security.access.expression.method.DefaultMethodSecurityExpressionHandler] is not eligible for getting processed by all BeanPostProcessors (for example: not eligible for auto-proxying)
2023-08-30 21:59:49.124 [main] INFO  o.s.context.support.PostProcessorRegistrationDelegate$BeanPostProcessorChecker - Bean 'org.springframework.security.config.annotation.method.configuration.GlobalMethodSecurityConfiguration' of type [org.springframework.security.config.annotation.method.configuration.GlobalMethodSecurityConfiguration] is not eligible for getting processed by all BeanPostProcessors (for example: not eligible for auto-proxying)
2023-08-30 21:59:49.132 [main] INFO  o.s.context.support.PostProcessorRegistrationDelegate$BeanPostProcessorChecker - Bean 'methodSecurityMetadataSource' of type [org.springframework.security.access.method.DelegatingMethodSecurityMetadataSource] is not eligible for getting processed by all BeanPostProcessors (for example: not eligible for auto-proxying)
2023-08-30 21:59:49.493 [main] INFO  org.springframework.boot.web.embedded.tomcat.TomcatWebServer - Tomcat initialized with port(s): 8888 (http)
2023-08-30 21:59:49.506 [main] INFO  org.apache.coyote.http11.Http11NioProtocol - Initializing ProtocolHandler ["http-nio-8888"]
2023-08-30 21:59:49.507 [main] INFO  org.apache.catalina.core.StandardService - Starting service [Tomcat]
2023-08-30 21:59:49.507 [main] INFO  org.apache.catalina.core.StandardEngine - Starting Servlet engine: [Apache Tomcat/9.0.31]
2023-08-30 21:59:49.676 [main] INFO  org.apache.catalina.core.ContainerBase.[Tomcat].[localhost].[/nebula-web] - Initializing Spring embedded WebApplicationContext
2023-08-30 21:59:49.676 [main] INFO  org.springframework.web.context.ContextLoader - Root WebApplicationContext: initialization completed in 4044 ms
2023-08-30 21:59:50.352 [main] WARN  com.baomidou.mybatisplus.core.metadata.TableInfoHelper - Warn: Could not find @TableId in Class: cn.enterprisys.web.modules.sys.entity.SysRoleByMenu.
2023-08-30 21:59:51.603 [main] INFO  org.springframework.boot.web.servlet.RegistrationBean - Filter loginInterceptor was not registered (disabled)
2023-08-30 21:59:52.153 [main] WARN  com.baomidou.mybatisplus.core.metadata.TableInfoHelper - Warn: Could not find @TableId in Class: cn.enterprisys.web.modules.sys.entity.SysUserRole.
2023-08-30 21:59:52.523 [main] INFO  o.s.boot.autoconfigure.security.servlet.UserDetailsServiceAutoConfiguration - 

Using generated security password: 0ce13637-c5bf-4d94-b5ab-b7381a188d02

2023-08-30 21:59:52.596 [main] INFO  org.springframework.security.web.DefaultSecurityFilterChain - Creating filter chain: Ant [pattern='/{spring:^(static|druid|images|sign|druid|error)$}/**'], []
2023-08-30 21:59:52.596 [main] INFO  org.springframework.security.web.DefaultSecurityFilterChain - Creating filter chain: Ant [pattern='/**/{spring:^.*\.((?!html).)*$}'], []
2023-08-30 21:59:52.653 [main] INFO  org.springframework.security.web.DefaultSecurityFilterChain - Creating filter chain: any request, [org.springframework.security.web.context.request.async.WebAsyncManagerIntegrationFilter@6af78a48, org.springframework.security.web.context.SecurityContextPersistenceFilter@6e685e6c, org.springframework.security.web.header.HeaderWriterFilter@70f148dc, org.springframework.security.web.authentication.logout.LogoutFilter@9b3be1c, cn.enterprisys.web.commons.interceptors.LoginInterceptor@68d6d775, org.springframework.security.web.authentication.UsernamePasswordAuthenticationFilter@2aa5bd48, org.springframework.security.web.session.ConcurrentSessionFilter@7708b66a, org.springframework.security.web.savedrequest.RequestCacheAwareFilter@6206b4a7, org.springframework.security.web.servletapi.SecurityContextHolderAwareRequestFilter@2baf72d5, org.springframework.security.web.authentication.AnonymousAuthenticationFilter@6ed18d80, org.springframework.security.web.session.SessionManagementFilter@77aea, org.springframework.security.web.access.ExceptionTranslationFilter@787178b1, org.springframework.security.web.access.intercept.FilterSecurityInterceptor@418f0534]
2023-08-30 21:59:52.684 [main] INFO  org.springframework.scheduling.concurrent.ThreadPoolTaskExecutor - Initializing ExecutorService 'clientInboundChannelExecutor'
2023-08-30 21:59:52.696 [main] INFO  org.springframework.scheduling.concurrent.ThreadPoolTaskExecutor - Initializing ExecutorService 'clientOutboundChannelExecutor'
2023-08-30 21:59:52.706 [main] INFO  org.springframework.scheduling.concurrent.ThreadPoolTaskScheduler - Initializing ExecutorService 'messageBrokerTaskScheduler'
2023-08-30 21:59:52.765 [main] INFO  org.springframework.scheduling.concurrent.ThreadPoolTaskExecutor - Initializing ExecutorService 'brokerChannelExecutor'
2023-08-30 21:59:53.097 [main] INFO  org.springframework.boot.autoconfigure.web.servlet.WelcomePageHandlerMapping - Adding welcome page template: index
2023-08-30 21:59:54.194 [main] INFO  io.lettuce.core.EpollProvider - Starting without optional epoll library
2023-08-30 21:59:54.195 [main] INFO  io.lettuce.core.KqueueProvider - Starting without optional kqueue library
2023-08-30 21:59:54.722 [main] INFO  org.springframework.messaging.simp.broker.SimpleBrokerMessageHandler - Starting...
2023-08-30 21:59:54.722 [main] INFO  org.springframework.messaging.simp.broker.SimpleBrokerMessageHandler - BrokerAvailabilityEvent[available=true, SimpleBrokerMessageHandler [DefaultSubscriptionRegistry[cache[0 destination(s)], registry[0 sessions]]]]
2023-08-30 21:59:54.723 [main] INFO  org.springframework.messaging.simp.broker.SimpleBrokerMessageHandler - Started.
2023-08-30 21:59:55.325 [main] INFO  org.apache.coyote.http11.Http11NioProtocol - Starting ProtocolHandler ["http-nio-8888"]
2023-08-30 21:59:55.338 [main] INFO  org.springframework.boot.web.embedded.tomcat.TomcatWebServer - Tomcat started on port(s): 8888 (http) with context path '/nebula-web'
2023-08-30 21:59:55.340 [main] INFO  cn.enterprisys.WebApplication - Started WebApplication in 11.073 seconds (JVM running for 13.004)
2023-08-30 22:00:27.493 [http-nio-8888-exec-1] INFO  org.apache.tomcat.util.http.parser.Cookie - A cookie header was received [1692868770,1692926785,1693189088] that contained an invalid cookie. That cookie will be ignored.
 Note: further occurrences of this error will be logged at DEBUG level.
2023-08-30 22:00:27.509 [http-nio-8888-exec-1] INFO  org.apache.catalina.core.ContainerBase.[Tomcat].[localhost].[/nebula-web] - Initializing Spring DispatcherServlet 'dispatcherServlet'
2023-08-30 22:00:27.510 [http-nio-8888-exec-1] INFO  org.springframework.web.servlet.DispatcherServlet - Initializing Servlet 'dispatcherServlet'
2023-08-30 22:00:27.527 [http-nio-8888-exec-1] INFO  org.springframework.web.servlet.DispatcherServlet - Completed initialization in 17 ms
2023-08-30 22:00:27.556 [http-nio-8888-exec-1] DEBUG cn.enterprisys.web.commons.interceptors.LoginInterceptor - 当前访问接口:/
2023-08-30 22:00:29.876 [http-nio-8888-exec-10] DEBUG cn.enterprisys.web.modules.sys.mapper.SysUserOperationLogMapper.insert - ==>  Preparing: INSERT INTO SYS_USER_OPERATION_LOG ( ID, USER_NAME, OPERATION_MODULE, OPERATION_TYPE, VISIT_METHOD, PARAMETERS, IP_ADDRESS, DURATION, OPERATION_TIME ) VALUES ( ?, ?, ?, ?, ?, ?, ?, ?, ? ) 
2023-08-30 22:00:29.969 [http-nio-8888-exec-10] DEBUG cn.enterprisys.web.modules.sys.mapper.SysUserOperationLogMapper.insert - ==> Parameters: 254e15ec7fbc4c6d29919a9afec56516(String), Anonymous(String), 登录模块(String), 登录验证码(String), captcha(String), {}(String), 127.0.0.1(String), 1626(Long), 2023-08-30T22:00:29.841(LocalDateTime)
2023-08-30 22:00:29.998 [http-nio-8888-exec-10] DEBUG cn.enterprisys.web.modules.sys.mapper.SysUserOperationLogMapper.insert - <==    Updates: 1
2023-08-30 22:00:36.590 [http-nio-8888-exec-3] DEBUG cn.enterprisys.web.modules.sys.mapper.SysUserMapper.selectOne - ==>  Preparing: SELECT user_id,username,password,old_password,nick_name,phone,email,disable,login_status,create_user_id,create_time,update_time,delete_time,login_time,remark,dept_id FROM SYS_USER_INFO WHERE (username = ?) 
2023-08-30 22:00:36.612 [http-nio-8888-exec-3] DEBUG cn.enterprisys.web.modules.sys.mapper.SysUserMapper.selectOne - ==> Parameters: admin(String)
2023-08-30 22:00:36.648 [http-nio-8888-exec-3] DEBUG cn.enterprisys.web.modules.sys.mapper.SysUserMapper.selectOne - <==      Total: 1
2023-08-30 22:00:36.661 [http-nio-8888-exec-3] DEBUG cn.enterprisys.web.modules.sys.mapper.SysUserMapper.updateById - ==>  Preparing: UPDATE SYS_USER_INFO SET username=?, password=?, old_password=?, nick_name=?, phone=?, email=?, disable=?, login_status=?, create_user_id=?, create_time=?, update_time=?, delete_time=?, login_time=?, dept_id=? WHERE user_id=? 
2023-08-30 22:00:36.666 [http-nio-8888-exec-3] DEBUG cn.enterprisys.web.modules.sys.mapper.SysUserMapper.updateById - ==> Parameters: admin(String), 98124e2a4b96dc88ba01d49345f62a07(String), 98124e2a4b96dc88ba01d49345f62a07(String), admin(String), 13000001112(String), admin@163.com(String), 0(Integer), 0(Integer), (String), 2019-02-17T16:26:39(LocalDateTime), 2019-07-30T19:26:17(LocalDateTime), 2019-08-01T01:18:27(LocalDateTime), 2023-08-30T22:00:36.658(LocalDateTime), OR1200000703(String), 1115864462813077506(String)
2023-08-30 22:00:36.669 [http-nio-8888-exec-3] DEBUG cn.enterprisys.web.modules.sys.mapper.SysUserMapper.updateById - <==    Updates: 1
2023-08-30 22:00:36.673 [http-nio-8888-exec-3] DEBUG cn.enterprisys.web.modules.sys.mapper.SysUserLoginLogMapper.insert - ==>  Preparing: INSERT INTO SYS_USER_LOGIN_LOG ( ID, USER_NAME, LOGIN_TIME, IP_ADDRESS, DURATION ) VALUES ( ?, ?, ?, ?, ? ) 
2023-08-30 22:00:36.674 [http-nio-8888-exec-3] DEBUG cn.enterprisys.web.modules.sys.mapper.SysUserLoginLogMapper.insert - ==> Parameters: 16c79818a26583d5554bf7d7ebc951b7(String), admin(String), 2023-08-30T22:00:36.559(LocalDateTime), 127.0.0.1(String), 0(Long)
2023-08-30 22:00:36.681 [http-nio-8888-exec-3] DEBUG cn.enterprisys.web.modules.sys.mapper.SysUserLoginLogMapper.insert - <==    Updates: 1
2023-08-30 22:00:36.687 [http-nio-8888-exec-3] DEBUG cn.enterprisys.web.modules.sys.mapper.SysUserOperationLogMapper.insert - ==>  Preparing: INSERT INTO SYS_USER_OPERATION_LOG ( ID, USER_NAME, OPERATION_MODULE, OPERATION_TYPE, VISIT_METHOD, PARAMETERS, IP_ADDRESS, DURATION, OPERATION_TIME ) VALUES ( ?, ?, ?, ?, ?, ?, ?, ?, ? ) 
2023-08-30 22:00:36.687 [http-nio-8888-exec-3] DEBUG cn.enterprisys.web.modules.sys.mapper.SysUserOperationLogMapper.insert - ==> Parameters: c89c72763907f8cbb296065e3632db2c(String), admin(String), 登录模块(String), 用户登录(String), login(String), {}(String), 127.0.0.1(String), 177(Long), 2023-08-30T22:00:36.686(LocalDateTime)
2023-08-30 22:00:36.690 [http-nio-8888-exec-3] DEBUG cn.enterprisys.web.modules.sys.mapper.SysUserOperationLogMapper.insert - <==    Updates: 1
2023-08-30 22:00:36.737 [http-nio-8888-exec-9] DEBUG cn.enterprisys.web.commons.interceptors.LoginInterceptor - 当前访问接口:/
2023-08-30 22:00:36.738 [http-nio-8888-exec-9] DEBUG cn.enterprisys.web.modules.sys.mapper.SysUserMapper.selectById - ==>  Preparing: SELECT user_id,username,password,old_password,nick_name,phone,email,disable,login_status,create_user_id,create_time,update_time,delete_time,login_time,remark,dept_id FROM SYS_USER_INFO WHERE user_id=? 
2023-08-30 22:00:36.738 [http-nio-8888-exec-9] DEBUG cn.enterprisys.web.modules.sys.mapper.SysUserMapper.selectById - ==> Parameters: 1115864462813077506(String)
2023-08-30 22:00:36.740 [http-nio-8888-exec-9] DEBUG cn.enterprisys.web.modules.sys.mapper.SysUserMapper.selectById - <==      Total: 1
2023-08-30 22:00:36.757 [http-nio-8888-exec-9] DEBUG cn.enterprisys.web.modules.sys.mapper.SysMenuMapper.selectList - ==>  Preparing: SELECT menu_id,menu_name,parent_menu_code,menu_icon,menu_type,sort,menu_code,menu_url,authorization,disable FROM SYS_MENU_INFO ORDER BY SORT DESC 
2023-08-30 22:00:36.760 [http-nio-8888-exec-9] DEBUG cn.enterprisys.web.modules.sys.mapper.SysMenuMapper.selectList - ==> Parameters: 
2023-08-30 22:00:36.781 [http-nio-8888-exec-9] DEBUG cn.enterprisys.web.modules.sys.mapper.SysMenuMapper.selectList - <==      Total: 94
2023-08-30 22:00:36.799 [http-nio-8888-exec-9] DEBUG cn.enterprisys.web.modules.sys.mapper.SysMenuMapper.selectList - ==>  Preparing: SELECT menu_id,menu_name,parent_menu_code,menu_icon,menu_type,sort,menu_code,menu_url,authorization,disable FROM SYS_MENU_INFO ORDER BY SORT DESC 
2023-08-30 22:00:36.800 [http-nio-8888-exec-9] DEBUG cn.enterprisys.web.modules.sys.mapper.SysMenuMapper.selectList - ==> Parameters: 
2023-08-30 22:00:36.806 [http-nio-8888-exec-9] DEBUG cn.enterprisys.web.modules.sys.mapper.SysMenuMapper.selectList - <==      Total: 94
2023-08-30 22:00:37.012 [http-nio-8888-exec-10] DEBUG cn.enterprisys.web.commons.interceptors.LoginInterceptor - 当前访问接口:/main.html
2023-08-30 22:00:37.013 [http-nio-8888-exec-10] DEBUG cn.enterprisys.web.modules.sys.mapper.SysUserMapper.selectById - ==>  Preparing: SELECT user_id,username,password,old_password,nick_name,phone,email,disable,login_status,create_user_id,create_time,update_time,delete_time,login_time,remark,dept_id FROM SYS_USER_INFO WHERE user_id=? 
2023-08-30 22:00:37.014 [http-nio-8888-exec-10] DEBUG cn.enterprisys.web.modules.sys.mapper.SysUserMapper.selectById - ==> Parameters: 1115864462813077506(String)
2023-08-30 22:00:37.016 [http-nio-8888-exec-10] DEBUG cn.enterprisys.web.modules.sys.mapper.SysUserMapper.selectById - <==      Total: 1
2023-08-30 22:00:52.771 [MessageBroker-2] INFO  org.springframework.web.socket.config.WebSocketMessageBrokerStats - WebSocketSession[0 current WS(0)-HttpStream(0)-HttpPoll(0), 0 total, 0 closed abnormally (0 connect failure, 0 send limit, 0 transport error)], stompSubProtocol[processed CONNECT(0)-CONNECTED(0)-DISCONNECT(0)], stompBrokerRelay[null], inboundChannel[pool size = 0, active threads = 0, queued tasks = 0, completed tasks = 0], outboundChannel[pool size = 0, active threads = 0, queued tasks = 0, completed tasks = 0], sockJsScheduler[pool size = 3, active threads = 1, queued tasks = 1, completed tasks = 1]
