2023-09-01 22:46:32.460 [main] INFO  cn.enterprisys.WebApplication - Starting WebApplication on LAPTOP-J40OTHIL with PID 16992 (D:\Users\lenovo\Desktop\class\Java\code\enterprisys-web\web\target\classes started by lenovo in D:\Users\lenovo\Desktop\class\Java\code\enterprisys-web)
2023-09-01 22:46:32.463 [main] DEBUG cn.enterprisys.WebApplication - Running with Spring Boot v2.2.5.RELEASE, Spring v5.2.4.RELEASE
2023-09-01 22:46:32.464 [main] INFO  cn.enterprisys.WebApplication - The following profiles are active: dev
2023-09-01 22:46:33.953 [main] INFO  org.springframework.data.repository.config.RepositoryConfigurationDelegate - Multiple Spring Data modules found, entering strict repository configuration mode!
2023-09-01 22:46:33.960 [main] INFO  org.springframework.data.repository.config.RepositoryConfigurationDelegate - Bootstrapping Spring Data Redis repositories in DEFAULT mode.
2023-09-01 22:46:34.131 [main] INFO  org.springframework.data.repository.config.RepositoryConfigurationDelegate - Finished Spring Data repository scanning in 139ms. Found 0 Redis repository interfaces.
2023-09-01 22:46:34.954 [main] INFO  o.s.context.support.PostProcessorRegistrationDelegate$BeanPostProcessorChecker - Bean 'org.springframework.boot.autoconfigure.jdbc.DataSourceTransactionManagerAutoConfiguration$DataSourceTransactionManagerConfiguration' of type [org.springframework.boot.autoconfigure.jdbc.DataSourceTransactionManagerAutoConfiguration$DataSourceTransactionManagerConfiguration] is not eligible for getting processed by all BeanPostProcessors (for example: not eligible for auto-proxying)
2023-09-01 22:46:34.957 [main] INFO  o.s.context.support.PostProcessorRegistrationDelegate$BeanPostProcessorChecker - Bean 'com.alibaba.druid.spring.boot.autoconfigure.DruidDataSourceAutoConfigure' of type [com.alibaba.druid.spring.boot.autoconfigure.DruidDataSourceAutoConfigure$$EnhancerBySpringCGLIB$$abd77840] is not eligible for getting processed by all BeanPostProcessors (for example: not eligible for auto-proxying)
2023-09-01 22:46:34.965 [main] INFO  com.alibaba.druid.spring.boot.autoconfigure.DruidDataSourceAutoConfigure - Init DruidDataSource
2023-09-01 22:46:35.043 [main] INFO  o.s.context.support.PostProcessorRegistrationDelegate$BeanPostProcessorChecker - Bean 'spring.datasource-org.springframework.boot.autoconfigure.jdbc.DataSourceProperties' of type [org.springframework.boot.autoconfigure.jdbc.DataSourceProperties] is not eligible for getting processed by all BeanPostProcessors (for example: not eligible for auto-proxying)
2023-09-01 22:46:35.051 [main] INFO  o.s.context.support.PostProcessorRegistrationDelegate$BeanPostProcessorChecker - Bean 'com.alibaba.druid.spring.boot.autoconfigure.stat.DruidFilterConfiguration' of type [com.alibaba.druid.spring.boot.autoconfigure.stat.DruidFilterConfiguration] is not eligible for getting processed by all BeanPostProcessors (for example: not eligible for auto-proxying)
2023-09-01 22:46:35.084 [main] INFO  o.s.context.support.PostProcessorRegistrationDelegate$BeanPostProcessorChecker - Bean 'statFilter' of type [com.alibaba.druid.filter.stat.StatFilter] is not eligible for getting processed by all BeanPostProcessors (for example: not eligible for auto-proxying)
2023-09-01 22:46:35.271 [main] INFO  o.s.context.support.PostProcessorRegistrationDelegate$BeanPostProcessorChecker - Bean 'wallConfig' of type [com.alibaba.druid.wall.WallConfig] is not eligible for getting processed by all BeanPostProcessors (for example: not eligible for auto-proxying)
2023-09-01 22:46:35.290 [main] INFO  o.s.context.support.PostProcessorRegistrationDelegate$BeanPostProcessorChecker - Bean 'wallFilter' of type [com.alibaba.druid.wall.WallFilter] is not eligible for getting processed by all BeanPostProcessors (for example: not eligible for auto-proxying)
2023-09-01 22:46:35.403 [main] INFO  com.alibaba.druid.pool.DruidDataSource - {dataSource-1} inited
2023-09-01 22:46:35.403 [main] INFO  o.s.context.support.PostProcessorRegistrationDelegate$BeanPostProcessorChecker - Bean 'dataSource' of type [com.alibaba.druid.spring.boot.autoconfigure.DruidDataSourceWrapper] is not eligible for getting processed by all BeanPostProcessors (for example: not eligible for auto-proxying)
2023-09-01 22:46:35.438 [main] INFO  o.s.context.support.PostProcessorRegistrationDelegate$BeanPostProcessorChecker - Bean 'org.springframework.boot.autoconfigure.jdbc.DataSourceInitializerInvoker' of type [org.springframework.boot.autoconfigure.jdbc.DataSourceInitializerInvoker] is not eligible for getting processed by all BeanPostProcessors (for example: not eligible for auto-proxying)
2023-09-01 22:46:35.446 [main] INFO  o.s.context.support.PostProcessorRegistrationDelegate$BeanPostProcessorChecker - Bean 'org.springframework.boot.autoconfigure.transaction.TransactionAutoConfiguration' of type [org.springframework.boot.autoconfigure.transaction.TransactionAutoConfiguration] is not eligible for getting processed by all BeanPostProcessors (for example: not eligible for auto-proxying)
2023-09-01 22:46:35.453 [main] INFO  o.s.context.support.PostProcessorRegistrationDelegate$BeanPostProcessorChecker - Bean 'spring.transaction-org.springframework.boot.autoconfigure.transaction.TransactionProperties' of type [org.springframework.boot.autoconfigure.transaction.TransactionProperties] is not eligible for getting processed by all BeanPostProcessors (for example: not eligible for auto-proxying)
2023-09-01 22:46:35.455 [main] INFO  o.s.context.support.PostProcessorRegistrationDelegate$BeanPostProcessorChecker - Bean 'platformTransactionManagerCustomizers' of type [org.springframework.boot.autoconfigure.transaction.TransactionManagerCustomizers] is not eligible for getting processed by all BeanPostProcessors (for example: not eligible for auto-proxying)
2023-09-01 22:46:35.461 [main] INFO  o.s.context.support.PostProcessorRegistrationDelegate$BeanPostProcessorChecker - Bean 'transactionManager' of type [org.springframework.jdbc.datasource.DataSourceTransactionManager] is not eligible for getting processed by all BeanPostProcessors (for example: not eligible for auto-proxying)
2023-09-01 22:46:35.463 [main] INFO  o.s.context.support.PostProcessorRegistrationDelegate$BeanPostProcessorChecker - Bean 'transactionAdviceConfig' of type [cn.enterprisys.web.commons.config.TransactionAdviceConfig$$EnhancerBySpringCGLIB$$b1a42c72] is not eligible for getting processed by all BeanPostProcessors (for example: not eligible for auto-proxying)
2023-09-01 22:46:35.467 [main] INFO  o.s.context.support.PostProcessorRegistrationDelegate$BeanPostProcessorChecker - Bean 'txAdvice' of type [org.springframework.transaction.interceptor.TransactionInterceptor] is not eligible for getting processed by all BeanPostProcessors (for example: not eligible for auto-proxying)
2023-09-01 22:46:35.468 [main] INFO  o.s.context.support.PostProcessorRegistrationDelegate$BeanPostProcessorChecker - Bean 'txAdviceAdvisor' of type [org.springframework.aop.support.DefaultPointcutAdvisor] is not eligible for getting processed by all BeanPostProcessors (for example: not eligible for auto-proxying)
2023-09-01 22:46:35.486 [main] INFO  o.s.context.support.PostProcessorRegistrationDelegate$BeanPostProcessorChecker - Bean 'org.springframework.security.config.annotation.configuration.ObjectPostProcessorConfiguration' of type [org.springframework.security.config.annotation.configuration.ObjectPostProcessorConfiguration] is not eligible for getting processed by all BeanPostProcessors (for example: not eligible for auto-proxying)
2023-09-01 22:46:35.505 [main] INFO  o.s.context.support.PostProcessorRegistrationDelegate$BeanPostProcessorChecker - Bean 'objectPostProcessor' of type [org.springframework.security.config.annotation.configuration.AutowireBeanFactoryObjectPostProcessor] is not eligible for getting processed by all BeanPostProcessors (for example: not eligible for auto-proxying)
2023-09-01 22:46:35.513 [main] INFO  o.s.context.support.PostProcessorRegistrationDelegate$BeanPostProcessorChecker - Bean 'org.springframework.security.access.expression.method.DefaultMethodSecurityExpressionHandler@47ffe971' of type [org.springframework.security.access.expression.method.DefaultMethodSecurityExpressionHandler] is not eligible for getting processed by all BeanPostProcessors (for example: not eligible for auto-proxying)
2023-09-01 22:46:35.517 [main] INFO  o.s.context.support.PostProcessorRegistrationDelegate$BeanPostProcessorChecker - Bean 'org.springframework.security.config.annotation.method.configuration.GlobalMethodSecurityConfiguration' of type [org.springframework.security.config.annotation.method.configuration.GlobalMethodSecurityConfiguration] is not eligible for getting processed by all BeanPostProcessors (for example: not eligible for auto-proxying)
2023-09-01 22:46:35.529 [main] INFO  o.s.context.support.PostProcessorRegistrationDelegate$BeanPostProcessorChecker - Bean 'methodSecurityMetadataSource' of type [org.springframework.security.access.method.DelegatingMethodSecurityMetadataSource] is not eligible for getting processed by all BeanPostProcessors (for example: not eligible for auto-proxying)
2023-09-01 22:46:35.937 [main] INFO  org.springframework.boot.web.embedded.tomcat.TomcatWebServer - Tomcat initialized with port(s): 8888 (http)
2023-09-01 22:46:35.951 [main] INFO  org.apache.coyote.http11.Http11NioProtocol - Initializing ProtocolHandler ["http-nio-8888"]
2023-09-01 22:46:35.952 [main] INFO  org.apache.catalina.core.StandardService - Starting service [Tomcat]
2023-09-01 22:46:35.952 [main] INFO  org.apache.catalina.core.StandardEngine - Starting Servlet engine: [Apache Tomcat/9.0.31]
2023-09-01 22:46:36.148 [main] INFO  org.apache.catalina.core.ContainerBase.[Tomcat].[localhost].[/nebula-web] - Initializing Spring embedded WebApplicationContext
2023-09-01 22:46:36.148 [main] INFO  org.springframework.web.context.ContextLoader - Root WebApplicationContext: initialization completed in 3604 ms
2023-09-01 22:46:37.012 [main] WARN  com.baomidou.mybatisplus.core.metadata.TableInfoHelper - Warn: Could not find @TableId in Class: cn.enterprisys.web.modules.sys.entity.SysRoleByMenu.
2023-09-01 22:46:38.202 [main] INFO  org.springframework.boot.web.servlet.RegistrationBean - Filter loginInterceptor was not registered (disabled)
2023-09-01 22:46:38.736 [main] WARN  com.baomidou.mybatisplus.core.metadata.TableInfoHelper - Warn: Could not find @TableId in Class: cn.enterprisys.web.modules.sys.entity.SysUserRole.
2023-09-01 22:46:39.110 [main] INFO  o.s.boot.autoconfigure.security.servlet.UserDetailsServiceAutoConfiguration - 

Using generated security password: 986716e7-3ea2-454b-a1b1-15af77089b7c

2023-09-01 22:46:39.188 [main] INFO  org.springframework.security.web.DefaultSecurityFilterChain - Creating filter chain: Ant [pattern='/{spring:^(static|druid|images|sign|druid|error)$}/**'], []
2023-09-01 22:46:39.188 [main] INFO  org.springframework.security.web.DefaultSecurityFilterChain - Creating filter chain: Ant [pattern='/**/{spring:^.*\.((?!html).)*$}'], []
2023-09-01 22:46:39.247 [main] INFO  org.springframework.security.web.DefaultSecurityFilterChain - Creating filter chain: any request, [org.springframework.security.web.context.request.async.WebAsyncManagerIntegrationFilter@407b8435, org.springframework.security.web.context.SecurityContextPersistenceFilter@684ce74c, org.springframework.security.web.header.HeaderWriterFilter@7c71c889, org.springframework.security.web.authentication.logout.LogoutFilter@359ceb13, cn.enterprisys.web.commons.interceptors.LoginInterceptor@9301672, org.springframework.security.web.authentication.UsernamePasswordAuthenticationFilter@6568f998, org.springframework.security.web.session.ConcurrentSessionFilter@5ba1b62e, org.springframework.security.web.savedrequest.RequestCacheAwareFilter@437281c5, org.springframework.security.web.servletapi.SecurityContextHolderAwareRequestFilter@77aea, org.springframework.security.web.authentication.AnonymousAuthenticationFilter@1282e98, org.springframework.security.web.session.SessionManagementFilter@5c59a0f7, org.springframework.security.web.access.ExceptionTranslationFilter@38811103, org.springframework.security.web.access.intercept.FilterSecurityInterceptor@35d7386b]
2023-09-01 22:46:39.284 [main] INFO  org.springframework.scheduling.concurrent.ThreadPoolTaskExecutor - Initializing ExecutorService 'clientInboundChannelExecutor'
2023-09-01 22:46:39.295 [main] INFO  org.springframework.scheduling.concurrent.ThreadPoolTaskExecutor - Initializing ExecutorService 'clientOutboundChannelExecutor'
2023-09-01 22:46:39.305 [main] INFO  org.springframework.scheduling.concurrent.ThreadPoolTaskScheduler - Initializing ExecutorService 'messageBrokerTaskScheduler'
2023-09-01 22:46:39.365 [main] INFO  org.springframework.scheduling.concurrent.ThreadPoolTaskExecutor - Initializing ExecutorService 'brokerChannelExecutor'
2023-09-01 22:46:39.656 [main] INFO  org.springframework.boot.autoconfigure.web.servlet.WelcomePageHandlerMapping - Adding welcome page template: index
2023-09-01 22:46:40.898 [main] INFO  io.lettuce.core.EpollProvider - Starting without optional epoll library
2023-09-01 22:46:40.899 [main] INFO  io.lettuce.core.KqueueProvider - Starting without optional kqueue library
2023-09-01 22:46:41.486 [main] INFO  org.springframework.messaging.simp.broker.SimpleBrokerMessageHandler - Starting...
2023-09-01 22:46:41.486 [main] INFO  org.springframework.messaging.simp.broker.SimpleBrokerMessageHandler - BrokerAvailabilityEvent[available=true, SimpleBrokerMessageHandler [DefaultSubscriptionRegistry[cache[0 destination(s)], registry[0 sessions]]]]
2023-09-01 22:46:41.487 [main] INFO  org.springframework.messaging.simp.broker.SimpleBrokerMessageHandler - Started.
2023-09-01 22:46:42.095 [main] INFO  org.apache.coyote.http11.Http11NioProtocol - Starting ProtocolHandler ["http-nio-8888"]
2023-09-01 22:46:42.109 [main] INFO  org.springframework.boot.web.embedded.tomcat.TomcatWebServer - Tomcat started on port(s): 8888 (http) with context path '/nebula-web'
2023-09-01 22:46:42.111 [main] INFO  cn.enterprisys.WebApplication - Started WebApplication in 10.557 seconds (JVM running for 12.803)
2023-09-01 22:47:04.764 [http-nio-8888-exec-1] INFO  org.apache.tomcat.util.http.parser.Cookie - A cookie header was received [1693189088,1693404037,1693413460] that contained an invalid cookie. That cookie will be ignored.
 Note: further occurrences of this error will be logged at DEBUG level.
2023-09-01 22:47:04.784 [http-nio-8888-exec-1] INFO  org.apache.catalina.core.ContainerBase.[Tomcat].[localhost].[/nebula-web] - Initializing Spring DispatcherServlet 'dispatcherServlet'
2023-09-01 22:47:04.785 [http-nio-8888-exec-1] INFO  org.springframework.web.servlet.DispatcherServlet - Initializing Servlet 'dispatcherServlet'
2023-09-01 22:47:04.834 [http-nio-8888-exec-1] INFO  org.springframework.web.servlet.DispatcherServlet - Completed initialization in 49 ms
2023-09-01 22:47:04.878 [http-nio-8888-exec-1] DEBUG cn.enterprisys.web.commons.interceptors.LoginInterceptor - 当前访问接口:/
2023-09-01 22:47:08.895 [http-nio-8888-exec-10] DEBUG cn.enterprisys.web.modules.sys.mapper.SysUserOperationLogMapper.insert - ==>  Preparing: INSERT INTO SYS_USER_OPERATION_LOG ( ID, USER_NAME, OPERATION_MODULE, OPERATION_TYPE, VISIT_METHOD, PARAMETERS, IP_ADDRESS, DURATION, OPERATION_TIME ) VALUES ( ?, ?, ?, ?, ?, ?, ?, ?, ? ) 
2023-09-01 22:47:09.033 [http-nio-8888-exec-10] DEBUG cn.enterprisys.web.modules.sys.mapper.SysUserOperationLogMapper.insert - ==> Parameters: bfa61954e5a39ad16a585746a6939944(String), Anonymous(String), 登录模块(String), 登录验证码(String), captcha(String), {}(String), 127.0.0.1(String), 2526(Long), 2023-09-01T22:47:08.830(LocalDateTime)
2023-09-01 22:47:09.052 [http-nio-8888-exec-10] DEBUG cn.enterprisys.web.modules.sys.mapper.SysUserOperationLogMapper.insert - <==    Updates: 1
2023-09-01 22:47:13.003 [http-nio-8888-exec-8] DEBUG cn.enterprisys.web.modules.sys.mapper.SysUserMapper.selectOne - ==>  Preparing: SELECT user_id,username,password,old_password,nick_name,phone,email,disable,login_status,create_user_id,create_time,update_time,delete_time,login_time,remark,dept_id FROM SYS_USER_INFO WHERE (username = ?) 
2023-09-01 22:47:13.033 [http-nio-8888-exec-8] DEBUG cn.enterprisys.web.modules.sys.mapper.SysUserMapper.selectOne - ==> Parameters: admin(String)
2023-09-01 22:47:13.062 [http-nio-8888-exec-8] DEBUG cn.enterprisys.web.modules.sys.mapper.SysUserMapper.selectOne - <==      Total: 1
2023-09-01 22:47:13.073 [http-nio-8888-exec-8] DEBUG cn.enterprisys.web.modules.sys.mapper.SysUserMapper.updateById - ==>  Preparing: UPDATE SYS_USER_INFO SET username=?, password=?, old_password=?, nick_name=?, phone=?, email=?, disable=?, login_status=?, create_user_id=?, create_time=?, update_time=?, delete_time=?, login_time=?, dept_id=? WHERE user_id=? 
2023-09-01 22:47:13.079 [http-nio-8888-exec-8] DEBUG cn.enterprisys.web.modules.sys.mapper.SysUserMapper.updateById - ==> Parameters: admin(String), 98124e2a4b96dc88ba01d49345f62a07(String), 98124e2a4b96dc88ba01d49345f62a07(String), admin(String), 13000001112(String), admin@163.com(String), 0(Integer), 0(Integer), (String), 2019-02-17T00:26:39(LocalDateTime), 2019-07-30T03:26:17(LocalDateTime), 2019-07-31T09:18:27(LocalDateTime), 2023-09-01T22:47:13.069(LocalDateTime), OR1200000703(String), 1115864462813077506(String)
2023-09-01 22:47:13.081 [http-nio-8888-exec-8] DEBUG cn.enterprisys.web.modules.sys.mapper.SysUserMapper.updateById - <==    Updates: 1
2023-09-01 22:47:13.085 [http-nio-8888-exec-8] DEBUG cn.enterprisys.web.modules.sys.mapper.SysUserLoginLogMapper.insert - ==>  Preparing: INSERT INTO SYS_USER_LOGIN_LOG ( ID, USER_NAME, LOGIN_TIME, IP_ADDRESS, DURATION ) VALUES ( ?, ?, ?, ?, ? ) 
2023-09-01 22:47:13.086 [http-nio-8888-exec-8] DEBUG cn.enterprisys.web.modules.sys.mapper.SysUserLoginLogMapper.insert - ==> Parameters: dd4c44ee75de20319458ae73e497b55b(String), admin(String), 2023-09-01T22:47:12.966(LocalDateTime), 127.0.0.1(String), 0(Long)
2023-09-01 22:47:13.091 [http-nio-8888-exec-8] DEBUG cn.enterprisys.web.modules.sys.mapper.SysUserLoginLogMapper.insert - <==    Updates: 1
2023-09-01 22:47:13.097 [http-nio-8888-exec-8] DEBUG cn.enterprisys.web.modules.sys.mapper.SysUserOperationLogMapper.insert - ==>  Preparing: INSERT INTO SYS_USER_OPERATION_LOG ( ID, USER_NAME, OPERATION_MODULE, OPERATION_TYPE, VISIT_METHOD, PARAMETERS, IP_ADDRESS, DURATION, OPERATION_TIME ) VALUES ( ?, ?, ?, ?, ?, ?, ?, ?, ? ) 
2023-09-01 22:47:13.098 [http-nio-8888-exec-8] DEBUG cn.enterprisys.web.modules.sys.mapper.SysUserOperationLogMapper.insert - ==> Parameters: b6dc2da3d854449003b7bba2478089e1(String), admin(String), 登录模块(String), 用户登录(String), login(String), {}(String), 127.0.0.1(String), 190(Long), 2023-09-01T22:47:13.096(LocalDateTime)
2023-09-01 22:47:13.101 [http-nio-8888-exec-8] DEBUG cn.enterprisys.web.modules.sys.mapper.SysUserOperationLogMapper.insert - <==    Updates: 1
2023-09-01 22:47:13.157 [http-nio-8888-exec-9] DEBUG cn.enterprisys.web.commons.interceptors.LoginInterceptor - 当前访问接口:/
2023-09-01 22:47:13.159 [http-nio-8888-exec-9] DEBUG cn.enterprisys.web.modules.sys.mapper.SysUserMapper.selectById - ==>  Preparing: SELECT user_id,username,password,old_password,nick_name,phone,email,disable,login_status,create_user_id,create_time,update_time,delete_time,login_time,remark,dept_id FROM SYS_USER_INFO WHERE user_id=? 
2023-09-01 22:47:13.161 [http-nio-8888-exec-9] DEBUG cn.enterprisys.web.modules.sys.mapper.SysUserMapper.selectById - ==> Parameters: 1115864462813077506(String)
2023-09-01 22:47:13.165 [http-nio-8888-exec-9] DEBUG cn.enterprisys.web.modules.sys.mapper.SysUserMapper.selectById - <==      Total: 1
2023-09-01 22:47:13.182 [http-nio-8888-exec-9] DEBUG cn.enterprisys.web.modules.sys.mapper.SysMenuMapper.selectList - ==>  Preparing: SELECT menu_id,menu_name,parent_menu_code,menu_icon,menu_type,sort,menu_code,menu_url,authorization,disable FROM SYS_MENU_INFO ORDER BY SORT DESC 
2023-09-01 22:47:13.185 [http-nio-8888-exec-9] DEBUG cn.enterprisys.web.modules.sys.mapper.SysMenuMapper.selectList - ==> Parameters: 
2023-09-01 22:47:13.203 [http-nio-8888-exec-9] DEBUG cn.enterprisys.web.modules.sys.mapper.SysMenuMapper.selectList - <==      Total: 92
2023-09-01 22:47:13.231 [http-nio-8888-exec-9] DEBUG cn.enterprisys.web.modules.sys.mapper.SysMenuMapper.selectList - ==>  Preparing: SELECT menu_id,menu_name,parent_menu_code,menu_icon,menu_type,sort,menu_code,menu_url,authorization,disable FROM SYS_MENU_INFO ORDER BY SORT DESC 
2023-09-01 22:47:13.231 [http-nio-8888-exec-9] DEBUG cn.enterprisys.web.modules.sys.mapper.SysMenuMapper.selectList - ==> Parameters: 
2023-09-01 22:47:13.238 [http-nio-8888-exec-9] DEBUG cn.enterprisys.web.modules.sys.mapper.SysMenuMapper.selectList - <==      Total: 92
2023-09-01 22:47:13.511 [http-nio-8888-exec-10] DEBUG cn.enterprisys.web.commons.interceptors.LoginInterceptor - 当前访问接口:/main.html
2023-09-01 22:47:13.512 [http-nio-8888-exec-10] DEBUG cn.enterprisys.web.modules.sys.mapper.SysUserMapper.selectById - ==>  Preparing: SELECT user_id,username,password,old_password,nick_name,phone,email,disable,login_status,create_user_id,create_time,update_time,delete_time,login_time,remark,dept_id FROM SYS_USER_INFO WHERE user_id=? 
2023-09-01 22:47:13.515 [http-nio-8888-exec-10] DEBUG cn.enterprisys.web.modules.sys.mapper.SysUserMapper.selectById - ==> Parameters: 1115864462813077506(String)
2023-09-01 22:47:13.520 [http-nio-8888-exec-10] DEBUG cn.enterprisys.web.modules.sys.mapper.SysUserMapper.selectById - <==      Total: 1
2023-09-01 22:47:16.597 [http-nio-8888-exec-1] DEBUG cn.enterprisys.web.commons.interceptors.LoginInterceptor - 当前访问接口:/custinfo/list.html
2023-09-01 22:47:16.602 [http-nio-8888-exec-1] DEBUG cn.enterprisys.web.modules.sys.mapper.SysUserMapper.selectById - ==>  Preparing: SELECT user_id,username,password,old_password,nick_name,phone,email,disable,login_status,create_user_id,create_time,update_time,delete_time,login_time,remark,dept_id FROM SYS_USER_INFO WHERE user_id=? 
2023-09-01 22:47:16.603 [http-nio-8888-exec-1] DEBUG cn.enterprisys.web.modules.sys.mapper.SysUserMapper.selectById - ==> Parameters: 1115864462813077506(String)
2023-09-01 22:47:16.604 [http-nio-8888-exec-1] DEBUG cn.enterprisys.web.modules.sys.mapper.SysUserMapper.selectById - <==      Total: 1
2023-09-01 22:47:16.807 [http-nio-8888-exec-1] DEBUG cn.enterprisys.web.commons.interceptors.LoginInterceptor - 当前访问接口:/custinfo/list
2023-09-01 22:47:16.808 [http-nio-8888-exec-1] DEBUG cn.enterprisys.web.modules.sys.mapper.SysUserMapper.selectById - ==>  Preparing: SELECT user_id,username,password,old_password,nick_name,phone,email,disable,login_status,create_user_id,create_time,update_time,delete_time,login_time,remark,dept_id FROM SYS_USER_INFO WHERE user_id=? 
2023-09-01 22:47:16.809 [http-nio-8888-exec-1] DEBUG cn.enterprisys.web.modules.sys.mapper.SysUserMapper.selectById - ==> Parameters: 1115864462813077506(String)
2023-09-01 22:47:16.812 [http-nio-8888-exec-1] DEBUG cn.enterprisys.web.modules.sys.mapper.SysUserMapper.selectById - <==      Total: 1
2023-09-01 22:47:16.868 [http-nio-8888-exec-1] DEBUG cn.enterprisys.web.modules.custinfo.mapper.TbCustomerMapper.selectPage - ==>  Preparing: SELECT COUNT(1) FROM tb_customer 
2023-09-01 22:47:16.871 [http-nio-8888-exec-1] DEBUG cn.enterprisys.web.modules.custinfo.mapper.TbCustomerMapper.selectPage - ==> Parameters: 
2023-09-01 22:47:16.886 [http-nio-8888-exec-1] DEBUG cn.enterprisys.web.modules.custinfo.mapper.TbCustomerMapper.selectPage - ==>  Preparing: SELECT id,customer_name,legal_leader,register_date,open_status,province,reg_capital,industry,scope,reg_addr,input_time,update_time,input_user_id FROM tb_customer LIMIT ?,? 
2023-09-01 22:47:16.887 [http-nio-8888-exec-1] DEBUG cn.enterprisys.web.modules.custinfo.mapper.TbCustomerMapper.selectPage - ==> Parameters: 0(Long), 10(Long)
2023-09-01 22:47:16.890 [http-nio-8888-exec-1] DEBUG cn.enterprisys.web.modules.custinfo.mapper.TbCustomerMapper.selectPage - <==      Total: 4
2023-09-01 22:47:17.587 [http-nio-8888-exec-9] DEBUG cn.enterprisys.web.commons.interceptors.LoginInterceptor - 当前访问接口:/linkman/list.html
2023-09-01 22:47:17.589 [http-nio-8888-exec-9] DEBUG cn.enterprisys.web.modules.sys.mapper.SysUserMapper.selectById - ==>  Preparing: SELECT user_id,username,password,old_password,nick_name,phone,email,disable,login_status,create_user_id,create_time,update_time,delete_time,login_time,remark,dept_id FROM SYS_USER_INFO WHERE user_id=? 
2023-09-01 22:47:17.591 [http-nio-8888-exec-9] DEBUG cn.enterprisys.web.modules.sys.mapper.SysUserMapper.selectById - ==> Parameters: 1115864462813077506(String)
2023-09-01 22:47:17.593 [http-nio-8888-exec-9] DEBUG cn.enterprisys.web.modules.sys.mapper.SysUserMapper.selectById - <==      Total: 1
2023-09-01 22:47:17.598 [http-nio-8888-exec-9] DEBUG cn.enterprisys.web.modules.custinfo.mapper.TbCustomerMapper.selectList - ==>  Preparing: SELECT id,customer_name,legal_leader,register_date,open_status,province,reg_capital,industry,scope,reg_addr,input_time,update_time,input_user_id FROM tb_customer 
2023-09-01 22:47:17.599 [http-nio-8888-exec-9] DEBUG cn.enterprisys.web.modules.custinfo.mapper.TbCustomerMapper.selectList - ==> Parameters: 
2023-09-01 22:47:17.600 [http-nio-8888-exec-9] DEBUG cn.enterprisys.web.modules.custinfo.mapper.TbCustomerMapper.selectList - <==      Total: 4
2023-09-01 22:47:17.673 [http-nio-8888-exec-2] DEBUG cn.enterprisys.web.commons.interceptors.LoginInterceptor - 当前访问接口:/linkman/list
2023-09-01 22:47:17.674 [http-nio-8888-exec-2] DEBUG cn.enterprisys.web.modules.sys.mapper.SysUserMapper.selectById - ==>  Preparing: SELECT user_id,username,password,old_password,nick_name,phone,email,disable,login_status,create_user_id,create_time,update_time,delete_time,login_time,remark,dept_id FROM SYS_USER_INFO WHERE user_id=? 
2023-09-01 22:47:17.675 [http-nio-8888-exec-2] DEBUG cn.enterprisys.web.modules.sys.mapper.SysUserMapper.selectById - ==> Parameters: 1115864462813077506(String)
2023-09-01 22:47:17.676 [http-nio-8888-exec-2] DEBUG cn.enterprisys.web.modules.sys.mapper.SysUserMapper.selectById - <==      Total: 1
2023-09-01 22:47:17.684 [http-nio-8888-exec-2] DEBUG cn.enterprisys.web.modules.linkman.mapper.TbCustLinkmanMapper.selectPage - ==>  Preparing: SELECT COUNT(1) FROM tb_cust_linkman 
2023-09-01 22:47:17.684 [http-nio-8888-exec-2] DEBUG cn.enterprisys.web.modules.linkman.mapper.TbCustLinkmanMapper.selectPage - ==> Parameters: 
2023-09-01 22:47:17.690 [http-nio-8888-exec-2] DEBUG cn.enterprisys.web.modules.linkman.mapper.TbCustLinkmanMapper.selectPage - ==>  Preparing: SELECT id,cust_id,linkman,sex,age,phone,position,department,remark,office_status,input_user,input_time FROM tb_cust_linkman LIMIT ?,? 
2023-09-01 22:47:17.690 [http-nio-8888-exec-2] DEBUG cn.enterprisys.web.modules.linkman.mapper.TbCustLinkmanMapper.selectPage - ==> Parameters: 0(Long), 10(Long)
2023-09-01 22:47:17.694 [http-nio-8888-exec-2] DEBUG cn.enterprisys.web.modules.linkman.mapper.TbCustLinkmanMapper.selectPage - <==      Total: 4
2023-09-01 22:47:17.696 [http-nio-8888-exec-2] DEBUG cn.enterprisys.web.modules.custinfo.mapper.TbCustomerMapper.selectById - ==>  Preparing: SELECT id,customer_name,legal_leader,register_date,open_status,province,reg_capital,industry,scope,reg_addr,input_time,update_time,input_user_id FROM tb_customer WHERE id=? 
2023-09-01 22:47:17.697 [http-nio-8888-exec-2] DEBUG cn.enterprisys.web.modules.custinfo.mapper.TbCustomerMapper.selectById - ==> Parameters: b3f65b2d929e48dd5838721d84400625(String)
2023-09-01 22:47:17.698 [http-nio-8888-exec-2] DEBUG cn.enterprisys.web.modules.custinfo.mapper.TbCustomerMapper.selectById - <==      Total: 1
2023-09-01 22:47:17.699 [http-nio-8888-exec-2] DEBUG cn.enterprisys.web.modules.custinfo.mapper.TbCustomerMapper.selectById - ==>  Preparing: SELECT id,customer_name,legal_leader,register_date,open_status,province,reg_capital,industry,scope,reg_addr,input_time,update_time,input_user_id FROM tb_customer WHERE id=? 
2023-09-01 22:47:17.699 [http-nio-8888-exec-2] DEBUG cn.enterprisys.web.modules.custinfo.mapper.TbCustomerMapper.selectById - ==> Parameters: 65cff9a0d4f6b84e79c898f57e262837(String)
2023-09-01 22:47:17.700 [http-nio-8888-exec-2] DEBUG cn.enterprisys.web.modules.custinfo.mapper.TbCustomerMapper.selectById - <==      Total: 1
2023-09-01 22:47:17.701 [http-nio-8888-exec-2] DEBUG cn.enterprisys.web.modules.custinfo.mapper.TbCustomerMapper.selectById - ==>  Preparing: SELECT id,customer_name,legal_leader,register_date,open_status,province,reg_capital,industry,scope,reg_addr,input_time,update_time,input_user_id FROM tb_customer WHERE id=? 
2023-09-01 22:47:17.702 [http-nio-8888-exec-2] DEBUG cn.enterprisys.web.modules.custinfo.mapper.TbCustomerMapper.selectById - ==> Parameters: 65cff9a0d4f6b84e79c898f57e262837(String)
2023-09-01 22:47:17.703 [http-nio-8888-exec-2] DEBUG cn.enterprisys.web.modules.custinfo.mapper.TbCustomerMapper.selectById - <==      Total: 1
2023-09-01 22:47:17.704 [http-nio-8888-exec-2] DEBUG cn.enterprisys.web.modules.custinfo.mapper.TbCustomerMapper.selectById - ==>  Preparing: SELECT id,customer_name,legal_leader,register_date,open_status,province,reg_capital,industry,scope,reg_addr,input_time,update_time,input_user_id FROM tb_customer WHERE id=? 
2023-09-01 22:47:17.705 [http-nio-8888-exec-2] DEBUG cn.enterprisys.web.modules.custinfo.mapper.TbCustomerMapper.selectById - ==> Parameters: d1318d329943f2ab8b140b53bc93473e(String)
2023-09-01 22:47:17.708 [http-nio-8888-exec-2] DEBUG cn.enterprisys.web.modules.custinfo.mapper.TbCustomerMapper.selectById - <==      Total: 1
2023-09-01 22:47:19.353 [http-nio-8888-exec-4] DEBUG cn.enterprisys.web.commons.interceptors.LoginInterceptor - 当前访问接口:/visitinfo/list.html
2023-09-01 22:47:19.354 [http-nio-8888-exec-4] DEBUG cn.enterprisys.web.modules.sys.mapper.SysUserMapper.selectById - ==>  Preparing: SELECT user_id,username,password,old_password,nick_name,phone,email,disable,login_status,create_user_id,create_time,update_time,delete_time,login_time,remark,dept_id FROM SYS_USER_INFO WHERE user_id=? 
2023-09-01 22:47:19.354 [http-nio-8888-exec-4] DEBUG cn.enterprisys.web.modules.sys.mapper.SysUserMapper.selectById - ==> Parameters: 1115864462813077506(String)
2023-09-01 22:47:19.355 [http-nio-8888-exec-4] DEBUG cn.enterprisys.web.modules.sys.mapper.SysUserMapper.selectById - <==      Total: 1
2023-09-01 22:47:19.417 [http-nio-8888-exec-7] DEBUG cn.enterprisys.web.commons.interceptors.LoginInterceptor - 当前访问接口:/visitinfo/list
2023-09-01 22:47:19.418 [http-nio-8888-exec-7] DEBUG cn.enterprisys.web.modules.sys.mapper.SysUserMapper.selectById - ==>  Preparing: SELECT user_id,username,password,old_password,nick_name,phone,email,disable,login_status,create_user_id,create_time,update_time,delete_time,login_time,remark,dept_id FROM SYS_USER_INFO WHERE user_id=? 
2023-09-01 22:47:19.419 [http-nio-8888-exec-7] DEBUG cn.enterprisys.web.modules.sys.mapper.SysUserMapper.selectById - ==> Parameters: 1115864462813077506(String)
2023-09-01 22:47:19.420 [http-nio-8888-exec-7] DEBUG cn.enterprisys.web.modules.sys.mapper.SysUserMapper.selectById - <==      Total: 1
2023-09-01 22:47:19.426 [http-nio-8888-exec-7] DEBUG cn.enterprisys.web.modules.visitinfo.mapper.TbVisitMapper.selectPage - ==>  Preparing: SELECT COUNT(1) FROM tb_visit 
2023-09-01 22:47:19.429 [http-nio-8888-exec-7] DEBUG cn.enterprisys.web.modules.visitinfo.mapper.TbVisitMapper.selectPage - ==> Parameters: 
2023-09-01 22:47:19.435 [http-nio-8888-exec-7] DEBUG cn.enterprisys.web.modules.visitinfo.mapper.TbVisitMapper.selectPage - ==>  Preparing: SELECT id,cust_id,linkman_id,visit_type,visit_reason,content,visit_date,input_user,input_time FROM tb_visit LIMIT ?,? 
2023-09-01 22:47:19.435 [http-nio-8888-exec-7] DEBUG cn.enterprisys.web.modules.visitinfo.mapper.TbVisitMapper.selectPage - ==> Parameters: 0(Long), 10(Long)
2023-09-01 22:47:19.436 [http-nio-8888-exec-7] DEBUG cn.enterprisys.web.modules.visitinfo.mapper.TbVisitMapper.selectPage - <==      Total: 1
2023-09-01 22:47:22.379 [http-nio-8888-exec-10] DEBUG cn.enterprisys.web.commons.interceptors.LoginInterceptor - 当前访问接口:/user/list.html
2023-09-01 22:47:22.381 [http-nio-8888-exec-10] DEBUG cn.enterprisys.web.modules.sys.mapper.SysUserMapper.selectById - ==>  Preparing: SELECT user_id,username,password,old_password,nick_name,phone,email,disable,login_status,create_user_id,create_time,update_time,delete_time,login_time,remark,dept_id FROM SYS_USER_INFO WHERE user_id=? 
2023-09-01 22:47:22.382 [http-nio-8888-exec-10] DEBUG cn.enterprisys.web.modules.sys.mapper.SysUserMapper.selectById - ==> Parameters: 1115864462813077506(String)
2023-09-01 22:47:22.383 [http-nio-8888-exec-10] DEBUG cn.enterprisys.web.modules.sys.mapper.SysUserMapper.selectById - <==      Total: 1
2023-09-01 22:47:22.394 [http-nio-8888-exec-10] DEBUG cn.enterprisys.web.modules.sys.mapper.SysRoleInfoMapper.selectList - ==>  Preparing: SELECT ROLE_ID,PID,NUMBER_LEVEL,BUSINESS_LEVEL,ROLE_NAME,DESCRIPTION,ROLE_CODE,CREATE_TIME,DISABLE FROM SYS_ROLE_INFO WHERE (DISABLE = ?) 
2023-09-01 22:47:22.395 [http-nio-8888-exec-10] DEBUG cn.enterprisys.web.modules.sys.mapper.SysRoleInfoMapper.selectList - ==> Parameters: 0(Integer)
2023-09-01 22:47:22.399 [http-nio-8888-exec-10] DEBUG cn.enterprisys.web.modules.sys.mapper.SysRoleInfoMapper.selectList - <==      Total: 7
2023-09-01 22:47:22.498 [http-nio-8888-exec-3] DEBUG cn.enterprisys.web.commons.interceptors.LoginInterceptor - 当前访问接口:/dept/tree
2023-09-01 22:47:22.499 [http-nio-8888-exec-3] DEBUG cn.enterprisys.web.modules.sys.mapper.SysUserMapper.selectById - ==>  Preparing: SELECT user_id,username,password,old_password,nick_name,phone,email,disable,login_status,create_user_id,create_time,update_time,delete_time,login_time,remark,dept_id FROM SYS_USER_INFO WHERE user_id=? 
2023-09-01 22:47:22.499 [http-nio-8888-exec-3] DEBUG cn.enterprisys.web.modules.sys.mapper.SysUserMapper.selectById - ==> Parameters: 1115864462813077506(String)
2023-09-01 22:47:22.500 [http-nio-8888-exec-3] DEBUG cn.enterprisys.web.modules.sys.mapper.SysUserMapper.selectById - <==      Total: 1
2023-09-01 22:47:22.504 [http-nio-8888-exec-7] DEBUG cn.enterprisys.web.commons.interceptors.LoginInterceptor - 当前访问接口:/user/userList
2023-09-01 22:47:22.505 [http-nio-8888-exec-7] DEBUG cn.enterprisys.web.modules.sys.mapper.SysUserMapper.selectById - ==>  Preparing: SELECT user_id,username,password,old_password,nick_name,phone,email,disable,login_status,create_user_id,create_time,update_time,delete_time,login_time,remark,dept_id FROM SYS_USER_INFO WHERE user_id=? 
2023-09-01 22:47:22.506 [http-nio-8888-exec-7] DEBUG cn.enterprisys.web.modules.sys.mapper.SysUserMapper.selectById - ==> Parameters: 1115864462813077506(String)
2023-09-01 22:47:22.508 [http-nio-8888-exec-7] DEBUG cn.enterprisys.web.modules.sys.mapper.SysUserMapper.selectById - <==      Total: 1
2023-09-01 22:47:22.517 [http-nio-8888-exec-3] DEBUG cn.enterprisys.web.modules.sys.mapper.SysDeptMapper.selectList - ==>  Preparing: SELECT dept_id,DEPT_NAME,PARENT_DEPT_ID,DEPT_PATH,NUMBER_LEVEL,BUSINESS_LEVEL,DEPT_LEVEL,DISABLE FROM SYS_DEPT_INFO WHERE (DISABLE = ?) 
2023-09-01 22:47:22.518 [http-nio-8888-exec-3] DEBUG cn.enterprisys.web.modules.sys.mapper.SysDeptMapper.selectList - ==> Parameters: 0(Integer)
2023-09-01 22:47:22.525 [http-nio-8888-exec-3] DEBUG cn.enterprisys.web.modules.sys.mapper.SysDeptMapper.selectList - <==      Total: 5
2023-09-01 22:47:22.540 [http-nio-8888-exec-7] DEBUG cn.enterprisys.web.modules.sys.mapper.UserMapper.queryList - ==>  Preparing: SELECT COUNT(1) FROM ( SELECT A.USER_ID, A.USERNAME, A.NICK_NAME, A.PHONE, A.CREATE_TIME, A.UPDATE_TIME, A.EMAIL, A.DISABLE, A.LOGIN_STATUS, A.CREATE_USER_ID, A.DELETE_TIME, A.LOGIN_TIME, A.DEPT_ID, B.DEPT_NAME, B.DEPT_PATH FROM SYS_USER_INFO A LEFT JOIN SYS_DEPT_INFO B ON A.DEPT_ID = B.DEPT_ID ORDER BY A.DISABLE DESC, A.LOGIN_TIME DESC ) TOTAL 
2023-09-01 22:47:22.545 [http-nio-8888-exec-7] DEBUG cn.enterprisys.web.modules.sys.mapper.UserMapper.queryList - ==> Parameters: 
2023-09-01 22:47:22.547 [http-nio-8888-exec-7] DEBUG cn.enterprisys.web.modules.sys.mapper.UserMapper.queryList - ==>  Preparing: SELECT A.USER_ID, A.USERNAME, A.NICK_NAME, A.PHONE, A.CREATE_TIME, A.UPDATE_TIME, A.EMAIL, A.DISABLE, A.LOGIN_STATUS, A.CREATE_USER_ID, A.DELETE_TIME, A.LOGIN_TIME, A.DEPT_ID, B.DEPT_NAME, B.DEPT_PATH FROM SYS_USER_INFO A LEFT JOIN SYS_DEPT_INFO B ON A.DEPT_ID = B.DEPT_ID ORDER BY A.DISABLE DESC, A.LOGIN_TIME DESC LIMIT ?,? 
2023-09-01 22:47:22.548 [http-nio-8888-exec-7] DEBUG cn.enterprisys.web.modules.sys.mapper.UserMapper.queryList - ==> Parameters: 0(Long), 10(Long)
2023-09-01 22:47:22.554 [http-nio-8888-exec-7] DEBUG cn.enterprisys.web.modules.sys.mapper.UserMapper.queryList - <==      Total: 10
2023-09-01 22:47:22.557 [http-nio-8888-exec-7] DEBUG cn.enterprisys.web.modules.sys.mapper.SysRoleInfoMapper.queryUserRole - ==>  Preparing: SELECT r.ROLE_ID, r.ROLE_NAME, r.DESCRIPTION, r.ROLE_CODE, r.CREATE_TIME, r.DISABLE FROM SYS_ROLE_INFO r INNER JOIN SYS_USER_ROLE ur ON ur.ROLE_ID = r.ROLE_ID WHERE ur.USER_ID = ? AND r.DISABLE = 0 
2023-09-01 22:47:22.559 [http-nio-8888-exec-7] DEBUG cn.enterprisys.web.modules.sys.mapper.SysRoleInfoMapper.queryUserRole - ==> Parameters: 1147850266972839937(String)
2023-09-01 22:47:22.562 [http-nio-8888-exec-7] DEBUG cn.enterprisys.web.modules.sys.mapper.SysRoleInfoMapper.queryUserRole - <==      Total: 1
2023-09-01 22:47:22.564 [http-nio-8888-exec-7] DEBUG cn.enterprisys.web.modules.sys.mapper.SysRoleInfoMapper.queryUserRole - ==>  Preparing: SELECT r.ROLE_ID, r.ROLE_NAME, r.DESCRIPTION, r.ROLE_CODE, r.CREATE_TIME, r.DISABLE FROM SYS_ROLE_INFO r INNER JOIN SYS_USER_ROLE ur ON ur.ROLE_ID = r.ROLE_ID WHERE ur.USER_ID = ? AND r.DISABLE = 0 
2023-09-01 22:47:22.565 [http-nio-8888-exec-7] DEBUG cn.enterprisys.web.modules.sys.mapper.SysRoleInfoMapper.queryUserRole - ==> Parameters: 1115864230968729601(String)
2023-09-01 22:47:22.566 [http-nio-8888-exec-7] DEBUG cn.enterprisys.web.modules.sys.mapper.SysRoleInfoMapper.queryUserRole - <==      Total: 1
2023-09-01 22:47:22.567 [http-nio-8888-exec-7] DEBUG cn.enterprisys.web.modules.sys.mapper.SysRoleInfoMapper.queryUserRole - ==>  Preparing: SELECT r.ROLE_ID, r.ROLE_NAME, r.DESCRIPTION, r.ROLE_CODE, r.CREATE_TIME, r.DISABLE FROM SYS_ROLE_INFO r INNER JOIN SYS_USER_ROLE ur ON ur.ROLE_ID = r.ROLE_ID WHERE ur.USER_ID = ? AND r.DISABLE = 0 
2023-09-01 22:47:22.568 [http-nio-8888-exec-7] DEBUG cn.enterprisys.web.modules.sys.mapper.SysRoleInfoMapper.queryUserRole - ==> Parameters: 1138460331855884289(String)
2023-09-01 22:47:22.571 [http-nio-8888-exec-7] DEBUG cn.enterprisys.web.modules.sys.mapper.SysRoleInfoMapper.queryUserRole - <==      Total: 2
2023-09-01 22:47:22.572 [http-nio-8888-exec-7] DEBUG cn.enterprisys.web.modules.sys.mapper.SysRoleInfoMapper.queryUserRole - ==>  Preparing: SELECT r.ROLE_ID, r.ROLE_NAME, r.DESCRIPTION, r.ROLE_CODE, r.CREATE_TIME, r.DISABLE FROM SYS_ROLE_INFO r INNER JOIN SYS_USER_ROLE ur ON ur.ROLE_ID = r.ROLE_ID WHERE ur.USER_ID = ? AND r.DISABLE = 0 
2023-09-01 22:47:22.573 [http-nio-8888-exec-7] DEBUG cn.enterprisys.web.modules.sys.mapper.SysRoleInfoMapper.queryUserRole - ==> Parameters: 1138463481715273730(String)
2023-09-01 22:47:22.574 [http-nio-8888-exec-7] DEBUG cn.enterprisys.web.modules.sys.mapper.SysRoleInfoMapper.queryUserRole - <==      Total: 1
2023-09-01 22:47:22.575 [http-nio-8888-exec-7] DEBUG cn.enterprisys.web.modules.sys.mapper.SysRoleInfoMapper.queryUserRole - ==>  Preparing: SELECT r.ROLE_ID, r.ROLE_NAME, r.DESCRIPTION, r.ROLE_CODE, r.CREATE_TIME, r.DISABLE FROM SYS_ROLE_INFO r INNER JOIN SYS_USER_ROLE ur ON ur.ROLE_ID = r.ROLE_ID WHERE ur.USER_ID = ? AND r.DISABLE = 0 
2023-09-01 22:47:22.576 [http-nio-8888-exec-7] DEBUG cn.enterprisys.web.modules.sys.mapper.SysRoleInfoMapper.queryUserRole - ==> Parameters: 1138465382401953793(String)
2023-09-01 22:47:22.577 [http-nio-8888-exec-7] DEBUG cn.enterprisys.web.modules.sys.mapper.SysRoleInfoMapper.queryUserRole - <==      Total: 1
2023-09-01 22:47:22.578 [http-nio-8888-exec-7] DEBUG cn.enterprisys.web.modules.sys.mapper.SysRoleInfoMapper.queryUserRole - ==>  Preparing: SELECT r.ROLE_ID, r.ROLE_NAME, r.DESCRIPTION, r.ROLE_CODE, r.CREATE_TIME, r.DISABLE FROM SYS_ROLE_INFO r INNER JOIN SYS_USER_ROLE ur ON ur.ROLE_ID = r.ROLE_ID WHERE ur.USER_ID = ? AND r.DISABLE = 0 
2023-09-01 22:47:22.579 [http-nio-8888-exec-7] DEBUG cn.enterprisys.web.modules.sys.mapper.SysRoleInfoMapper.queryUserRole - ==> Parameters: 1157842323041148930(String)
2023-09-01 22:47:22.580 [http-nio-8888-exec-7] DEBUG cn.enterprisys.web.modules.sys.mapper.SysRoleInfoMapper.queryUserRole - <==      Total: 1
2023-09-01 22:47:22.581 [http-nio-8888-exec-7] DEBUG cn.enterprisys.web.modules.sys.mapper.SysRoleInfoMapper.queryUserRole - ==>  Preparing: SELECT r.ROLE_ID, r.ROLE_NAME, r.DESCRIPTION, r.ROLE_CODE, r.CREATE_TIME, r.DISABLE FROM SYS_ROLE_INFO r INNER JOIN SYS_USER_ROLE ur ON ur.ROLE_ID = r.ROLE_ID WHERE ur.USER_ID = ? AND r.DISABLE = 0 
2023-09-01 22:47:22.581 [http-nio-8888-exec-7] DEBUG cn.enterprisys.web.modules.sys.mapper.SysRoleInfoMapper.queryUserRole - ==> Parameters: 1157842678214811649(String)
2023-09-01 22:47:22.582 [http-nio-8888-exec-7] DEBUG cn.enterprisys.web.modules.sys.mapper.SysRoleInfoMapper.queryUserRole - <==      Total: 1
2023-09-01 22:47:22.585 [http-nio-8888-exec-7] DEBUG cn.enterprisys.web.modules.sys.mapper.SysRoleInfoMapper.queryUserRole - ==>  Preparing: SELECT r.ROLE_ID, r.ROLE_NAME, r.DESCRIPTION, r.ROLE_CODE, r.CREATE_TIME, r.DISABLE FROM SYS_ROLE_INFO r INNER JOIN SYS_USER_ROLE ur ON ur.ROLE_ID = r.ROLE_ID WHERE ur.USER_ID = ? AND r.DISABLE = 0 
2023-09-01 22:47:22.587 [http-nio-8888-exec-7] DEBUG cn.enterprisys.web.modules.sys.mapper.SysRoleInfoMapper.queryUserRole - ==> Parameters: 1227877059054125057(String)
2023-09-01 22:47:22.589 [http-nio-8888-exec-7] DEBUG cn.enterprisys.web.modules.sys.mapper.SysRoleInfoMapper.queryUserRole - <==      Total: 1
2023-09-01 22:47:22.590 [http-nio-8888-exec-7] DEBUG cn.enterprisys.web.modules.sys.mapper.SysRoleInfoMapper.queryUserRole - ==>  Preparing: SELECT r.ROLE_ID, r.ROLE_NAME, r.DESCRIPTION, r.ROLE_CODE, r.CREATE_TIME, r.DISABLE FROM SYS_ROLE_INFO r INNER JOIN SYS_USER_ROLE ur ON ur.ROLE_ID = r.ROLE_ID WHERE ur.USER_ID = ? AND r.DISABLE = 0 
2023-09-01 22:47:22.591 [http-nio-8888-exec-7] DEBUG cn.enterprisys.web.modules.sys.mapper.SysRoleInfoMapper.queryUserRole - ==> Parameters: 1115864462813077506(String)
2023-09-01 22:47:22.592 [http-nio-8888-exec-7] DEBUG cn.enterprisys.web.modules.sys.mapper.SysRoleInfoMapper.queryUserRole - <==      Total: 1
2023-09-01 22:47:22.593 [http-nio-8888-exec-7] DEBUG cn.enterprisys.web.modules.sys.mapper.SysRoleInfoMapper.queryUserRole - ==>  Preparing: SELECT r.ROLE_ID, r.ROLE_NAME, r.DESCRIPTION, r.ROLE_CODE, r.CREATE_TIME, r.DISABLE FROM SYS_ROLE_INFO r INNER JOIN SYS_USER_ROLE ur ON ur.ROLE_ID = r.ROLE_ID WHERE ur.USER_ID = ? AND r.DISABLE = 0 
2023-09-01 22:47:22.594 [http-nio-8888-exec-7] DEBUG cn.enterprisys.web.modules.sys.mapper.SysRoleInfoMapper.queryUserRole - ==> Parameters: 1189475248153251842(String)
2023-09-01 22:47:22.595 [http-nio-8888-exec-7] DEBUG cn.enterprisys.web.modules.sys.mapper.SysRoleInfoMapper.queryUserRole - <==      Total: 1
2023-09-01 22:47:22.624 [http-nio-8888-exec-7] DEBUG cn.enterprisys.web.modules.sys.mapper.SysUserOperationLogMapper.insert - ==>  Preparing: INSERT INTO SYS_USER_OPERATION_LOG ( ID, USER_NAME, OPERATION_MODULE, OPERATION_TYPE, VISIT_METHOD, PARAMETERS, IP_ADDRESS, DURATION, OPERATION_TIME ) VALUES ( ?, ?, ?, ?, ?, ?, ?, ?, ? ) 
2023-09-01 22:47:22.625 [http-nio-8888-exec-7] DEBUG cn.enterprisys.web.modules.sys.mapper.SysUserOperationLogMapper.insert - ==> Parameters: fb765f91d1718b9a6ecd7aff6799f618(String), admin(String), 用户管理(String), 列表(String), page(String), {"limit":"10","page":"1"}(String), 127.0.0.1(String), 70(Long), 2023-09-01T22:47:22.622(LocalDateTime)
2023-09-01 22:47:22.628 [http-nio-8888-exec-7] DEBUG cn.enterprisys.web.modules.sys.mapper.SysUserOperationLogMapper.insert - <==    Updates: 1
2023-09-01 22:47:23.380 [http-nio-8888-exec-6] DEBUG cn.enterprisys.web.commons.interceptors.LoginInterceptor - 当前访问接口:/role/list.html
2023-09-01 22:47:23.381 [http-nio-8888-exec-6] DEBUG cn.enterprisys.web.modules.sys.mapper.SysUserMapper.selectById - ==>  Preparing: SELECT user_id,username,password,old_password,nick_name,phone,email,disable,login_status,create_user_id,create_time,update_time,delete_time,login_time,remark,dept_id FROM SYS_USER_INFO WHERE user_id=? 
2023-09-01 22:47:23.382 [http-nio-8888-exec-6] DEBUG cn.enterprisys.web.modules.sys.mapper.SysUserMapper.selectById - ==> Parameters: 1115864462813077506(String)
2023-09-01 22:47:23.383 [http-nio-8888-exec-6] DEBUG cn.enterprisys.web.modules.sys.mapper.SysUserMapper.selectById - <==      Total: 1
2023-09-01 22:47:23.495 [http-nio-8888-exec-8] DEBUG cn.enterprisys.web.commons.interceptors.LoginInterceptor - 当前访问接口:/role/roleList
2023-09-01 22:47:23.496 [http-nio-8888-exec-8] DEBUG cn.enterprisys.web.modules.sys.mapper.SysUserMapper.selectById - ==>  Preparing: SELECT user_id,username,password,old_password,nick_name,phone,email,disable,login_status,create_user_id,create_time,update_time,delete_time,login_time,remark,dept_id FROM SYS_USER_INFO WHERE user_id=? 
2023-09-01 22:47:23.496 [http-nio-8888-exec-8] DEBUG cn.enterprisys.web.modules.sys.mapper.SysUserMapper.selectById - ==> Parameters: 1115864462813077506(String)
2023-09-01 22:47:23.497 [http-nio-8888-exec-8] DEBUG cn.enterprisys.web.modules.sys.mapper.SysUserMapper.selectById - <==      Total: 1
2023-09-01 22:47:23.508 [http-nio-8888-exec-8] DEBUG cn.enterprisys.web.modules.sys.mapper.SysRoleInfoMapper.selectList - ==>  Preparing: SELECT ROLE_ID,PID,NUMBER_LEVEL,BUSINESS_LEVEL,ROLE_NAME,DESCRIPTION,ROLE_CODE,CREATE_TIME,DISABLE FROM SYS_ROLE_INFO 
2023-09-01 22:47:23.509 [http-nio-8888-exec-8] DEBUG cn.enterprisys.web.modules.sys.mapper.SysRoleInfoMapper.selectList - ==> Parameters: 
2023-09-01 22:47:23.511 [http-nio-8888-exec-8] DEBUG cn.enterprisys.web.modules.sys.mapper.SysRoleInfoMapper.selectList - <==      Total: 7
2023-09-01 22:47:37.297 [http-nio-8888-exec-2] DEBUG cn.enterprisys.web.commons.interceptors.LoginInterceptor - 当前访问接口:/menu/list.html
2023-09-01 22:47:37.300 [http-nio-8888-exec-2] DEBUG cn.enterprisys.web.modules.sys.mapper.SysUserMapper.selectById - ==>  Preparing: SELECT user_id,username,password,old_password,nick_name,phone,email,disable,login_status,create_user_id,create_time,update_time,delete_time,login_time,remark,dept_id FROM SYS_USER_INFO WHERE user_id=? 
2023-09-01 22:47:37.301 [http-nio-8888-exec-2] DEBUG cn.enterprisys.web.modules.sys.mapper.SysUserMapper.selectById - ==> Parameters: 1115864462813077506(String)
2023-09-01 22:47:37.302 [http-nio-8888-exec-2] DEBUG cn.enterprisys.web.modules.sys.mapper.SysUserMapper.selectById - <==      Total: 1
2023-09-01 22:47:37.370 [http-nio-8888-exec-6] DEBUG cn.enterprisys.web.commons.interceptors.LoginInterceptor - 当前访问接口:/menu/menuList
2023-09-01 22:47:37.371 [http-nio-8888-exec-6] DEBUG cn.enterprisys.web.modules.sys.mapper.SysUserMapper.selectById - ==>  Preparing: SELECT user_id,username,password,old_password,nick_name,phone,email,disable,login_status,create_user_id,create_time,update_time,delete_time,login_time,remark,dept_id FROM SYS_USER_INFO WHERE user_id=? 
2023-09-01 22:47:37.374 [http-nio-8888-exec-6] DEBUG cn.enterprisys.web.modules.sys.mapper.SysUserMapper.selectById - ==> Parameters: 1115864462813077506(String)
2023-09-01 22:47:37.377 [http-nio-8888-exec-6] DEBUG cn.enterprisys.web.modules.sys.mapper.SysUserMapper.selectById - <==      Total: 1
2023-09-01 22:47:37.381 [http-nio-8888-exec-6] DEBUG cn.enterprisys.web.modules.sys.mapper.SysMenuMapper.selectList - ==>  Preparing: SELECT menu_id,menu_name,parent_menu_code,menu_icon,menu_type,sort,menu_code,menu_url,authorization,disable FROM SYS_MENU_INFO 
2023-09-01 22:47:37.381 [http-nio-8888-exec-6] DEBUG cn.enterprisys.web.modules.sys.mapper.SysMenuMapper.selectList - ==> Parameters: 
2023-09-01 22:47:37.385 [http-nio-8888-exec-6] DEBUG cn.enterprisys.web.modules.sys.mapper.SysMenuMapper.selectList - <==      Total: 92
2023-09-01 22:47:38.538 [http-nio-8888-exec-1] DEBUG cn.enterprisys.web.commons.interceptors.LoginInterceptor - 当前访问接口:/dataDict/dictList.html
2023-09-01 22:47:38.539 [http-nio-8888-exec-1] DEBUG cn.enterprisys.web.modules.sys.mapper.SysUserMapper.selectById - ==>  Preparing: SELECT user_id,username,password,old_password,nick_name,phone,email,disable,login_status,create_user_id,create_time,update_time,delete_time,login_time,remark,dept_id FROM SYS_USER_INFO WHERE user_id=? 
2023-09-01 22:47:38.540 [http-nio-8888-exec-1] DEBUG cn.enterprisys.web.modules.sys.mapper.SysUserMapper.selectById - ==> Parameters: 1115864462813077506(String)
2023-09-01 22:47:38.541 [http-nio-8888-exec-1] DEBUG cn.enterprisys.web.modules.sys.mapper.SysUserMapper.selectById - <==      Total: 1
2023-09-01 22:47:38.554 [http-nio-8888-exec-1] DEBUG cn.enterprisys.web.modules.sys.mapper.SysDictMapper.selectList - ==>  Preparing: SELECT DICE_CODE,DICE_NAME FROM SYS_DICE_INFO ORDER BY SORT DESC 
2023-09-01 22:47:38.555 [http-nio-8888-exec-1] DEBUG cn.enterprisys.web.modules.sys.mapper.SysDictMapper.selectList - ==> Parameters: 
2023-09-01 22:47:38.559 [http-nio-8888-exec-1] DEBUG cn.enterprisys.web.modules.sys.mapper.SysDictMapper.selectList - <==      Total: 14
2023-09-01 22:47:38.670 [http-nio-8888-exec-2] DEBUG cn.enterprisys.web.commons.interceptors.LoginInterceptor - 当前访问接口:/dataDict/dictList
2023-09-01 22:47:38.671 [http-nio-8888-exec-2] DEBUG cn.enterprisys.web.modules.sys.mapper.SysUserMapper.selectById - ==>  Preparing: SELECT user_id,username,password,old_password,nick_name,phone,email,disable,login_status,create_user_id,create_time,update_time,delete_time,login_time,remark,dept_id FROM SYS_USER_INFO WHERE user_id=? 
2023-09-01 22:47:38.672 [http-nio-8888-exec-2] DEBUG cn.enterprisys.web.modules.sys.mapper.SysUserMapper.selectById - ==> Parameters: 1115864462813077506(String)
2023-09-01 22:47:38.674 [http-nio-8888-exec-2] DEBUG cn.enterprisys.web.modules.sys.mapper.SysUserMapper.selectById - <==      Total: 1
2023-09-01 22:47:38.684 [http-nio-8888-exec-2] DEBUG cn.enterprisys.web.modules.sys.mapper.SysDictMapper.selectList - ==>  Preparing: SELECT id,DICE_NAME,DICE_CODE,PARENT_DICE_CODE,DICE_VALUE,SORT,DESCRIPTION,DISABLE FROM SYS_DICE_INFO 
2023-09-01 22:47:38.685 [http-nio-8888-exec-2] DEBUG cn.enterprisys.web.modules.sys.mapper.SysDictMapper.selectList - ==> Parameters: 
2023-09-01 22:47:38.687 [http-nio-8888-exec-2] DEBUG cn.enterprisys.web.modules.sys.mapper.SysDictMapper.selectList - <==      Total: 14
2023-09-01 22:47:38.689 [http-nio-8888-exec-2] DEBUG cn.enterprisys.web.modules.sys.mapper.SysUserOperationLogMapper.insert - ==>  Preparing: INSERT INTO SYS_USER_OPERATION_LOG ( ID, USER_NAME, OPERATION_MODULE, OPERATION_TYPE, VISIT_METHOD, PARAMETERS, IP_ADDRESS, DURATION, OPERATION_TIME ) VALUES ( ?, ?, ?, ?, ?, ?, ?, ?, ? ) 
2023-09-01 22:47:38.690 [http-nio-8888-exec-2] DEBUG cn.enterprisys.web.modules.sys.mapper.SysUserOperationLogMapper.insert - ==> Parameters: b0edc6c3735905ca657b46f03d268d0f(String), admin(String), 数据字典(String), 列表(String), page(String), {"diceCodes":"","dictName":""}(String), 127.0.0.1(String), 7(Long), 2023-09-01T22:47:38.688(LocalDateTime)
2023-09-01 22:47:38.693 [http-nio-8888-exec-2] DEBUG cn.enterprisys.web.modules.sys.mapper.SysUserOperationLogMapper.insert - <==    Updates: 1
2023-09-01 22:47:39.371 [MessageBroker-2] INFO  org.springframework.web.socket.config.WebSocketMessageBrokerStats - WebSocketSession[0 current WS(0)-HttpStream(0)-HttpPoll(0), 0 total, 0 closed abnormally (0 connect failure, 0 send limit, 0 transport error)], stompSubProtocol[processed CONNECT(0)-CONNECTED(0)-DISCONNECT(0)], stompBrokerRelay[null], inboundChannel[pool size = 0, active threads = 0, queued tasks = 0, completed tasks = 0], outboundChannel[pool size = 0, active threads = 0, queued tasks = 0, completed tasks = 0], sockJsScheduler[pool size = 3, active threads = 1, queued tasks = 1, completed tasks = 1]
2023-09-01 22:47:39.621 [http-nio-8888-exec-4] DEBUG cn.enterprisys.web.commons.interceptors.LoginInterceptor - 当前访问接口:/config/list.html
2023-09-01 22:47:39.622 [http-nio-8888-exec-4] DEBUG cn.enterprisys.web.modules.sys.mapper.SysUserMapper.selectById - ==>  Preparing: SELECT user_id,username,password,old_password,nick_name,phone,email,disable,login_status,create_user_id,create_time,update_time,delete_time,login_time,remark,dept_id FROM SYS_USER_INFO WHERE user_id=? 
2023-09-01 22:47:39.623 [http-nio-8888-exec-4] DEBUG cn.enterprisys.web.modules.sys.mapper.SysUserMapper.selectById - ==> Parameters: 1115864462813077506(String)
2023-09-01 22:47:39.626 [http-nio-8888-exec-4] DEBUG cn.enterprisys.web.modules.sys.mapper.SysUserMapper.selectById - <==      Total: 1
2023-09-01 22:47:39.747 [http-nio-8888-exec-10] DEBUG cn.enterprisys.web.commons.interceptors.LoginInterceptor - 当前访问接口:/config/configList
2023-09-01 22:47:39.748 [http-nio-8888-exec-10] DEBUG cn.enterprisys.web.modules.sys.mapper.SysUserMapper.selectById - ==>  Preparing: SELECT user_id,username,password,old_password,nick_name,phone,email,disable,login_status,create_user_id,create_time,update_time,delete_time,login_time,remark,dept_id FROM SYS_USER_INFO WHERE user_id=? 
2023-09-01 22:47:39.748 [http-nio-8888-exec-10] DEBUG cn.enterprisys.web.modules.sys.mapper.SysUserMapper.selectById - ==> Parameters: 1115864462813077506(String)
2023-09-01 22:47:39.749 [http-nio-8888-exec-10] DEBUG cn.enterprisys.web.modules.sys.mapper.SysUserMapper.selectById - <==      Total: 1
2023-09-01 22:47:39.762 [http-nio-8888-exec-10] DEBUG cn.enterprisys.web.modules.sys.mapper.SysConfigMapper.selectList - ==>  Preparing: SELECT config_key,parent_key,info,config_value,disable FROM SYS_CONFIG 
2023-09-01 22:47:39.764 [http-nio-8888-exec-10] DEBUG cn.enterprisys.web.modules.sys.mapper.SysConfigMapper.selectList - ==> Parameters: 
2023-09-01 22:47:39.769 [http-nio-8888-exec-10] DEBUG cn.enterprisys.web.modules.sys.mapper.SysConfigMapper.selectList - <==      Total: 16
2023-09-01 22:47:39.770 [http-nio-8888-exec-10] DEBUG cn.enterprisys.web.modules.sys.mapper.SysUserOperationLogMapper.insert - ==>  Preparing: INSERT INTO SYS_USER_OPERATION_LOG ( ID, USER_NAME, OPERATION_MODULE, OPERATION_TYPE, VISIT_METHOD, PARAMETERS, IP_ADDRESS, DURATION, OPERATION_TIME ) VALUES ( ?, ?, ?, ?, ?, ?, ?, ?, ? ) 
2023-09-01 22:47:39.771 [http-nio-8888-exec-10] DEBUG cn.enterprisys.web.modules.sys.mapper.SysUserOperationLogMapper.insert - ==> Parameters: cf706d72ebea4b9c13a6db1c44e10d56(String), admin(String), 系统管理(String), 列表(String), page(String), {"limit":"10","page":"1"}(String), 127.0.0.1(String), 14(Long), 2023-09-01T22:47:39.770(LocalDateTime)
2023-09-01 22:47:39.775 [http-nio-8888-exec-10] DEBUG cn.enterprisys.web.modules.sys.mapper.SysUserOperationLogMapper.insert - <==    Updates: 1
2023-09-01 22:48:36.184 [http-nio-8888-exec-8] DEBUG cn.enterprisys.web.commons.interceptors.LoginInterceptor - 当前访问接口:/dept/list.html
2023-09-01 22:48:36.185 [http-nio-8888-exec-8] DEBUG cn.enterprisys.web.modules.sys.mapper.SysUserMapper.selectById - ==>  Preparing: SELECT user_id,username,password,old_password,nick_name,phone,email,disable,login_status,create_user_id,create_time,update_time,delete_time,login_time,remark,dept_id FROM SYS_USER_INFO WHERE user_id=? 
2023-09-01 22:48:36.185 [http-nio-8888-exec-8] DEBUG cn.enterprisys.web.modules.sys.mapper.SysUserMapper.selectById - ==> Parameters: 1115864462813077506(String)
2023-09-01 22:48:36.186 [http-nio-8888-exec-8] DEBUG cn.enterprisys.web.modules.sys.mapper.SysUserMapper.selectById - <==      Total: 1
2023-09-01 22:48:36.284 [http-nio-8888-exec-5] DEBUG cn.enterprisys.web.commons.interceptors.LoginInterceptor - 当前访问接口:/dept/tree
2023-09-01 22:48:36.285 [http-nio-8888-exec-5] DEBUG cn.enterprisys.web.modules.sys.mapper.SysUserMapper.selectById - ==>  Preparing: SELECT user_id,username,password,old_password,nick_name,phone,email,disable,login_status,create_user_id,create_time,update_time,delete_time,login_time,remark,dept_id FROM SYS_USER_INFO WHERE user_id=? 
2023-09-01 22:48:36.285 [http-nio-8888-exec-5] DEBUG cn.enterprisys.web.modules.sys.mapper.SysUserMapper.selectById - ==> Parameters: 1115864462813077506(String)
2023-09-01 22:48:36.286 [http-nio-8888-exec-5] DEBUG cn.enterprisys.web.modules.sys.mapper.SysUserMapper.selectById - <==      Total: 1
2023-09-01 22:48:36.288 [http-nio-8888-exec-5] DEBUG cn.enterprisys.web.modules.sys.mapper.SysDeptMapper.selectList - ==>  Preparing: SELECT dept_id,DEPT_NAME,PARENT_DEPT_ID,DEPT_PATH,NUMBER_LEVEL,BUSINESS_LEVEL,DEPT_LEVEL,DISABLE FROM SYS_DEPT_INFO WHERE (DISABLE = ?) 
2023-09-01 22:48:36.289 [http-nio-8888-exec-5] DEBUG cn.enterprisys.web.modules.sys.mapper.SysDeptMapper.selectList - ==> Parameters: 0(Integer)
2023-09-01 22:48:36.295 [http-nio-8888-exec-5] DEBUG cn.enterprisys.web.modules.sys.mapper.SysDeptMapper.selectList - <==      Total: 5
2023-09-01 22:48:36.297 [http-nio-8888-exec-3] DEBUG cn.enterprisys.web.commons.interceptors.LoginInterceptor - 当前访问接口:/dept/deptList
2023-09-01 22:48:36.298 [http-nio-8888-exec-3] DEBUG cn.enterprisys.web.modules.sys.mapper.SysUserMapper.selectById - ==>  Preparing: SELECT user_id,username,password,old_password,nick_name,phone,email,disable,login_status,create_user_id,create_time,update_time,delete_time,login_time,remark,dept_id FROM SYS_USER_INFO WHERE user_id=? 
2023-09-01 22:48:36.299 [http-nio-8888-exec-3] DEBUG cn.enterprisys.web.modules.sys.mapper.SysUserMapper.selectById - ==> Parameters: 1115864462813077506(String)
2023-09-01 22:48:36.301 [http-nio-8888-exec-3] DEBUG cn.enterprisys.web.modules.sys.mapper.SysUserMapper.selectById - <==      Total: 1
2023-09-01 22:48:36.314 [http-nio-8888-exec-3] DEBUG cn.enterprisys.web.modules.sys.mapper.SysDeptMapper.selectPage - ==>  Preparing: SELECT COUNT(1) FROM ( SELECT dept_id,DEPT_NAME,PARENT_DEPT_ID,DEPT_PATH,NUMBER_LEVEL,BUSINESS_LEVEL,DEPT_LEVEL,DISABLE FROM SYS_DEPT_INFO ORDER BY NUMBER_LEVEL ASC ) TOTAL 
2023-09-01 22:48:36.315 [http-nio-8888-exec-3] DEBUG cn.enterprisys.web.modules.sys.mapper.SysDeptMapper.selectPage - ==> Parameters: 
2023-09-01 22:48:36.317 [http-nio-8888-exec-3] DEBUG cn.enterprisys.web.modules.sys.mapper.SysDeptMapper.selectPage - ==>  Preparing: SELECT dept_id,DEPT_NAME,PARENT_DEPT_ID,DEPT_PATH,NUMBER_LEVEL,BUSINESS_LEVEL,DEPT_LEVEL,DISABLE FROM SYS_DEPT_INFO ORDER BY NUMBER_LEVEL ASC LIMIT ?,? 
2023-09-01 22:48:36.319 [http-nio-8888-exec-3] DEBUG cn.enterprisys.web.modules.sys.mapper.SysDeptMapper.selectPage - ==> Parameters: 0(Long), 10(Long)
2023-09-01 22:48:36.320 [http-nio-8888-exec-3] DEBUG cn.enterprisys.web.modules.sys.mapper.SysDeptMapper.selectPage - <==      Total: 5
2023-09-01 22:48:36.322 [http-nio-8888-exec-3] DEBUG cn.enterprisys.web.modules.sys.mapper.SysUserOperationLogMapper.insert - ==>  Preparing: INSERT INTO SYS_USER_OPERATION_LOG ( ID, USER_NAME, OPERATION_MODULE, OPERATION_TYPE, VISIT_METHOD, PARAMETERS, IP_ADDRESS, DURATION, OPERATION_TIME ) VALUES ( ?, ?, ?, ?, ?, ?, ?, ?, ? ) 
2023-09-01 22:48:36.322 [http-nio-8888-exec-3] DEBUG cn.enterprisys.web.modules.sys.mapper.SysUserOperationLogMapper.insert - ==> Parameters: 9b70fe9eee8c92786cf6ac7d90a4b12f(String), admin(String), 机构管理(String), 列表(String), page(String), {"limit":"10","page":"1"}(String), 127.0.0.1(String), 9(Long), 2023-09-01T22:48:36.320(LocalDateTime)
2023-09-01 22:48:36.330 [http-nio-8888-exec-3] DEBUG cn.enterprisys.web.modules.sys.mapper.SysUserOperationLogMapper.insert - <==    Updates: 1
2023-09-01 22:48:40.718 [http-nio-8888-exec-10] DEBUG cn.enterprisys.web.commons.interceptors.LoginInterceptor - 当前访问接口:/files/list.html
2023-09-01 22:48:40.722 [http-nio-8888-exec-10] DEBUG cn.enterprisys.web.modules.sys.mapper.SysUserMapper.selectById - ==>  Preparing: SELECT user_id,username,password,old_password,nick_name,phone,email,disable,login_status,create_user_id,create_time,update_time,delete_time,login_time,remark,dept_id FROM SYS_USER_INFO WHERE user_id=? 
2023-09-01 22:48:40.723 [http-nio-8888-exec-10] DEBUG cn.enterprisys.web.modules.sys.mapper.SysUserMapper.selectById - ==> Parameters: 1115864462813077506(String)
2023-09-01 22:48:40.724 [http-nio-8888-exec-10] DEBUG cn.enterprisys.web.modules.sys.mapper.SysUserMapper.selectById - <==      Total: 1
2023-09-01 22:48:40.796 [http-nio-8888-exec-6] DEBUG cn.enterprisys.web.commons.interceptors.LoginInterceptor - 当前访问接口:/files/list
2023-09-01 22:48:40.797 [http-nio-8888-exec-6] DEBUG cn.enterprisys.web.modules.sys.mapper.SysUserMapper.selectById - ==>  Preparing: SELECT user_id,username,password,old_password,nick_name,phone,email,disable,login_status,create_user_id,create_time,update_time,delete_time,login_time,remark,dept_id FROM SYS_USER_INFO WHERE user_id=? 
2023-09-01 22:48:40.797 [http-nio-8888-exec-6] DEBUG cn.enterprisys.web.modules.sys.mapper.SysUserMapper.selectById - ==> Parameters: 1115864462813077506(String)
2023-09-01 22:48:40.798 [http-nio-8888-exec-6] DEBUG cn.enterprisys.web.modules.sys.mapper.SysUserMapper.selectById - <==      Total: 1
2023-09-01 22:48:40.803 [http-nio-8888-exec-6] DEBUG cn.enterprisys.web.modules.sys.mapper.SysFilesMapper.selectPage - ==>  Preparing: SELECT COUNT(1) FROM ( SELECT ID,CREATE_TIME,DISABLE,UPDATE_TIME,FILE_KEY,HEIGHT,MEDIA_TYPE,NAME,PATH,FILE_SIZE,SUFFIX,THUMB_PATH,FILE_TYPE,WIDTH FROM SYS_FILES ) TOTAL 
2023-09-01 22:48:40.804 [http-nio-8888-exec-6] DEBUG cn.enterprisys.web.modules.sys.mapper.SysFilesMapper.selectPage - ==> Parameters: 
2023-09-01 22:48:40.811 [http-nio-8888-exec-6] DEBUG cn.enterprisys.web.modules.sys.mapper.SysFilesMapper.selectPage - ==>  Preparing: SELECT ID,CREATE_TIME,DISABLE,UPDATE_TIME,FILE_KEY,HEIGHT,MEDIA_TYPE,NAME,PATH,FILE_SIZE,SUFFIX,THUMB_PATH,FILE_TYPE,WIDTH FROM SYS_FILES LIMIT ?,? 
2023-09-01 22:48:40.812 [http-nio-8888-exec-6] DEBUG cn.enterprisys.web.modules.sys.mapper.SysFilesMapper.selectPage - ==> Parameters: 0(Long), 10(Long)
2023-09-01 22:48:40.813 [http-nio-8888-exec-6] DEBUG cn.enterprisys.web.modules.sys.mapper.SysFilesMapper.selectPage - <==      Total: 10
2023-09-01 22:48:57.538 [http-nio-8888-exec-1] DEBUG cn.enterprisys.web.commons.interceptors.LoginInterceptor - 当前访问接口:/line/list.html
2023-09-01 22:48:57.541 [http-nio-8888-exec-1] DEBUG cn.enterprisys.web.modules.sys.mapper.SysUserMapper.selectById - ==>  Preparing: SELECT user_id,username,password,old_password,nick_name,phone,email,disable,login_status,create_user_id,create_time,update_time,delete_time,login_time,remark,dept_id FROM SYS_USER_INFO WHERE user_id=? 
2023-09-01 22:48:57.542 [http-nio-8888-exec-1] DEBUG cn.enterprisys.web.modules.sys.mapper.SysUserMapper.selectById - ==> Parameters: 1115864462813077506(String)
2023-09-01 22:48:57.543 [http-nio-8888-exec-1] DEBUG cn.enterprisys.web.modules.sys.mapper.SysUserMapper.selectById - <==      Total: 1
2023-09-01 22:48:59.041 [http-nio-8888-exec-5] DEBUG cn.enterprisys.web.commons.interceptors.LoginInterceptor - 当前访问接口:/bar/list.html
2023-09-01 22:48:59.042 [http-nio-8888-exec-5] DEBUG cn.enterprisys.web.modules.sys.mapper.SysUserMapper.selectById - ==>  Preparing: SELECT user_id,username,password,old_password,nick_name,phone,email,disable,login_status,create_user_id,create_time,update_time,delete_time,login_time,remark,dept_id FROM SYS_USER_INFO WHERE user_id=? 
2023-09-01 22:48:59.043 [http-nio-8888-exec-5] DEBUG cn.enterprisys.web.modules.sys.mapper.SysUserMapper.selectById - ==> Parameters: 1115864462813077506(String)
2023-09-01 22:48:59.044 [http-nio-8888-exec-5] DEBUG cn.enterprisys.web.modules.sys.mapper.SysUserMapper.selectById - <==      Total: 1
2023-09-01 22:49:03.314 [http-nio-8888-exec-3] DEBUG cn.enterprisys.web.commons.interceptors.LoginInterceptor - 当前访问接口:/log/list.html
2023-09-01 22:49:03.318 [http-nio-8888-exec-3] DEBUG cn.enterprisys.web.modules.sys.mapper.SysUserMapper.selectById - ==>  Preparing: SELECT user_id,username,password,old_password,nick_name,phone,email,disable,login_status,create_user_id,create_time,update_time,delete_time,login_time,remark,dept_id FROM SYS_USER_INFO WHERE user_id=? 
2023-09-01 22:49:03.319 [http-nio-8888-exec-3] DEBUG cn.enterprisys.web.modules.sys.mapper.SysUserMapper.selectById - ==> Parameters: 1115864462813077506(String)
2023-09-01 22:49:03.319 [http-nio-8888-exec-3] DEBUG cn.enterprisys.web.modules.sys.mapper.SysUserMapper.selectById - <==      Total: 1
2023-09-01 22:49:03.326 [http-nio-8888-exec-3] DEBUG cn.enterprisys.web.modules.sys.mapper.SysUserOperationLogMapper.queryType - ==>  Preparing: select DISTINCT OPERATION_TYPE from SYS_USER_OPERATION_LOG 
2023-09-01 22:49:03.326 [http-nio-8888-exec-3] DEBUG cn.enterprisys.web.modules.sys.mapper.SysUserOperationLogMapper.queryType - ==> Parameters: 
2023-09-01 22:49:03.331 [http-nio-8888-exec-3] DEBUG cn.enterprisys.web.modules.sys.mapper.SysUserOperationLogMapper.queryType - <==      Total: 15
2023-09-01 22:49:03.424 [http-nio-8888-exec-6] DEBUG cn.enterprisys.web.commons.interceptors.LoginInterceptor - 当前访问接口:/log/operationLogList
2023-09-01 22:49:03.425 [http-nio-8888-exec-6] DEBUG cn.enterprisys.web.modules.sys.mapper.SysUserMapper.selectById - ==>  Preparing: SELECT user_id,username,password,old_password,nick_name,phone,email,disable,login_status,create_user_id,create_time,update_time,delete_time,login_time,remark,dept_id FROM SYS_USER_INFO WHERE user_id=? 
2023-09-01 22:49:03.425 [http-nio-8888-exec-6] DEBUG cn.enterprisys.web.modules.sys.mapper.SysUserMapper.selectById - ==> Parameters: 1115864462813077506(String)
2023-09-01 22:49:03.426 [http-nio-8888-exec-6] DEBUG cn.enterprisys.web.modules.sys.mapper.SysUserMapper.selectById - <==      Total: 1
2023-09-01 22:49:03.434 [http-nio-8888-exec-6] DEBUG c.e.web.modules.sys.mapper.SysUserOperationLogMapper.queryOperationList - ==>  Preparing: SELECT COUNT(1) FROM SYS_USER_OPERATION_LOG 
2023-09-01 22:49:03.434 [http-nio-8888-exec-6] DEBUG c.e.web.modules.sys.mapper.SysUserOperationLogMapper.queryOperationList - ==> Parameters: 
2023-09-01 22:49:03.436 [http-nio-8888-exec-6] DEBUG c.e.web.modules.sys.mapper.SysUserOperationLogMapper.queryOperationList - ==>  Preparing: select ID,USER_NAME,OPERATION_MODULE,OPERATION_TYPE,VISIT_METHOD,PARAMETERS,IP_ADDRESS,DURATION,OPERATION_TIME from SYS_USER_OPERATION_LOG ORDER BY OPERATION_TIME DESC LIMIT ?,? 
2023-09-01 22:49:03.436 [http-nio-8888-exec-6] DEBUG c.e.web.modules.sys.mapper.SysUserOperationLogMapper.queryOperationList - ==> Parameters: 0(Long), 10(Long)
2023-09-01 22:49:03.439 [http-nio-8888-exec-6] DEBUG c.e.web.modules.sys.mapper.SysUserOperationLogMapper.queryOperationList - <==      Total: 10
2023-09-01 22:49:03.440 [http-nio-8888-exec-6] DEBUG cn.enterprisys.web.modules.sys.mapper.SysUserOperationLogMapper.insert - ==>  Preparing: INSERT INTO SYS_USER_OPERATION_LOG ( ID, USER_NAME, OPERATION_MODULE, OPERATION_TYPE, VISIT_METHOD, PARAMETERS, IP_ADDRESS, DURATION, OPERATION_TIME ) VALUES ( ?, ?, ?, ?, ?, ?, ?, ?, ? ) 
2023-09-01 22:49:03.441 [http-nio-8888-exec-6] DEBUG cn.enterprisys.web.modules.sys.mapper.SysUserOperationLogMapper.insert - ==> Parameters: 3e146ff29c0fd77350fefeba1f9f53a9(String), admin(String), 登录日志管理(String), 日志列表(String), page(String), {"limit":"10","page":"1"}(String), 127.0.0.1(String), 8(Long), 2023-09-01T22:49:03.440(LocalDateTime)
2023-09-01 22:49:03.443 [http-nio-8888-exec-6] DEBUG cn.enterprisys.web.modules.sys.mapper.SysUserOperationLogMapper.insert - <==    Updates: 1
2023-09-01 22:49:10.934 [http-nio-8888-exec-1] DEBUG cn.enterprisys.web.commons.interceptors.LoginInterceptor - 当前访问接口:/loginLog/list.html
2023-09-01 22:49:10.937 [http-nio-8888-exec-1] DEBUG cn.enterprisys.web.modules.sys.mapper.SysUserMapper.selectById - ==>  Preparing: SELECT user_id,username,password,old_password,nick_name,phone,email,disable,login_status,create_user_id,create_time,update_time,delete_time,login_time,remark,dept_id FROM SYS_USER_INFO WHERE user_id=? 
2023-09-01 22:49:10.937 [http-nio-8888-exec-1] DEBUG cn.enterprisys.web.modules.sys.mapper.SysUserMapper.selectById - ==> Parameters: 1115864462813077506(String)
2023-09-01 22:49:10.938 [http-nio-8888-exec-1] DEBUG cn.enterprisys.web.modules.sys.mapper.SysUserMapper.selectById - <==      Total: 1
2023-09-01 22:49:11.006 [http-nio-8888-exec-4] DEBUG cn.enterprisys.web.commons.interceptors.LoginInterceptor - 当前访问接口:/loginLog/loginLogList
2023-09-01 22:49:11.007 [http-nio-8888-exec-4] DEBUG cn.enterprisys.web.modules.sys.mapper.SysUserMapper.selectById - ==>  Preparing: SELECT user_id,username,password,old_password,nick_name,phone,email,disable,login_status,create_user_id,create_time,update_time,delete_time,login_time,remark,dept_id FROM SYS_USER_INFO WHERE user_id=? 
2023-09-01 22:49:11.007 [http-nio-8888-exec-4] DEBUG cn.enterprisys.web.modules.sys.mapper.SysUserMapper.selectById - ==> Parameters: 1115864462813077506(String)
2023-09-01 22:49:11.008 [http-nio-8888-exec-4] DEBUG cn.enterprisys.web.modules.sys.mapper.SysUserMapper.selectById - <==      Total: 1
2023-09-01 22:49:11.019 [http-nio-8888-exec-4] DEBUG cn.enterprisys.web.modules.sys.mapper.SysUserLoginLogMapper.queryLoginLogList - ==>  Preparing: SELECT COUNT(1) FROM SYS_USER_LOGIN_LOG 
2023-09-01 22:49:11.019 [http-nio-8888-exec-4] DEBUG cn.enterprisys.web.modules.sys.mapper.SysUserLoginLogMapper.queryLoginLogList - ==> Parameters: 
2023-09-01 22:49:11.021 [http-nio-8888-exec-4] DEBUG cn.enterprisys.web.modules.sys.mapper.SysUserLoginLogMapper.queryLoginLogList - ==>  Preparing: select ID,USER_NAME,LOGIN_TIME,SUCCESS,ERROR_LOG,IP_ADDRESS,DURATION,OPERATION_TIME from SYS_USER_LOGIN_LOG ORDER BY OPERATION_TIME DESC LIMIT ?,? 
2023-09-01 22:49:11.021 [http-nio-8888-exec-4] DEBUG cn.enterprisys.web.modules.sys.mapper.SysUserLoginLogMapper.queryLoginLogList - ==> Parameters: 0(Long), 10(Long)
2023-09-01 22:49:11.024 [http-nio-8888-exec-4] DEBUG cn.enterprisys.web.modules.sys.mapper.SysUserLoginLogMapper.queryLoginLogList - <==      Total: 10
2023-09-01 22:49:11.025 [http-nio-8888-exec-4] DEBUG cn.enterprisys.web.modules.sys.mapper.SysUserOperationLogMapper.insert - ==>  Preparing: INSERT INTO SYS_USER_OPERATION_LOG ( ID, USER_NAME, OPERATION_MODULE, OPERATION_TYPE, VISIT_METHOD, PARAMETERS, IP_ADDRESS, DURATION, OPERATION_TIME ) VALUES ( ?, ?, ?, ?, ?, ?, ?, ?, ? ) 
2023-09-01 22:49:11.025 [http-nio-8888-exec-4] DEBUG cn.enterprisys.web.modules.sys.mapper.SysUserOperationLogMapper.insert - ==> Parameters: ce83c4594c39a8f41debc23243f4ac61(String), admin(String), 登录日志管理(String), 登录日志列表(String), page(String), {"limit":"10","page":"1"}(String), 127.0.0.1(String), 8(Long), 2023-09-01T22:49:11.024(LocalDateTime)
2023-09-01 22:49:11.028 [http-nio-8888-exec-4] DEBUG cn.enterprisys.web.modules.sys.mapper.SysUserOperationLogMapper.insert - <==    Updates: 1
2023-09-01 22:49:25.762 [http-nio-8888-exec-2] DEBUG cn.enterprisys.web.commons.interceptors.LoginInterceptor - 当前访问接口:/log/operationLogList
2023-09-01 22:49:25.766 [http-nio-8888-exec-2] DEBUG cn.enterprisys.web.modules.sys.mapper.SysUserMapper.selectById - ==>  Preparing: SELECT user_id,username,password,old_password,nick_name,phone,email,disable,login_status,create_user_id,create_time,update_time,delete_time,login_time,remark,dept_id FROM SYS_USER_INFO WHERE user_id=? 
2023-09-01 22:49:25.766 [http-nio-8888-exec-2] DEBUG cn.enterprisys.web.modules.sys.mapper.SysUserMapper.selectById - ==> Parameters: 1115864462813077506(String)
2023-09-01 22:49:25.767 [http-nio-8888-exec-2] DEBUG cn.enterprisys.web.modules.sys.mapper.SysUserMapper.selectById - <==      Total: 1
2023-09-01 22:49:25.769 [http-nio-8888-exec-2] DEBUG c.e.web.modules.sys.mapper.SysUserOperationLogMapper.queryOperationList - ==>  Preparing: SELECT COUNT(1) FROM SYS_USER_OPERATION_LOG 
2023-09-01 22:49:25.770 [http-nio-8888-exec-2] DEBUG c.e.web.modules.sys.mapper.SysUserOperationLogMapper.queryOperationList - ==> Parameters: 
2023-09-01 22:49:25.771 [http-nio-8888-exec-2] DEBUG c.e.web.modules.sys.mapper.SysUserOperationLogMapper.queryOperationList - ==>  Preparing: select ID,USER_NAME,OPERATION_MODULE,OPERATION_TYPE,VISIT_METHOD,PARAMETERS,IP_ADDRESS,DURATION,OPERATION_TIME from SYS_USER_OPERATION_LOG ORDER BY OPERATION_TIME DESC LIMIT ?,? 
2023-09-01 22:49:25.771 [http-nio-8888-exec-2] DEBUG c.e.web.modules.sys.mapper.SysUserOperationLogMapper.queryOperationList - ==> Parameters: 20(Long), 10(Long)
2023-09-01 22:49:25.774 [http-nio-8888-exec-2] DEBUG c.e.web.modules.sys.mapper.SysUserOperationLogMapper.queryOperationList - <==      Total: 10
2023-09-01 22:49:25.774 [http-nio-8888-exec-2] DEBUG cn.enterprisys.web.modules.sys.mapper.SysUserOperationLogMapper.insert - ==>  Preparing: INSERT INTO SYS_USER_OPERATION_LOG ( ID, USER_NAME, OPERATION_MODULE, OPERATION_TYPE, VISIT_METHOD, PARAMETERS, IP_ADDRESS, DURATION, OPERATION_TIME ) VALUES ( ?, ?, ?, ?, ?, ?, ?, ?, ? ) 
2023-09-01 22:49:25.775 [http-nio-8888-exec-2] DEBUG cn.enterprisys.web.modules.sys.mapper.SysUserOperationLogMapper.insert - ==> Parameters: 619c5c131614b73336e969c09d2416e8(String), admin(String), 登录日志管理(String), 日志列表(String), page(String), {"limit":"10","page":"3"}(String), 127.0.0.1(String), 6(Long), 2023-09-01T22:49:25.774(LocalDateTime)
2023-09-01 22:49:25.777 [http-nio-8888-exec-2] DEBUG cn.enterprisys.web.modules.sys.mapper.SysUserOperationLogMapper.insert - <==    Updates: 1
2023-09-01 22:49:28.518 [http-nio-8888-exec-5] DEBUG cn.enterprisys.web.commons.interceptors.LoginInterceptor - 当前访问接口:/log/operationLogList
2023-09-01 22:49:28.520 [http-nio-8888-exec-5] DEBUG cn.enterprisys.web.modules.sys.mapper.SysUserMapper.selectById - ==>  Preparing: SELECT user_id,username,password,old_password,nick_name,phone,email,disable,login_status,create_user_id,create_time,update_time,delete_time,login_time,remark,dept_id FROM SYS_USER_INFO WHERE user_id=? 
2023-09-01 22:49:28.521 [http-nio-8888-exec-5] DEBUG cn.enterprisys.web.modules.sys.mapper.SysUserMapper.selectById - ==> Parameters: 1115864462813077506(String)
2023-09-01 22:49:28.521 [http-nio-8888-exec-5] DEBUG cn.enterprisys.web.modules.sys.mapper.SysUserMapper.selectById - <==      Total: 1
2023-09-01 22:49:28.524 [http-nio-8888-exec-5] DEBUG c.e.web.modules.sys.mapper.SysUserOperationLogMapper.queryOperationList - ==>  Preparing: SELECT COUNT(1) FROM SYS_USER_OPERATION_LOG 
2023-09-01 22:49:28.524 [http-nio-8888-exec-5] DEBUG c.e.web.modules.sys.mapper.SysUserOperationLogMapper.queryOperationList - ==> Parameters: 
2023-09-01 22:49:28.526 [http-nio-8888-exec-5] DEBUG c.e.web.modules.sys.mapper.SysUserOperationLogMapper.queryOperationList - ==>  Preparing: select ID,USER_NAME,OPERATION_MODULE,OPERATION_TYPE,VISIT_METHOD,PARAMETERS,IP_ADDRESS,DURATION,OPERATION_TIME from SYS_USER_OPERATION_LOG ORDER BY OPERATION_TIME DESC LIMIT ?,? 
2023-09-01 22:49:28.526 [http-nio-8888-exec-5] DEBUG c.e.web.modules.sys.mapper.SysUserOperationLogMapper.queryOperationList - ==> Parameters: 30(Long), 10(Long)
2023-09-01 22:49:28.527 [http-nio-8888-exec-5] DEBUG c.e.web.modules.sys.mapper.SysUserOperationLogMapper.queryOperationList - <==      Total: 10
2023-09-01 22:49:28.528 [http-nio-8888-exec-5] DEBUG cn.enterprisys.web.modules.sys.mapper.SysUserOperationLogMapper.insert - ==>  Preparing: INSERT INTO SYS_USER_OPERATION_LOG ( ID, USER_NAME, OPERATION_MODULE, OPERATION_TYPE, VISIT_METHOD, PARAMETERS, IP_ADDRESS, DURATION, OPERATION_TIME ) VALUES ( ?, ?, ?, ?, ?, ?, ?, ?, ? ) 
2023-09-01 22:49:28.529 [http-nio-8888-exec-5] DEBUG cn.enterprisys.web.modules.sys.mapper.SysUserOperationLogMapper.insert - ==> Parameters: 54469b4666974027d498591283be46c1(String), admin(String), 登录日志管理(String), 日志列表(String), page(String), {"limit":"10","page":"4"}(String), 127.0.0.1(String), 5(Long), 2023-09-01T22:49:28.528(LocalDateTime)
2023-09-01 22:49:28.531 [http-nio-8888-exec-5] DEBUG cn.enterprisys.web.modules.sys.mapper.SysUserOperationLogMapper.insert - <==    Updates: 1
2023-09-01 22:49:30.546 [http-nio-8888-exec-3] DEBUG cn.enterprisys.web.commons.interceptors.LoginInterceptor - 当前访问接口:/log/operationLogList
2023-09-01 22:49:30.550 [http-nio-8888-exec-3] DEBUG cn.enterprisys.web.modules.sys.mapper.SysUserMapper.selectById - ==>  Preparing: SELECT user_id,username,password,old_password,nick_name,phone,email,disable,login_status,create_user_id,create_time,update_time,delete_time,login_time,remark,dept_id FROM SYS_USER_INFO WHERE user_id=? 
2023-09-01 22:49:30.550 [http-nio-8888-exec-3] DEBUG cn.enterprisys.web.modules.sys.mapper.SysUserMapper.selectById - ==> Parameters: 1115864462813077506(String)
2023-09-01 22:49:30.551 [http-nio-8888-exec-3] DEBUG cn.enterprisys.web.modules.sys.mapper.SysUserMapper.selectById - <==      Total: 1
2023-09-01 22:49:30.553 [http-nio-8888-exec-3] DEBUG c.e.web.modules.sys.mapper.SysUserOperationLogMapper.queryOperationList - ==>  Preparing: SELECT COUNT(1) FROM SYS_USER_OPERATION_LOG 
2023-09-01 22:49:30.553 [http-nio-8888-exec-3] DEBUG c.e.web.modules.sys.mapper.SysUserOperationLogMapper.queryOperationList - ==> Parameters: 
2023-09-01 22:49:30.555 [http-nio-8888-exec-3] DEBUG c.e.web.modules.sys.mapper.SysUserOperationLogMapper.queryOperationList - ==>  Preparing: select ID,USER_NAME,OPERATION_MODULE,OPERATION_TYPE,VISIT_METHOD,PARAMETERS,IP_ADDRESS,DURATION,OPERATION_TIME from SYS_USER_OPERATION_LOG ORDER BY OPERATION_TIME DESC LIMIT ?,? 
2023-09-01 22:49:30.555 [http-nio-8888-exec-3] DEBUG c.e.web.modules.sys.mapper.SysUserOperationLogMapper.queryOperationList - ==> Parameters: 1020(Long), 10(Long)
2023-09-01 22:49:30.557 [http-nio-8888-exec-3] DEBUG c.e.web.modules.sys.mapper.SysUserOperationLogMapper.queryOperationList - <==      Total: 10
2023-09-01 22:49:30.557 [http-nio-8888-exec-3] DEBUG cn.enterprisys.web.modules.sys.mapper.SysUserOperationLogMapper.insert - ==>  Preparing: INSERT INTO SYS_USER_OPERATION_LOG ( ID, USER_NAME, OPERATION_MODULE, OPERATION_TYPE, VISIT_METHOD, PARAMETERS, IP_ADDRESS, DURATION, OPERATION_TIME ) VALUES ( ?, ?, ?, ?, ?, ?, ?, ?, ? ) 
2023-09-01 22:49:30.558 [http-nio-8888-exec-3] DEBUG cn.enterprisys.web.modules.sys.mapper.SysUserOperationLogMapper.insert - ==> Parameters: 04207914ca58049e553102c4540670c3(String), admin(String), 登录日志管理(String), 日志列表(String), page(String), {"limit":"10","page":"103"}(String), 127.0.0.1(String), 5(Long), 2023-09-01T22:49:30.557(LocalDateTime)
2023-09-01 22:49:30.560 [http-nio-8888-exec-3] DEBUG cn.enterprisys.web.modules.sys.mapper.SysUserOperationLogMapper.insert - <==    Updates: 1
2023-09-01 22:50:11.322 [http-nio-8888-exec-8] DEBUG cn.enterprisys.web.commons.interceptors.LoginInterceptor - 当前访问接口:/logweb/list.html
2023-09-01 22:50:11.327 [http-nio-8888-exec-8] DEBUG cn.enterprisys.web.modules.sys.mapper.SysUserMapper.selectById - ==>  Preparing: SELECT user_id,username,password,old_password,nick_name,phone,email,disable,login_status,create_user_id,create_time,update_time,delete_time,login_time,remark,dept_id FROM SYS_USER_INFO WHERE user_id=? 
2023-09-01 22:50:11.327 [http-nio-8888-exec-8] DEBUG cn.enterprisys.web.modules.sys.mapper.SysUserMapper.selectById - ==> Parameters: 1115864462813077506(String)
2023-09-01 22:50:11.328 [http-nio-8888-exec-8] DEBUG cn.enterprisys.web.modules.sys.mapper.SysUserMapper.selectById - <==      Total: 1
2023-09-01 22:50:14.627 [http-nio-8888-exec-5] DEBUG cn.enterprisys.web.commons.interceptors.LoginInterceptor - 当前访问接口:/websocket/info
2023-09-01 22:50:14.630 [http-nio-8888-exec-5] DEBUG cn.enterprisys.web.modules.sys.mapper.SysUserMapper.selectById - ==>  Preparing: SELECT user_id,username,password,old_password,nick_name,phone,email,disable,login_status,create_user_id,create_time,update_time,delete_time,login_time,remark,dept_id FROM SYS_USER_INFO WHERE user_id=? 
2023-09-01 22:50:14.631 [http-nio-8888-exec-5] DEBUG cn.enterprisys.web.modules.sys.mapper.SysUserMapper.selectById - ==> Parameters: 1115864462813077506(String)
2023-09-01 22:50:14.631 [http-nio-8888-exec-5] DEBUG cn.enterprisys.web.modules.sys.mapper.SysUserMapper.selectById - <==      Total: 1
2023-09-01 22:50:14.639 [http-nio-8888-exec-3] DEBUG cn.enterprisys.web.commons.interceptors.LoginInterceptor - 当前访问接口:/websocket/997/lybw4cj2/websocket
2023-09-01 22:50:14.640 [http-nio-8888-exec-3] DEBUG cn.enterprisys.web.modules.sys.mapper.SysUserMapper.selectById - ==>  Preparing: SELECT user_id,username,password,old_password,nick_name,phone,email,disable,login_status,create_user_id,create_time,update_time,delete_time,login_time,remark,dept_id FROM SYS_USER_INFO WHERE user_id=? 
2023-09-01 22:50:14.640 [http-nio-8888-exec-3] DEBUG cn.enterprisys.web.modules.sys.mapper.SysUserMapper.selectById - ==> Parameters: 1115864462813077506(String)
2023-09-01 22:50:14.641 [http-nio-8888-exec-3] DEBUG cn.enterprisys.web.modules.sys.mapper.SysUserMapper.selectById - <==      Total: 1
2023-09-01 22:50:19.730 [http-nio-8888-exec-6] DEBUG cn.enterprisys.web.commons.interceptors.LoginInterceptor - 当前访问接口:/websocket/info
2023-09-01 22:50:19.733 [http-nio-8888-exec-6] DEBUG cn.enterprisys.web.modules.sys.mapper.SysUserMapper.selectById - ==>  Preparing: SELECT user_id,username,password,old_password,nick_name,phone,email,disable,login_status,create_user_id,create_time,update_time,delete_time,login_time,remark,dept_id FROM SYS_USER_INFO WHERE user_id=? 
2023-09-01 22:50:19.733 [http-nio-8888-exec-6] DEBUG cn.enterprisys.web.modules.sys.mapper.SysUserMapper.selectById - ==> Parameters: 1115864462813077506(String)
2023-09-01 22:50:19.734 [http-nio-8888-exec-6] DEBUG cn.enterprisys.web.modules.sys.mapper.SysUserMapper.selectById - <==      Total: 1
2023-09-01 22:50:19.741 [http-nio-8888-exec-1] DEBUG cn.enterprisys.web.commons.interceptors.LoginInterceptor - 当前访问接口:/websocket/952/xv0bgb4h/websocket
2023-09-01 22:50:19.741 [http-nio-8888-exec-1] DEBUG cn.enterprisys.web.modules.sys.mapper.SysUserMapper.selectById - ==>  Preparing: SELECT user_id,username,password,old_password,nick_name,phone,email,disable,login_status,create_user_id,create_time,update_time,delete_time,login_time,remark,dept_id FROM SYS_USER_INFO WHERE user_id=? 
2023-09-01 22:50:19.741 [http-nio-8888-exec-1] DEBUG cn.enterprisys.web.modules.sys.mapper.SysUserMapper.selectById - ==> Parameters: 1115864462813077506(String)
2023-09-01 22:50:19.742 [http-nio-8888-exec-1] DEBUG cn.enterprisys.web.modules.sys.mapper.SysUserMapper.selectById - <==      Total: 1
2023-09-01 22:50:49.632 [http-nio-8888-exec-4] DEBUG cn.enterprisys.web.commons.interceptors.LoginInterceptor - 当前访问接口:/file/list.html
2023-09-01 22:50:49.635 [http-nio-8888-exec-4] DEBUG cn.enterprisys.web.modules.sys.mapper.SysUserMapper.selectById - ==>  Preparing: SELECT user_id,username,password,old_password,nick_name,phone,email,disable,login_status,create_user_id,create_time,update_time,delete_time,login_time,remark,dept_id FROM SYS_USER_INFO WHERE user_id=? 
2023-09-01 22:50:49.636 [http-nio-8888-exec-4] DEBUG cn.enterprisys.web.modules.sys.mapper.SysUserMapper.selectById - ==> Parameters: 1115864462813077506(String)
2023-09-01 22:50:49.637 [http-nio-8888-exec-4] DEBUG cn.enterprisys.web.modules.sys.mapper.SysUserMapper.selectById - <==      Total: 1
2023-09-01 22:59:27.256 [SpringContextShutdownHook] INFO  org.springframework.messaging.simp.broker.SimpleBrokerMessageHandler - Stopping...
2023-09-01 22:59:27.256 [SpringContextShutdownHook] INFO  org.springframework.messaging.simp.broker.SimpleBrokerMessageHandler - BrokerAvailabilityEvent[available=false, SimpleBrokerMessageHandler [DefaultSubscriptionRegistry[cache[0 destination(s)], registry[0 sessions]]]]
2023-09-01 22:59:27.256 [SpringContextShutdownHook] INFO  org.springframework.messaging.simp.broker.SimpleBrokerMessageHandler - Stopped.
2023-09-01 22:59:27.263 [SpringContextShutdownHook] INFO  org.springframework.scheduling.concurrent.ThreadPoolTaskExecutor - Shutting down ExecutorService 'brokerChannelExecutor'
2023-09-01 22:59:27.263 [SpringContextShutdownHook] INFO  org.springframework.scheduling.concurrent.ThreadPoolTaskScheduler - Shutting down ExecutorService 'messageBrokerTaskScheduler'
2023-09-01 22:59:27.264 [SpringContextShutdownHook] INFO  org.springframework.scheduling.concurrent.ThreadPoolTaskExecutor - Shutting down ExecutorService 'clientOutboundChannelExecutor'
2023-09-01 22:59:27.264 [SpringContextShutdownHook] INFO  org.springframework.scheduling.concurrent.ThreadPoolTaskExecutor - Shutting down ExecutorService 'clientInboundChannelExecutor'
2023-09-01 22:59:27.456 [SpringContextShutdownHook] INFO  com.alibaba.druid.pool.DruidDataSource - {dataSource-1} closing ...
2023-09-01 22:59:27.463 [SpringContextShutdownHook] INFO  com.alibaba.druid.pool.DruidDataSource - {dataSource-1} closed
