2023-08-24 16:47:35.616 [main] INFO  cn.wolfcode.web.config.SysConfigTest - Starting SysConfigTest on LAPTOP-J40OTHIL with PID 11956 (started by lenovo in D:\Users\lenovo\Desktop\class\Java\code\wolfcode-web\web)
2023-08-24 16:47:35.618 [main] DEBUG cn.wolfcode.web.config.SysConfigTest - Running with Spring Boot v2.2.5.RELEASE, Spring v5.2.4.RELEASE
2023-08-24 16:47:35.618 [main] INFO  cn.wolfcode.web.config.SysConfigTest - The following profiles are active: dev
2023-08-24 16:47:37.974 [main] INFO  org.springframework.data.repository.config.RepositoryConfigurationDelegate - Multiple Spring Data modules found, entering strict repository configuration mode!
2023-08-24 16:47:37.979 [main] INFO  org.springframework.data.repository.config.RepositoryConfigurationDelegate - Bootstrapping Spring Data Redis repositories in DEFAULT mode.
2023-08-24 16:47:38.092 [main] INFO  org.springframework.data.repository.config.RepositoryConfigurationDelegate - Finished Spring Data repository scanning in 92ms. Found 0 Redis repository interfaces.
2023-08-24 16:47:39.501 [main] INFO  o.s.context.support.PostProcessorRegistrationDelegate$BeanPostProcessorChecker - Bean 'org.springframework.boot.autoconfigure.jdbc.DataSourceTransactionManagerAutoConfiguration$DataSourceTransactionManagerConfiguration' of type [org.springframework.boot.autoconfigure.jdbc.DataSourceTransactionManagerAutoConfiguration$DataSourceTransactionManagerConfiguration] is not eligible for getting processed by all BeanPostProcessors (for example: not eligible for auto-proxying)
2023-08-24 16:47:39.508 [main] INFO  o.s.context.support.PostProcessorRegistrationDelegate$BeanPostProcessorChecker - Bean 'com.alibaba.druid.spring.boot.autoconfigure.DruidDataSourceAutoConfigure' of type [com.alibaba.druid.spring.boot.autoconfigure.DruidDataSourceAutoConfigure$$EnhancerBySpringCGLIB$$a402a4ba] is not eligible for getting processed by all BeanPostProcessors (for example: not eligible for auto-proxying)
2023-08-24 16:47:39.514 [main] INFO  com.alibaba.druid.spring.boot.autoconfigure.DruidDataSourceAutoConfigure - Init DruidDataSource
2023-08-24 16:47:39.646 [main] INFO  o.s.context.support.PostProcessorRegistrationDelegate$BeanPostProcessorChecker - Bean 'spring.datasource-org.springframework.boot.autoconfigure.jdbc.DataSourceProperties' of type [org.springframework.boot.autoconfigure.jdbc.DataSourceProperties] is not eligible for getting processed by all BeanPostProcessors (for example: not eligible for auto-proxying)
2023-08-24 16:47:39.660 [main] INFO  o.s.context.support.PostProcessorRegistrationDelegate$BeanPostProcessorChecker - Bean 'com.alibaba.druid.spring.boot.autoconfigure.stat.DruidFilterConfiguration' of type [com.alibaba.druid.spring.boot.autoconfigure.stat.DruidFilterConfiguration] is not eligible for getting processed by all BeanPostProcessors (for example: not eligible for auto-proxying)
2023-08-24 16:47:39.723 [main] INFO  o.s.context.support.PostProcessorRegistrationDelegate$BeanPostProcessorChecker - Bean 'statFilter' of type [com.alibaba.druid.filter.stat.StatFilter] is not eligible for getting processed by all BeanPostProcessors (for example: not eligible for auto-proxying)
2023-08-24 16:47:39.837 [main] INFO  o.s.context.support.PostProcessorRegistrationDelegate$BeanPostProcessorChecker - Bean 'wallConfig' of type [com.alibaba.druid.wall.WallConfig] is not eligible for getting processed by all BeanPostProcessors (for example: not eligible for auto-proxying)
2023-08-24 16:47:39.875 [main] INFO  o.s.context.support.PostProcessorRegistrationDelegate$BeanPostProcessorChecker - Bean 'wallFilter' of type [com.alibaba.druid.wall.WallFilter] is not eligible for getting processed by all BeanPostProcessors (for example: not eligible for auto-proxying)
2023-08-24 16:47:40.088 [main] INFO  com.alibaba.druid.pool.DruidDataSource - {dataSource-1} inited
2023-08-24 16:47:40.088 [main] INFO  o.s.context.support.PostProcessorRegistrationDelegate$BeanPostProcessorChecker - Bean 'dataSource' of type [com.alibaba.druid.spring.boot.autoconfigure.DruidDataSourceWrapper] is not eligible for getting processed by all BeanPostProcessors (for example: not eligible for auto-proxying)
2023-08-24 16:47:40.138 [main] INFO  o.s.context.support.PostProcessorRegistrationDelegate$BeanPostProcessorChecker - Bean 'org.springframework.boot.autoconfigure.jdbc.DataSourceInitializerInvoker' of type [org.springframework.boot.autoconfigure.jdbc.DataSourceInitializerInvoker] is not eligible for getting processed by all BeanPostProcessors (for example: not eligible for auto-proxying)
2023-08-24 16:47:40.149 [main] INFO  o.s.context.support.PostProcessorRegistrationDelegate$BeanPostProcessorChecker - Bean 'org.springframework.boot.autoconfigure.transaction.TransactionAutoConfiguration' of type [org.springframework.boot.autoconfigure.transaction.TransactionAutoConfiguration] is not eligible for getting processed by all BeanPostProcessors (for example: not eligible for auto-proxying)
2023-08-24 16:47:40.162 [main] INFO  o.s.context.support.PostProcessorRegistrationDelegate$BeanPostProcessorChecker - Bean 'spring.transaction-org.springframework.boot.autoconfigure.transaction.TransactionProperties' of type [org.springframework.boot.autoconfigure.transaction.TransactionProperties] is not eligible for getting processed by all BeanPostProcessors (for example: not eligible for auto-proxying)
2023-08-24 16:47:40.167 [main] INFO  o.s.context.support.PostProcessorRegistrationDelegate$BeanPostProcessorChecker - Bean 'platformTransactionManagerCustomizers' of type [org.springframework.boot.autoconfigure.transaction.TransactionManagerCustomizers] is not eligible for getting processed by all BeanPostProcessors (for example: not eligible for auto-proxying)
2023-08-24 16:47:40.183 [main] INFO  o.s.context.support.PostProcessorRegistrationDelegate$BeanPostProcessorChecker - Bean 'transactionManager' of type [org.springframework.jdbc.datasource.DataSourceTransactionManager] is not eligible for getting processed by all BeanPostProcessors (for example: not eligible for auto-proxying)
2023-08-24 16:47:40.186 [main] INFO  o.s.context.support.PostProcessorRegistrationDelegate$BeanPostProcessorChecker - Bean 'transactionAdviceConfig' of type [cn.wolfcode.web.commons.config.TransactionAdviceConfig$$EnhancerBySpringCGLIB$$6d0115e5] is not eligible for getting processed by all BeanPostProcessors (for example: not eligible for auto-proxying)
2023-08-24 16:47:40.192 [main] INFO  o.s.context.support.PostProcessorRegistrationDelegate$BeanPostProcessorChecker - Bean 'txAdvice' of type [org.springframework.transaction.interceptor.TransactionInterceptor] is not eligible for getting processed by all BeanPostProcessors (for example: not eligible for auto-proxying)
2023-08-24 16:47:40.200 [main] INFO  o.s.context.support.PostProcessorRegistrationDelegate$BeanPostProcessorChecker - Bean 'txAdviceAdvisor' of type [org.springframework.aop.support.DefaultPointcutAdvisor] is not eligible for getting processed by all BeanPostProcessors (for example: not eligible for auto-proxying)
2023-08-24 16:47:40.222 [main] INFO  o.s.context.support.PostProcessorRegistrationDelegate$BeanPostProcessorChecker - Bean 'org.springframework.security.config.annotation.configuration.ObjectPostProcessorConfiguration' of type [org.springframework.security.config.annotation.configuration.ObjectPostProcessorConfiguration] is not eligible for getting processed by all BeanPostProcessors (for example: not eligible for auto-proxying)
2023-08-24 16:47:40.249 [main] INFO  o.s.context.support.PostProcessorRegistrationDelegate$BeanPostProcessorChecker - Bean 'objectPostProcessor' of type [org.springframework.security.config.annotation.configuration.AutowireBeanFactoryObjectPostProcessor] is not eligible for getting processed by all BeanPostProcessors (for example: not eligible for auto-proxying)
2023-08-24 16:47:40.257 [main] INFO  o.s.context.support.PostProcessorRegistrationDelegate$BeanPostProcessorChecker - Bean 'org.springframework.security.access.expression.method.DefaultMethodSecurityExpressionHandler@4262fdeb' of type [org.springframework.security.access.expression.method.DefaultMethodSecurityExpressionHandler] is not eligible for getting processed by all BeanPostProcessors (for example: not eligible for auto-proxying)
2023-08-24 16:47:40.271 [main] INFO  o.s.context.support.PostProcessorRegistrationDelegate$BeanPostProcessorChecker - Bean 'org.springframework.security.config.annotation.method.configuration.GlobalMethodSecurityConfiguration' of type [org.springframework.security.config.annotation.method.configuration.GlobalMethodSecurityConfiguration] is not eligible for getting processed by all BeanPostProcessors (for example: not eligible for auto-proxying)
2023-08-24 16:47:40.291 [main] INFO  o.s.context.support.PostProcessorRegistrationDelegate$BeanPostProcessorChecker - Bean 'methodSecurityMetadataSource' of type [org.springframework.security.access.method.DelegatingMethodSecurityMetadataSource] is not eligible for getting processed by all BeanPostProcessors (for example: not eligible for auto-proxying)
2023-08-24 16:47:41.210 [main] WARN  com.baomidou.mybatisplus.core.metadata.TableInfoHelper - Warn: Could not find @TableId in Class: cn.wolfcode.web.modules.sys.entity.SysRoleByMenu.
2023-08-24 16:47:44.119 [main] WARN  com.baomidou.mybatisplus.core.metadata.TableInfoHelper - Warn: Could not find @TableId in Class: cn.wolfcode.web.modules.sys.entity.SysUserRole.
2023-08-24 16:47:45.009 [main] INFO  o.s.boot.autoconfigure.security.servlet.UserDetailsServiceAutoConfiguration - 

Using generated security password: f0dd160b-0a5c-4493-b7a9-f8021a3e7b21

2023-08-24 16:47:45.136 [main] INFO  org.springframework.security.web.DefaultSecurityFilterChain - Creating filter chain: Ant [pattern='/{spring:^(static|druid|images|sign|druid|error)$}/**'], []
2023-08-24 16:47:45.136 [main] INFO  org.springframework.security.web.DefaultSecurityFilterChain - Creating filter chain: Ant [pattern='/**/{spring:^.*\.((?!html).)*$}'], []
2023-08-24 16:47:45.338 [main] INFO  org.springframework.security.web.DefaultSecurityFilterChain - Creating filter chain: any request, [org.springframework.security.web.context.request.async.WebAsyncManagerIntegrationFilter@18483b8b, org.springframework.security.web.context.SecurityContextPersistenceFilter@21f91efa, org.springframework.security.web.header.HeaderWriterFilter@761f234c, org.springframework.security.web.authentication.logout.LogoutFilter@13dc6649, cn.wolfcode.web.commons.interceptors.LoginInterceptor@3070f3e6, org.springframework.security.web.authentication.UsernamePasswordAuthenticationFilter@182e4365, org.springframework.security.web.session.ConcurrentSessionFilter@4aac81ca, org.springframework.security.web.savedrequest.RequestCacheAwareFilter@35e75f7a, org.springframework.security.web.servletapi.SecurityContextHolderAwareRequestFilter@627bcd7e, org.springframework.security.web.authentication.AnonymousAuthenticationFilter@24fc2c80, org.springframework.security.web.session.SessionManagementFilter@42b4df5a, org.springframework.security.web.access.ExceptionTranslationFilter@6a6e9289, org.springframework.security.web.access.intercept.FilterSecurityInterceptor@517a46f3]
2023-08-24 16:47:45.441 [main] INFO  org.springframework.scheduling.concurrent.ThreadPoolTaskExecutor - Initializing ExecutorService 'clientInboundChannelExecutor'
2023-08-24 16:47:45.460 [main] INFO  org.springframework.scheduling.concurrent.ThreadPoolTaskExecutor - Initializing ExecutorService 'clientOutboundChannelExecutor'
2023-08-24 16:47:45.497 [main] INFO  org.springframework.scheduling.concurrent.ThreadPoolTaskScheduler - Initializing ExecutorService 'messageBrokerTaskScheduler'
2023-08-24 16:47:45.608 [main] INFO  org.springframework.scheduling.concurrent.ThreadPoolTaskExecutor - Initializing ExecutorService 'brokerChannelExecutor'
2023-08-24 16:47:46.498 [main] INFO  org.springframework.boot.autoconfigure.web.servlet.WelcomePageHandlerMapping - Adding welcome page template: index
2023-08-24 16:47:48.213 [main] INFO  io.lettuce.core.EpollProvider - Starting without optional epoll library
2023-08-24 16:47:48.216 [main] INFO  io.lettuce.core.KqueueProvider - Starting without optional kqueue library
2023-08-24 16:47:48.962 [main] INFO  org.springframework.messaging.simp.broker.SimpleBrokerMessageHandler - Starting...
2023-08-24 16:47:48.962 [main] INFO  org.springframework.messaging.simp.broker.SimpleBrokerMessageHandler - BrokerAvailabilityEvent[available=true, SimpleBrokerMessageHandler [DefaultSubscriptionRegistry[cache[0 destination(s)], registry[0 sessions]]]]
2023-08-24 16:47:48.964 [main] INFO  org.springframework.messaging.simp.broker.SimpleBrokerMessageHandler - Started.
2023-08-24 16:47:49.603 [main] INFO  cn.wolfcode.web.config.SysConfigTest - Started SysConfigTest in 14.639 seconds (JVM running for 16.371)
2023-08-24 16:47:50.026 [main] DEBUG cn.wolfcode.web.modules.sys.mapper.SysConfigMapper.insert - ==>  Preparing: INSERT INTO SYS_CONFIG ( config_key, parent_key, info, config_value, disable ) VALUES ( ?, ?, ?, ?, ? ) 
2023-08-24 16:47:50.265 [main] DEBUG cn.wolfcode.web.modules.sys.mapper.SysConfigMapper.insert - ==> Parameters: system(String), -(String), 系统配置(String), -(String), 0(Integer)
2023-08-24 16:47:50.266 [main] DEBUG cn.wolfcode.web.modules.sys.mapper.SysConfigMapper.insert - ==> Parameters: system1(String), system(String), 系统配置(String), systemValue(String), 0(Integer)
2023-08-24 16:47:50.267 [main] DEBUG cn.wolfcode.web.modules.sys.mapper.SysConfigMapper.insert - ==> Parameters: system2(String), system(String), 系统配置(String), systemValue(String), 0(Integer)
2023-08-24 16:47:50.268 [main] DEBUG cn.wolfcode.web.modules.sys.mapper.SysConfigMapper.insert - ==> Parameters: system3(String), system(String), 系统配置(String), systemValue(String), 0(Integer)
2023-08-24 16:47:50.269 [main] DEBUG cn.wolfcode.web.modules.sys.mapper.SysConfigMapper.insert - ==> Parameters: system4(String), system(String), 系统配置(String), systemValue(String), 0(Integer)
2023-08-24 16:47:50.271 [main] DEBUG cn.wolfcode.web.modules.sys.mapper.SysConfigMapper.insert - ==> Parameters: config(String), -(String), config配置(String), -(String), 0(Integer)
2023-08-24 16:47:50.272 [main] DEBUG cn.wolfcode.web.modules.sys.mapper.SysConfigMapper.insert - ==> Parameters: config1(String), config(String), 系统配置(String), configValue(String), 0(Integer)
2023-08-24 16:47:50.274 [main] DEBUG cn.wolfcode.web.modules.sys.mapper.SysConfigMapper.insert - ==> Parameters: config2(String), config(String), 系统配置(String), configValue(String), 0(Integer)
2023-08-24 16:47:50.274 [main] DEBUG cn.wolfcode.web.modules.sys.mapper.SysConfigMapper.insert - ==> Parameters: config3(String), config(String), 系统配置(String), configValue(String), 0(Integer)
2023-08-24 16:47:50.452 [main] DEBUG cn.wolfcode.web.modules.sys.mapper.SysConfigMapper.selectOne - ==>  Preparing: SELECT config_key,parent_key,info,config_value,disable FROM SYS_CONFIG WHERE (config_key = ? AND disable = ?) 
2023-08-24 16:47:50.502 [main] DEBUG cn.wolfcode.web.modules.sys.mapper.SysConfigMapper.selectOne - ==> Parameters: system:xss:enabled(String), 0(Integer)
2023-08-24 16:47:50.540 [main] DEBUG cn.wolfcode.web.modules.sys.mapper.SysConfigMapper.selectOne - <==      Total: 1
2023-08-24 16:47:50.549 [main] DEBUG cn.wolfcode.web.modules.sys.mapper.SysConfigMapper.selectList - ==>  Preparing: SELECT config_key,parent_key,info,config_value,disable FROM SYS_CONFIG 
2023-08-24 16:47:50.550 [main] DEBUG cn.wolfcode.web.modules.sys.mapper.SysConfigMapper.selectList - ==> Parameters: 
2023-08-24 16:47:50.555 [main] DEBUG cn.wolfcode.web.modules.sys.mapper.SysConfigMapper.selectList - <==      Total: 16
2023-08-24 16:47:50.646 [main] INFO  cn.wolfcode.web.JacksonUtilTest - Starting JacksonUtilTest on LAPTOP-J40OTHIL with PID 11956 (started by lenovo in D:\Users\lenovo\Desktop\class\Java\code\wolfcode-web\web)
2023-08-24 16:47:50.646 [main] DEBUG cn.wolfcode.web.JacksonUtilTest - Running with Spring Boot v2.2.5.RELEASE, Spring v5.2.4.RELEASE
2023-08-24 16:47:50.646 [main] INFO  cn.wolfcode.web.JacksonUtilTest - The following profiles are active: dev
2023-08-24 16:47:51.199 [main] INFO  org.springframework.data.repository.config.RepositoryConfigurationDelegate - Multiple Spring Data modules found, entering strict repository configuration mode!
2023-08-24 16:47:51.199 [main] INFO  org.springframework.data.repository.config.RepositoryConfigurationDelegate - Bootstrapping Spring Data Redis repositories in DEFAULT mode.
2023-08-24 16:47:51.286 [main] INFO  org.springframework.data.repository.config.RepositoryConfigurationDelegate - Finished Spring Data repository scanning in 86ms. Found 0 Redis repository interfaces.
2023-08-24 16:47:51.523 [main] INFO  o.s.context.support.PostProcessorRegistrationDelegate$BeanPostProcessorChecker - Bean 'org.springframework.boot.autoconfigure.jdbc.DataSourceTransactionManagerAutoConfiguration$DataSourceTransactionManagerConfiguration' of type [org.springframework.boot.autoconfigure.jdbc.DataSourceTransactionManagerAutoConfiguration$DataSourceTransactionManagerConfiguration] is not eligible for getting processed by all BeanPostProcessors (for example: not eligible for auto-proxying)
2023-08-24 16:47:51.532 [main] INFO  o.s.context.support.PostProcessorRegistrationDelegate$BeanPostProcessorChecker - Bean 'com.alibaba.druid.spring.boot.autoconfigure.DruidDataSourceAutoConfigure' of type [com.alibaba.druid.spring.boot.autoconfigure.DruidDataSourceAutoConfigure$$EnhancerBySpringCGLIB$$a402a4ba] is not eligible for getting processed by all BeanPostProcessors (for example: not eligible for auto-proxying)
2023-08-24 16:47:51.533 [main] INFO  com.alibaba.druid.spring.boot.autoconfigure.DruidDataSourceAutoConfigure - Init DruidDataSource
2023-08-24 16:47:51.572 [main] INFO  o.s.context.support.PostProcessorRegistrationDelegate$BeanPostProcessorChecker - Bean 'spring.datasource-org.springframework.boot.autoconfigure.jdbc.DataSourceProperties' of type [org.springframework.boot.autoconfigure.jdbc.DataSourceProperties] is not eligible for getting processed by all BeanPostProcessors (for example: not eligible for auto-proxying)
2023-08-24 16:47:51.577 [main] INFO  o.s.context.support.PostProcessorRegistrationDelegate$BeanPostProcessorChecker - Bean 'com.alibaba.druid.spring.boot.autoconfigure.stat.DruidFilterConfiguration' of type [com.alibaba.druid.spring.boot.autoconfigure.stat.DruidFilterConfiguration] is not eligible for getting processed by all BeanPostProcessors (for example: not eligible for auto-proxying)
2023-08-24 16:47:51.599 [main] INFO  o.s.context.support.PostProcessorRegistrationDelegate$BeanPostProcessorChecker - Bean 'statFilter' of type [com.alibaba.druid.filter.stat.StatFilter] is not eligible for getting processed by all BeanPostProcessors (for example: not eligible for auto-proxying)
2023-08-24 16:47:51.687 [main] INFO  o.s.context.support.PostProcessorRegistrationDelegate$BeanPostProcessorChecker - Bean 'wallConfig' of type [com.alibaba.druid.wall.WallConfig] is not eligible for getting processed by all BeanPostProcessors (for example: not eligible for auto-proxying)
2023-08-24 16:47:51.715 [main] INFO  o.s.context.support.PostProcessorRegistrationDelegate$BeanPostProcessorChecker - Bean 'wallFilter' of type [com.alibaba.druid.wall.WallFilter] is not eligible for getting processed by all BeanPostProcessors (for example: not eligible for auto-proxying)
2023-08-24 16:47:51.764 [main] INFO  com.alibaba.druid.pool.DruidDataSource - {dataSource-2} inited
2023-08-24 16:47:51.764 [main] INFO  o.s.context.support.PostProcessorRegistrationDelegate$BeanPostProcessorChecker - Bean 'dataSource' of type [com.alibaba.druid.spring.boot.autoconfigure.DruidDataSourceWrapper] is not eligible for getting processed by all BeanPostProcessors (for example: not eligible for auto-proxying)
2023-08-24 16:47:51.796 [main] INFO  o.s.context.support.PostProcessorRegistrationDelegate$BeanPostProcessorChecker - Bean 'org.springframework.boot.autoconfigure.jdbc.DataSourceInitializerInvoker' of type [org.springframework.boot.autoconfigure.jdbc.DataSourceInitializerInvoker] is not eligible for getting processed by all BeanPostProcessors (for example: not eligible for auto-proxying)
2023-08-24 16:47:51.805 [main] INFO  o.s.context.support.PostProcessorRegistrationDelegate$BeanPostProcessorChecker - Bean 'org.springframework.boot.autoconfigure.transaction.TransactionAutoConfiguration' of type [org.springframework.boot.autoconfigure.transaction.TransactionAutoConfiguration] is not eligible for getting processed by all BeanPostProcessors (for example: not eligible for auto-proxying)
2023-08-24 16:47:51.811 [main] INFO  o.s.context.support.PostProcessorRegistrationDelegate$BeanPostProcessorChecker - Bean 'spring.transaction-org.springframework.boot.autoconfigure.transaction.TransactionProperties' of type [org.springframework.boot.autoconfigure.transaction.TransactionProperties] is not eligible for getting processed by all BeanPostProcessors (for example: not eligible for auto-proxying)
2023-08-24 16:47:51.814 [main] INFO  o.s.context.support.PostProcessorRegistrationDelegate$BeanPostProcessorChecker - Bean 'platformTransactionManagerCustomizers' of type [org.springframework.boot.autoconfigure.transaction.TransactionManagerCustomizers] is not eligible for getting processed by all BeanPostProcessors (for example: not eligible for auto-proxying)
2023-08-24 16:47:51.823 [main] INFO  o.s.context.support.PostProcessorRegistrationDelegate$BeanPostProcessorChecker - Bean 'transactionManager' of type [org.springframework.jdbc.datasource.DataSourceTransactionManager] is not eligible for getting processed by all BeanPostProcessors (for example: not eligible for auto-proxying)
2023-08-24 16:47:51.825 [main] INFO  o.s.context.support.PostProcessorRegistrationDelegate$BeanPostProcessorChecker - Bean 'transactionAdviceConfig' of type [cn.wolfcode.web.commons.config.TransactionAdviceConfig$$EnhancerBySpringCGLIB$$6d0115e5] is not eligible for getting processed by all BeanPostProcessors (for example: not eligible for auto-proxying)
2023-08-24 16:47:51.825 [main] INFO  o.s.context.support.PostProcessorRegistrationDelegate$BeanPostProcessorChecker - Bean 'txAdvice' of type [org.springframework.transaction.interceptor.TransactionInterceptor] is not eligible for getting processed by all BeanPostProcessors (for example: not eligible for auto-proxying)
2023-08-24 16:47:51.831 [main] INFO  o.s.context.support.PostProcessorRegistrationDelegate$BeanPostProcessorChecker - Bean 'txAdviceAdvisor' of type [org.springframework.aop.support.DefaultPointcutAdvisor] is not eligible for getting processed by all BeanPostProcessors (for example: not eligible for auto-proxying)
2023-08-24 16:47:51.840 [main] INFO  o.s.context.support.PostProcessorRegistrationDelegate$BeanPostProcessorChecker - Bean 'org.springframework.security.config.annotation.configuration.ObjectPostProcessorConfiguration' of type [org.springframework.security.config.annotation.configuration.ObjectPostProcessorConfiguration] is not eligible for getting processed by all BeanPostProcessors (for example: not eligible for auto-proxying)
2023-08-24 16:47:51.849 [main] INFO  o.s.context.support.PostProcessorRegistrationDelegate$BeanPostProcessorChecker - Bean 'objectPostProcessor' of type [org.springframework.security.config.annotation.configuration.AutowireBeanFactoryObjectPostProcessor] is not eligible for getting processed by all BeanPostProcessors (for example: not eligible for auto-proxying)
2023-08-24 16:47:51.850 [main] INFO  o.s.context.support.PostProcessorRegistrationDelegate$BeanPostProcessorChecker - Bean 'org.springframework.security.access.expression.method.DefaultMethodSecurityExpressionHandler@558ed473' of type [org.springframework.security.access.expression.method.DefaultMethodSecurityExpressionHandler] is not eligible for getting processed by all BeanPostProcessors (for example: not eligible for auto-proxying)
2023-08-24 16:47:51.861 [main] INFO  o.s.context.support.PostProcessorRegistrationDelegate$BeanPostProcessorChecker - Bean 'org.springframework.security.config.annotation.method.configuration.GlobalMethodSecurityConfiguration' of type [org.springframework.security.config.annotation.method.configuration.GlobalMethodSecurityConfiguration] is not eligible for getting processed by all BeanPostProcessors (for example: not eligible for auto-proxying)
2023-08-24 16:47:51.868 [main] INFO  o.s.context.support.PostProcessorRegistrationDelegate$BeanPostProcessorChecker - Bean 'methodSecurityMetadataSource' of type [org.springframework.security.access.method.DelegatingMethodSecurityMetadataSource] is not eligible for getting processed by all BeanPostProcessors (for example: not eligible for auto-proxying)
2023-08-24 16:47:54.167 [main] INFO  o.s.boot.autoconfigure.security.servlet.UserDetailsServiceAutoConfiguration - 

Using generated security password: cd5d1388-658e-46ce-a821-0c551d97217b

2023-08-24 16:47:54.182 [main] INFO  org.springframework.security.web.DefaultSecurityFilterChain - Creating filter chain: Ant [pattern='/{spring:^(static|druid|images|sign|druid|error)$}/**'], []
2023-08-24 16:47:54.183 [main] INFO  org.springframework.security.web.DefaultSecurityFilterChain - Creating filter chain: Ant [pattern='/**/{spring:^.*\.((?!html).)*$}'], []
2023-08-24 16:47:54.374 [main] INFO  org.springframework.security.web.DefaultSecurityFilterChain - Creating filter chain: any request, [org.springframework.security.web.context.request.async.WebAsyncManagerIntegrationFilter@2f8b48c3, org.springframework.security.web.context.SecurityContextPersistenceFilter@4a977146, org.springframework.security.web.header.HeaderWriterFilter@1f229c40, org.springframework.security.web.authentication.logout.LogoutFilter@466cca41, cn.wolfcode.web.commons.interceptors.LoginInterceptor@4724b2c1, org.springframework.security.web.authentication.UsernamePasswordAuthenticationFilter@3ca9d3b2, org.springframework.security.web.session.ConcurrentSessionFilter@391b03b, org.springframework.security.web.savedrequest.RequestCacheAwareFilter@41dc34c8, org.springframework.security.web.servletapi.SecurityContextHolderAwareRequestFilter@402c415e, org.springframework.security.web.authentication.AnonymousAuthenticationFilter@2af31aba, org.springframework.security.web.session.SessionManagementFilter@215404a1, org.springframework.security.web.access.ExceptionTranslationFilter@11fb1691, org.springframework.security.web.access.intercept.FilterSecurityInterceptor@37aea657]
2023-08-24 16:47:54.448 [main] INFO  org.springframework.scheduling.concurrent.ThreadPoolTaskExecutor - Initializing ExecutorService 'clientInboundChannelExecutor'
2023-08-24 16:47:54.469 [main] INFO  org.springframework.scheduling.concurrent.ThreadPoolTaskExecutor - Initializing ExecutorService 'clientOutboundChannelExecutor'
2023-08-24 16:47:54.505 [main] INFO  org.springframework.scheduling.concurrent.ThreadPoolTaskScheduler - Initializing ExecutorService 'messageBrokerTaskScheduler'
2023-08-24 16:47:54.546 [main] INFO  org.springframework.scheduling.concurrent.ThreadPoolTaskExecutor - Initializing ExecutorService 'brokerChannelExecutor'
2023-08-24 16:47:55.049 [main] INFO  org.springframework.boot.autoconfigure.web.servlet.WelcomePageHandlerMapping - Adding welcome page template: index
2023-08-24 16:47:56.189 [main] INFO  org.springframework.messaging.simp.broker.SimpleBrokerMessageHandler - Starting...
2023-08-24 16:47:56.189 [main] INFO  org.springframework.messaging.simp.broker.SimpleBrokerMessageHandler - BrokerAvailabilityEvent[available=true, SimpleBrokerMessageHandler [DefaultSubscriptionRegistry[cache[0 destination(s)], registry[0 sessions]]]]
2023-08-24 16:47:56.189 [main] INFO  org.springframework.messaging.simp.broker.SimpleBrokerMessageHandler - Started.
2023-08-24 16:47:56.749 [main] INFO  cn.wolfcode.web.JacksonUtilTest - Started JacksonUtilTest in 6.182 seconds (JVM running for 23.517)
2023-08-24 16:47:56.907 [main] INFO  cn.wolfcode.web.redis.RedisTest - Starting RedisTest on LAPTOP-J40OTHIL with PID 11956 (started by lenovo in D:\Users\lenovo\Desktop\class\Java\code\wolfcode-web\web)
2023-08-24 16:47:56.907 [main] DEBUG cn.wolfcode.web.redis.RedisTest - Running with Spring Boot v2.2.5.RELEASE, Spring v5.2.4.RELEASE
2023-08-24 16:47:56.907 [main] INFO  cn.wolfcode.web.redis.RedisTest - The following profiles are active: dev
2023-08-24 16:47:57.366 [main] INFO  org.springframework.data.repository.config.RepositoryConfigurationDelegate - Multiple Spring Data modules found, entering strict repository configuration mode!
2023-08-24 16:47:57.366 [main] INFO  org.springframework.data.repository.config.RepositoryConfigurationDelegate - Bootstrapping Spring Data Redis repositories in DEFAULT mode.
2023-08-24 16:47:57.482 [main] INFO  org.springframework.data.repository.config.RepositoryConfigurationDelegate - Finished Spring Data repository scanning in 116ms. Found 0 Redis repository interfaces.
2023-08-24 16:47:57.685 [main] INFO  o.s.context.support.PostProcessorRegistrationDelegate$BeanPostProcessorChecker - Bean 'org.springframework.boot.autoconfigure.jdbc.DataSourceTransactionManagerAutoConfiguration$DataSourceTransactionManagerConfiguration' of type [org.springframework.boot.autoconfigure.jdbc.DataSourceTransactionManagerAutoConfiguration$DataSourceTransactionManagerConfiguration] is not eligible for getting processed by all BeanPostProcessors (for example: not eligible for auto-proxying)
2023-08-24 16:47:57.691 [main] INFO  o.s.context.support.PostProcessorRegistrationDelegate$BeanPostProcessorChecker - Bean 'com.alibaba.druid.spring.boot.autoconfigure.DruidDataSourceAutoConfigure' of type [com.alibaba.druid.spring.boot.autoconfigure.DruidDataSourceAutoConfigure$$EnhancerBySpringCGLIB$$a402a4ba] is not eligible for getting processed by all BeanPostProcessors (for example: not eligible for auto-proxying)
2023-08-24 16:47:57.692 [main] INFO  com.alibaba.druid.spring.boot.autoconfigure.DruidDataSourceAutoConfigure - Init DruidDataSource
2023-08-24 16:47:57.731 [main] INFO  o.s.context.support.PostProcessorRegistrationDelegate$BeanPostProcessorChecker - Bean 'spring.datasource-org.springframework.boot.autoconfigure.jdbc.DataSourceProperties' of type [org.springframework.boot.autoconfigure.jdbc.DataSourceProperties] is not eligible for getting processed by all BeanPostProcessors (for example: not eligible for auto-proxying)
2023-08-24 16:47:57.734 [main] INFO  o.s.context.support.PostProcessorRegistrationDelegate$BeanPostProcessorChecker - Bean 'com.alibaba.druid.spring.boot.autoconfigure.stat.DruidFilterConfiguration' of type [com.alibaba.druid.spring.boot.autoconfigure.stat.DruidFilterConfiguration] is not eligible for getting processed by all BeanPostProcessors (for example: not eligible for auto-proxying)
2023-08-24 16:47:57.748 [main] INFO  o.s.context.support.PostProcessorRegistrationDelegate$BeanPostProcessorChecker - Bean 'statFilter' of type [com.alibaba.druid.filter.stat.StatFilter] is not eligible for getting processed by all BeanPostProcessors (for example: not eligible for auto-proxying)
2023-08-24 16:47:57.794 [main] INFO  o.s.context.support.PostProcessorRegistrationDelegate$BeanPostProcessorChecker - Bean 'wallConfig' of type [com.alibaba.druid.wall.WallConfig] is not eligible for getting processed by all BeanPostProcessors (for example: not eligible for auto-proxying)
2023-08-24 16:47:57.819 [main] INFO  o.s.context.support.PostProcessorRegistrationDelegate$BeanPostProcessorChecker - Bean 'wallFilter' of type [com.alibaba.druid.wall.WallFilter] is not eligible for getting processed by all BeanPostProcessors (for example: not eligible for auto-proxying)
2023-08-24 16:47:57.865 [main] INFO  com.alibaba.druid.pool.DruidDataSource - {dataSource-3} inited
2023-08-24 16:47:57.865 [main] INFO  o.s.context.support.PostProcessorRegistrationDelegate$BeanPostProcessorChecker - Bean 'dataSource' of type [com.alibaba.druid.spring.boot.autoconfigure.DruidDataSourceWrapper] is not eligible for getting processed by all BeanPostProcessors (for example: not eligible for auto-proxying)
2023-08-24 16:47:57.890 [main] INFO  o.s.context.support.PostProcessorRegistrationDelegate$BeanPostProcessorChecker - Bean 'org.springframework.boot.autoconfigure.jdbc.DataSourceInitializerInvoker' of type [org.springframework.boot.autoconfigure.jdbc.DataSourceInitializerInvoker] is not eligible for getting processed by all BeanPostProcessors (for example: not eligible for auto-proxying)
2023-08-24 16:47:57.896 [main] INFO  o.s.context.support.PostProcessorRegistrationDelegate$BeanPostProcessorChecker - Bean 'org.springframework.boot.autoconfigure.transaction.TransactionAutoConfiguration' of type [org.springframework.boot.autoconfigure.transaction.TransactionAutoConfiguration] is not eligible for getting processed by all BeanPostProcessors (for example: not eligible for auto-proxying)
2023-08-24 16:47:57.902 [main] INFO  o.s.context.support.PostProcessorRegistrationDelegate$BeanPostProcessorChecker - Bean 'spring.transaction-org.springframework.boot.autoconfigure.transaction.TransactionProperties' of type [org.springframework.boot.autoconfigure.transaction.TransactionProperties] is not eligible for getting processed by all BeanPostProcessors (for example: not eligible for auto-proxying)
2023-08-24 16:47:57.905 [main] INFO  o.s.context.support.PostProcessorRegistrationDelegate$BeanPostProcessorChecker - Bean 'platformTransactionManagerCustomizers' of type [org.springframework.boot.autoconfigure.transaction.TransactionManagerCustomizers] is not eligible for getting processed by all BeanPostProcessors (for example: not eligible for auto-proxying)
2023-08-24 16:47:57.915 [main] INFO  o.s.context.support.PostProcessorRegistrationDelegate$BeanPostProcessorChecker - Bean 'transactionManager' of type [org.springframework.jdbc.datasource.DataSourceTransactionManager] is not eligible for getting processed by all BeanPostProcessors (for example: not eligible for auto-proxying)
2023-08-24 16:47:57.917 [main] INFO  o.s.context.support.PostProcessorRegistrationDelegate$BeanPostProcessorChecker - Bean 'transactionAdviceConfig' of type [cn.wolfcode.web.commons.config.TransactionAdviceConfig$$EnhancerBySpringCGLIB$$6d0115e5] is not eligible for getting processed by all BeanPostProcessors (for example: not eligible for auto-proxying)
2023-08-24 16:47:57.917 [main] INFO  o.s.context.support.PostProcessorRegistrationDelegate$BeanPostProcessorChecker - Bean 'txAdvice' of type [org.springframework.transaction.interceptor.TransactionInterceptor] is not eligible for getting processed by all BeanPostProcessors (for example: not eligible for auto-proxying)
2023-08-24 16:47:57.924 [main] INFO  o.s.context.support.PostProcessorRegistrationDelegate$BeanPostProcessorChecker - Bean 'txAdviceAdvisor' of type [org.springframework.aop.support.DefaultPointcutAdvisor] is not eligible for getting processed by all BeanPostProcessors (for example: not eligible for auto-proxying)
2023-08-24 16:47:57.934 [main] INFO  o.s.context.support.PostProcessorRegistrationDelegate$BeanPostProcessorChecker - Bean 'org.springframework.security.config.annotation.configuration.ObjectPostProcessorConfiguration' of type [org.springframework.security.config.annotation.configuration.ObjectPostProcessorConfiguration] is not eligible for getting processed by all BeanPostProcessors (for example: not eligible for auto-proxying)
2023-08-24 16:47:57.941 [main] INFO  o.s.context.support.PostProcessorRegistrationDelegate$BeanPostProcessorChecker - Bean 'objectPostProcessor' of type [org.springframework.security.config.annotation.configuration.AutowireBeanFactoryObjectPostProcessor] is not eligible for getting processed by all BeanPostProcessors (for example: not eligible for auto-proxying)
2023-08-24 16:47:57.942 [main] INFO  o.s.context.support.PostProcessorRegistrationDelegate$BeanPostProcessorChecker - Bean 'org.springframework.security.access.expression.method.DefaultMethodSecurityExpressionHandler@17b9c9ff' of type [org.springframework.security.access.expression.method.DefaultMethodSecurityExpressionHandler] is not eligible for getting processed by all BeanPostProcessors (for example: not eligible for auto-proxying)
2023-08-24 16:47:57.954 [main] INFO  o.s.context.support.PostProcessorRegistrationDelegate$BeanPostProcessorChecker - Bean 'org.springframework.security.config.annotation.method.configuration.GlobalMethodSecurityConfiguration' of type [org.springframework.security.config.annotation.method.configuration.GlobalMethodSecurityConfiguration] is not eligible for getting processed by all BeanPostProcessors (for example: not eligible for auto-proxying)
2023-08-24 16:47:57.960 [main] INFO  o.s.context.support.PostProcessorRegistrationDelegate$BeanPostProcessorChecker - Bean 'methodSecurityMetadataSource' of type [org.springframework.security.access.method.DelegatingMethodSecurityMetadataSource] is not eligible for getting processed by all BeanPostProcessors (for example: not eligible for auto-proxying)
2023-08-24 16:47:59.789 [main] INFO  o.s.boot.autoconfigure.security.servlet.UserDetailsServiceAutoConfiguration - 

Using generated security password: a2c98536-2d4b-4999-aa2a-5e682bd52db5

2023-08-24 16:47:59.802 [main] INFO  org.springframework.security.web.DefaultSecurityFilterChain - Creating filter chain: Ant [pattern='/{spring:^(static|druid|images|sign|druid|error)$}/**'], []
2023-08-24 16:47:59.803 [main] INFO  org.springframework.security.web.DefaultSecurityFilterChain - Creating filter chain: Ant [pattern='/**/{spring:^.*\.((?!html).)*$}'], []
2023-08-24 16:47:59.941 [main] INFO  org.springframework.security.web.DefaultSecurityFilterChain - Creating filter chain: any request, [org.springframework.security.web.context.request.async.WebAsyncManagerIntegrationFilter@34947355, org.springframework.security.web.context.SecurityContextPersistenceFilter@16422f27, org.springframework.security.web.header.HeaderWriterFilter@7aa62a90, org.springframework.security.web.authentication.logout.LogoutFilter@4e773b8a, cn.wolfcode.web.commons.interceptors.LoginInterceptor@443b9ebb, org.springframework.security.web.authentication.UsernamePasswordAuthenticationFilter@65067d37, org.springframework.security.web.session.ConcurrentSessionFilter@5fc42998, org.springframework.security.web.savedrequest.RequestCacheAwareFilter@5dfb65d5, org.springframework.security.web.servletapi.SecurityContextHolderAwareRequestFilter@f4aec23, org.springframework.security.web.authentication.AnonymousAuthenticationFilter@62ad5f35, org.springframework.security.web.session.SessionManagementFilter@23ee31b8, org.springframework.security.web.access.ExceptionTranslationFilter@121b7a95, org.springframework.security.web.access.intercept.FilterSecurityInterceptor@55b5ce0f]
2023-08-24 16:47:59.993 [main] INFO  org.springframework.scheduling.concurrent.ThreadPoolTaskExecutor - Initializing ExecutorService 'clientInboundChannelExecutor'
2023-08-24 16:48:00.008 [main] INFO  org.springframework.scheduling.concurrent.ThreadPoolTaskExecutor - Initializing ExecutorService 'clientOutboundChannelExecutor'
2023-08-24 16:48:00.058 [main] INFO  org.springframework.scheduling.concurrent.ThreadPoolTaskScheduler - Initializing ExecutorService 'messageBrokerTaskScheduler'
2023-08-24 16:48:00.099 [main] INFO  org.springframework.scheduling.concurrent.ThreadPoolTaskExecutor - Initializing ExecutorService 'brokerChannelExecutor'
2023-08-24 16:48:00.475 [main] INFO  org.springframework.boot.autoconfigure.web.servlet.WelcomePageHandlerMapping - Adding welcome page template: index
2023-08-24 16:48:01.397 [main] INFO  org.springframework.messaging.simp.broker.SimpleBrokerMessageHandler - Starting...
2023-08-24 16:48:01.397 [main] INFO  org.springframework.messaging.simp.broker.SimpleBrokerMessageHandler - BrokerAvailabilityEvent[available=true, SimpleBrokerMessageHandler [DefaultSubscriptionRegistry[cache[0 destination(s)], registry[0 sessions]]]]
2023-08-24 16:48:01.398 [main] INFO  org.springframework.messaging.simp.broker.SimpleBrokerMessageHandler - Started.
2023-08-24 16:48:01.949 [main] INFO  cn.wolfcode.web.redis.RedisTest - Started RedisTest in 5.078 seconds (JVM running for 28.717)
2023-08-24 16:48:02.014 [main] INFO  cn.wolfcode.web.SysMenuInfoTest - Starting SysMenuInfoTest on LAPTOP-J40OTHIL with PID 11956 (started by lenovo in D:\Users\lenovo\Desktop\class\Java\code\wolfcode-web\web)
2023-08-24 16:48:02.014 [main] DEBUG cn.wolfcode.web.SysMenuInfoTest - Running with Spring Boot v2.2.5.RELEASE, Spring v5.2.4.RELEASE
2023-08-24 16:48:02.014 [main] INFO  cn.wolfcode.web.SysMenuInfoTest - The following profiles are active: dev
2023-08-24 16:48:02.334 [main] INFO  org.springframework.data.repository.config.RepositoryConfigurationDelegate - Multiple Spring Data modules found, entering strict repository configuration mode!
2023-08-24 16:48:02.334 [main] INFO  org.springframework.data.repository.config.RepositoryConfigurationDelegate - Bootstrapping Spring Data Redis repositories in DEFAULT mode.
2023-08-24 16:48:02.403 [main] INFO  org.springframework.data.repository.config.RepositoryConfigurationDelegate - Finished Spring Data repository scanning in 69ms. Found 0 Redis repository interfaces.
2023-08-24 16:48:02.608 [main] INFO  o.s.context.support.PostProcessorRegistrationDelegate$BeanPostProcessorChecker - Bean 'org.springframework.boot.autoconfigure.jdbc.DataSourceTransactionManagerAutoConfiguration$DataSourceTransactionManagerConfiguration' of type [org.springframework.boot.autoconfigure.jdbc.DataSourceTransactionManagerAutoConfiguration$DataSourceTransactionManagerConfiguration] is not eligible for getting processed by all BeanPostProcessors (for example: not eligible for auto-proxying)
2023-08-24 16:48:02.614 [main] INFO  o.s.context.support.PostProcessorRegistrationDelegate$BeanPostProcessorChecker - Bean 'com.alibaba.druid.spring.boot.autoconfigure.DruidDataSourceAutoConfigure' of type [com.alibaba.druid.spring.boot.autoconfigure.DruidDataSourceAutoConfigure$$EnhancerBySpringCGLIB$$a402a4ba] is not eligible for getting processed by all BeanPostProcessors (for example: not eligible for auto-proxying)
2023-08-24 16:48:02.614 [main] INFO  com.alibaba.druid.spring.boot.autoconfigure.DruidDataSourceAutoConfigure - Init DruidDataSource
2023-08-24 16:48:02.639 [main] INFO  o.s.context.support.PostProcessorRegistrationDelegate$BeanPostProcessorChecker - Bean 'spring.datasource-org.springframework.boot.autoconfigure.jdbc.DataSourceProperties' of type [org.springframework.boot.autoconfigure.jdbc.DataSourceProperties] is not eligible for getting processed by all BeanPostProcessors (for example: not eligible for auto-proxying)
2023-08-24 16:48:02.642 [main] INFO  o.s.context.support.PostProcessorRegistrationDelegate$BeanPostProcessorChecker - Bean 'com.alibaba.druid.spring.boot.autoconfigure.stat.DruidFilterConfiguration' of type [com.alibaba.druid.spring.boot.autoconfigure.stat.DruidFilterConfiguration] is not eligible for getting processed by all BeanPostProcessors (for example: not eligible for auto-proxying)
2023-08-24 16:48:02.652 [main] INFO  o.s.context.support.PostProcessorRegistrationDelegate$BeanPostProcessorChecker - Bean 'statFilter' of type [com.alibaba.druid.filter.stat.StatFilter] is not eligible for getting processed by all BeanPostProcessors (for example: not eligible for auto-proxying)
2023-08-24 16:48:02.682 [main] INFO  o.s.context.support.PostProcessorRegistrationDelegate$BeanPostProcessorChecker - Bean 'wallConfig' of type [com.alibaba.druid.wall.WallConfig] is not eligible for getting processed by all BeanPostProcessors (for example: not eligible for auto-proxying)
2023-08-24 16:48:02.697 [main] INFO  o.s.context.support.PostProcessorRegistrationDelegate$BeanPostProcessorChecker - Bean 'wallFilter' of type [com.alibaba.druid.wall.WallFilter] is not eligible for getting processed by all BeanPostProcessors (for example: not eligible for auto-proxying)
2023-08-24 16:48:02.731 [main] INFO  com.alibaba.druid.pool.DruidDataSource - {dataSource-4} inited
2023-08-24 16:48:02.731 [main] INFO  o.s.context.support.PostProcessorRegistrationDelegate$BeanPostProcessorChecker - Bean 'dataSource' of type [com.alibaba.druid.spring.boot.autoconfigure.DruidDataSourceWrapper] is not eligible for getting processed by all BeanPostProcessors (for example: not eligible for auto-proxying)
2023-08-24 16:48:02.752 [main] INFO  o.s.context.support.PostProcessorRegistrationDelegate$BeanPostProcessorChecker - Bean 'org.springframework.boot.autoconfigure.jdbc.DataSourceInitializerInvoker' of type [org.springframework.boot.autoconfigure.jdbc.DataSourceInitializerInvoker] is not eligible for getting processed by all BeanPostProcessors (for example: not eligible for auto-proxying)
2023-08-24 16:48:02.758 [main] INFO  o.s.context.support.PostProcessorRegistrationDelegate$BeanPostProcessorChecker - Bean 'org.springframework.boot.autoconfigure.transaction.TransactionAutoConfiguration' of type [org.springframework.boot.autoconfigure.transaction.TransactionAutoConfiguration] is not eligible for getting processed by all BeanPostProcessors (for example: not eligible for auto-proxying)
2023-08-24 16:48:02.764 [main] INFO  o.s.context.support.PostProcessorRegistrationDelegate$BeanPostProcessorChecker - Bean 'spring.transaction-org.springframework.boot.autoconfigure.transaction.TransactionProperties' of type [org.springframework.boot.autoconfigure.transaction.TransactionProperties] is not eligible for getting processed by all BeanPostProcessors (for example: not eligible for auto-proxying)
2023-08-24 16:48:02.767 [main] INFO  o.s.context.support.PostProcessorRegistrationDelegate$BeanPostProcessorChecker - Bean 'platformTransactionManagerCustomizers' of type [org.springframework.boot.autoconfigure.transaction.TransactionManagerCustomizers] is not eligible for getting processed by all BeanPostProcessors (for example: not eligible for auto-proxying)
2023-08-24 16:48:02.775 [main] INFO  o.s.context.support.PostProcessorRegistrationDelegate$BeanPostProcessorChecker - Bean 'transactionManager' of type [org.springframework.jdbc.datasource.DataSourceTransactionManager] is not eligible for getting processed by all BeanPostProcessors (for example: not eligible for auto-proxying)
2023-08-24 16:48:02.777 [main] INFO  o.s.context.support.PostProcessorRegistrationDelegate$BeanPostProcessorChecker - Bean 'transactionAdviceConfig' of type [cn.wolfcode.web.commons.config.TransactionAdviceConfig$$EnhancerBySpringCGLIB$$6d0115e5] is not eligible for getting processed by all BeanPostProcessors (for example: not eligible for auto-proxying)
2023-08-24 16:48:02.777 [main] INFO  o.s.context.support.PostProcessorRegistrationDelegate$BeanPostProcessorChecker - Bean 'txAdvice' of type [org.springframework.transaction.interceptor.TransactionInterceptor] is not eligible for getting processed by all BeanPostProcessors (for example: not eligible for auto-proxying)
2023-08-24 16:48:02.782 [main] INFO  o.s.context.support.PostProcessorRegistrationDelegate$BeanPostProcessorChecker - Bean 'txAdviceAdvisor' of type [org.springframework.aop.support.DefaultPointcutAdvisor] is not eligible for getting processed by all BeanPostProcessors (for example: not eligible for auto-proxying)
2023-08-24 16:48:02.788 [main] INFO  o.s.context.support.PostProcessorRegistrationDelegate$BeanPostProcessorChecker - Bean 'org.springframework.security.config.annotation.configuration.ObjectPostProcessorConfiguration' of type [org.springframework.security.config.annotation.configuration.ObjectPostProcessorConfiguration] is not eligible for getting processed by all BeanPostProcessors (for example: not eligible for auto-proxying)
2023-08-24 16:48:02.793 [main] INFO  o.s.context.support.PostProcessorRegistrationDelegate$BeanPostProcessorChecker - Bean 'objectPostProcessor' of type [org.springframework.security.config.annotation.configuration.AutowireBeanFactoryObjectPostProcessor] is not eligible for getting processed by all BeanPostProcessors (for example: not eligible for auto-proxying)
2023-08-24 16:48:02.794 [main] INFO  o.s.context.support.PostProcessorRegistrationDelegate$BeanPostProcessorChecker - Bean 'org.springframework.security.access.expression.method.DefaultMethodSecurityExpressionHandler@5f72aaed' of type [org.springframework.security.access.expression.method.DefaultMethodSecurityExpressionHandler] is not eligible for getting processed by all BeanPostProcessors (for example: not eligible for auto-proxying)
2023-08-24 16:48:02.802 [main] INFO  o.s.context.support.PostProcessorRegistrationDelegate$BeanPostProcessorChecker - Bean 'org.springframework.security.config.annotation.method.configuration.GlobalMethodSecurityConfiguration' of type [org.springframework.security.config.annotation.method.configuration.GlobalMethodSecurityConfiguration] is not eligible for getting processed by all BeanPostProcessors (for example: not eligible for auto-proxying)
2023-08-24 16:48:02.806 [main] INFO  o.s.context.support.PostProcessorRegistrationDelegate$BeanPostProcessorChecker - Bean 'methodSecurityMetadataSource' of type [org.springframework.security.access.method.DelegatingMethodSecurityMetadataSource] is not eligible for getting processed by all BeanPostProcessors (for example: not eligible for auto-proxying)
2023-08-24 16:48:04.145 [main] INFO  o.s.boot.autoconfigure.security.servlet.UserDetailsServiceAutoConfiguration - 

Using generated security password: f5ec807d-80aa-419d-b8a0-29cc95bcb25f

2023-08-24 16:48:04.152 [main] INFO  org.springframework.security.web.DefaultSecurityFilterChain - Creating filter chain: Ant [pattern='/{spring:^(static|druid|images|sign|druid|error)$}/**'], []
2023-08-24 16:48:04.152 [main] INFO  org.springframework.security.web.DefaultSecurityFilterChain - Creating filter chain: Ant [pattern='/**/{spring:^.*\.((?!html).)*$}'], []
2023-08-24 16:48:04.257 [main] INFO  org.springframework.security.web.DefaultSecurityFilterChain - Creating filter chain: any request, [org.springframework.security.web.context.request.async.WebAsyncManagerIntegrationFilter@53ec379a, org.springframework.security.web.context.SecurityContextPersistenceFilter@69a14512, org.springframework.security.web.header.HeaderWriterFilter@1a370c7c, org.springframework.security.web.authentication.logout.LogoutFilter@44eda25b, cn.wolfcode.web.commons.interceptors.LoginInterceptor@12830e23, org.springframework.security.web.authentication.UsernamePasswordAuthenticationFilter@6ed2aa8a, org.springframework.security.web.session.ConcurrentSessionFilter@6e21b6f8, org.springframework.security.web.savedrequest.RequestCacheAwareFilter@4bd7e0b6, org.springframework.security.web.servletapi.SecurityContextHolderAwareRequestFilter@2cbc0224, org.springframework.security.web.authentication.AnonymousAuthenticationFilter@5f6dd89c, org.springframework.security.web.session.SessionManagementFilter@63f08f9f, org.springframework.security.web.access.ExceptionTranslationFilter@6d0d5147, org.springframework.security.web.access.intercept.FilterSecurityInterceptor@33e19be9]
2023-08-24 16:48:04.300 [main] INFO  org.springframework.scheduling.concurrent.ThreadPoolTaskExecutor - Initializing ExecutorService 'clientInboundChannelExecutor'
2023-08-24 16:48:04.315 [main] INFO  org.springframework.scheduling.concurrent.ThreadPoolTaskExecutor - Initializing ExecutorService 'clientOutboundChannelExecutor'
2023-08-24 16:48:04.331 [main] INFO  org.springframework.scheduling.concurrent.ThreadPoolTaskScheduler - Initializing ExecutorService 'messageBrokerTaskScheduler'
2023-08-24 16:48:04.352 [main] INFO  org.springframework.scheduling.concurrent.ThreadPoolTaskExecutor - Initializing ExecutorService 'brokerChannelExecutor'
2023-08-24 16:48:04.687 [main] INFO  org.springframework.boot.autoconfigure.web.servlet.WelcomePageHandlerMapping - Adding welcome page template: index
2023-08-24 16:48:05.440 [main] INFO  org.springframework.messaging.simp.broker.SimpleBrokerMessageHandler - Starting...
2023-08-24 16:48:05.440 [main] INFO  org.springframework.messaging.simp.broker.SimpleBrokerMessageHandler - BrokerAvailabilityEvent[available=true, SimpleBrokerMessageHandler [DefaultSubscriptionRegistry[cache[0 destination(s)], registry[0 sessions]]]]
2023-08-24 16:48:05.440 [main] INFO  org.springframework.messaging.simp.broker.SimpleBrokerMessageHandler - Started.
2023-08-24 16:48:05.988 [main] INFO  cn.wolfcode.web.SysMenuInfoTest - Started SysMenuInfoTest in 4.011 seconds (JVM running for 32.756)
2023-08-24 16:48:05.995 [main] INFO  cn.wolfcode.web.commons.config.MyMetaObjectHandler - start insert fill ....
2023-08-24 16:48:06.002 [main] DEBUG cn.wolfcode.web.modules.sys.mapper.MenuMapper.insert - ==>  Preparing: INSERT INTO SYS_MENU_INFO ( menu_id, menu_name, parent_menu_code, menu_icon, menu_type, sort, menu_code, menu_url, disable ) VALUES ( ?, ?, ?, ?, ?, ?, ?, ?, ? ) 
2023-08-24 16:48:06.003 [main] DEBUG cn.wolfcode.web.modules.sys.mapper.MenuMapper.insert - ==> Parameters: 1694632661849608194(String), 地图(String), (String), (String), 2(Integer), 31(Integer), echarts(String), echarts/map.ftl(String), 0(Integer)
2023-08-24 16:48:06.018 [main] DEBUG cn.wolfcode.web.modules.sys.mapper.MenuMapper.insert - <==    Updates: 1
2023-08-24 16:48:06.045 [main] INFO  cn.wolfcode.web.SysUserInfoTest - Starting SysUserInfoTest on LAPTOP-J40OTHIL with PID 11956 (started by lenovo in D:\Users\lenovo\Desktop\class\Java\code\wolfcode-web\web)
2023-08-24 16:48:06.046 [main] DEBUG cn.wolfcode.web.SysUserInfoTest - Running with Spring Boot v2.2.5.RELEASE, Spring v5.2.4.RELEASE
2023-08-24 16:48:06.046 [main] INFO  cn.wolfcode.web.SysUserInfoTest - The following profiles are active: dev
2023-08-24 16:48:06.282 [main] INFO  org.springframework.data.repository.config.RepositoryConfigurationDelegate - Multiple Spring Data modules found, entering strict repository configuration mode!
2023-08-24 16:48:06.282 [main] INFO  org.springframework.data.repository.config.RepositoryConfigurationDelegate - Bootstrapping Spring Data Redis repositories in DEFAULT mode.
2023-08-24 16:48:06.363 [main] INFO  org.springframework.data.repository.config.RepositoryConfigurationDelegate - Finished Spring Data repository scanning in 80ms. Found 0 Redis repository interfaces.
2023-08-24 16:48:06.543 [main] INFO  o.s.context.support.PostProcessorRegistrationDelegate$BeanPostProcessorChecker - Bean 'org.springframework.boot.autoconfigure.jdbc.DataSourceTransactionManagerAutoConfiguration$DataSourceTransactionManagerConfiguration' of type [org.springframework.boot.autoconfigure.jdbc.DataSourceTransactionManagerAutoConfiguration$DataSourceTransactionManagerConfiguration] is not eligible for getting processed by all BeanPostProcessors (for example: not eligible for auto-proxying)
2023-08-24 16:48:06.548 [main] INFO  o.s.context.support.PostProcessorRegistrationDelegate$BeanPostProcessorChecker - Bean 'com.alibaba.druid.spring.boot.autoconfigure.DruidDataSourceAutoConfigure' of type [com.alibaba.druid.spring.boot.autoconfigure.DruidDataSourceAutoConfigure$$EnhancerBySpringCGLIB$$a402a4ba] is not eligible for getting processed by all BeanPostProcessors (for example: not eligible for auto-proxying)
2023-08-24 16:48:06.548 [main] INFO  com.alibaba.druid.spring.boot.autoconfigure.DruidDataSourceAutoConfigure - Init DruidDataSource
2023-08-24 16:48:06.571 [main] INFO  o.s.context.support.PostProcessorRegistrationDelegate$BeanPostProcessorChecker - Bean 'spring.datasource-org.springframework.boot.autoconfigure.jdbc.DataSourceProperties' of type [org.springframework.boot.autoconfigure.jdbc.DataSourceProperties] is not eligible for getting processed by all BeanPostProcessors (for example: not eligible for auto-proxying)
2023-08-24 16:48:06.574 [main] INFO  o.s.context.support.PostProcessorRegistrationDelegate$BeanPostProcessorChecker - Bean 'com.alibaba.druid.spring.boot.autoconfigure.stat.DruidFilterConfiguration' of type [com.alibaba.druid.spring.boot.autoconfigure.stat.DruidFilterConfiguration] is not eligible for getting processed by all BeanPostProcessors (for example: not eligible for auto-proxying)
2023-08-24 16:48:06.583 [main] INFO  o.s.context.support.PostProcessorRegistrationDelegate$BeanPostProcessorChecker - Bean 'statFilter' of type [com.alibaba.druid.filter.stat.StatFilter] is not eligible for getting processed by all BeanPostProcessors (for example: not eligible for auto-proxying)
2023-08-24 16:48:06.609 [main] INFO  o.s.context.support.PostProcessorRegistrationDelegate$BeanPostProcessorChecker - Bean 'wallConfig' of type [com.alibaba.druid.wall.WallConfig] is not eligible for getting processed by all BeanPostProcessors (for example: not eligible for auto-proxying)
2023-08-24 16:48:06.621 [main] INFO  o.s.context.support.PostProcessorRegistrationDelegate$BeanPostProcessorChecker - Bean 'wallFilter' of type [com.alibaba.druid.wall.WallFilter] is not eligible for getting processed by all BeanPostProcessors (for example: not eligible for auto-proxying)
2023-08-24 16:48:06.650 [main] INFO  com.alibaba.druid.pool.DruidDataSource - {dataSource-5} inited
2023-08-24 16:48:06.650 [main] INFO  o.s.context.support.PostProcessorRegistrationDelegate$BeanPostProcessorChecker - Bean 'dataSource' of type [com.alibaba.druid.spring.boot.autoconfigure.DruidDataSourceWrapper] is not eligible for getting processed by all BeanPostProcessors (for example: not eligible for auto-proxying)
2023-08-24 16:48:06.672 [main] INFO  o.s.context.support.PostProcessorRegistrationDelegate$BeanPostProcessorChecker - Bean 'org.springframework.boot.autoconfigure.jdbc.DataSourceInitializerInvoker' of type [org.springframework.boot.autoconfigure.jdbc.DataSourceInitializerInvoker] is not eligible for getting processed by all BeanPostProcessors (for example: not eligible for auto-proxying)
2023-08-24 16:48:06.676 [main] INFO  o.s.context.support.PostProcessorRegistrationDelegate$BeanPostProcessorChecker - Bean 'org.springframework.boot.autoconfigure.transaction.TransactionAutoConfiguration' of type [org.springframework.boot.autoconfigure.transaction.TransactionAutoConfiguration] is not eligible for getting processed by all BeanPostProcessors (for example: not eligible for auto-proxying)
2023-08-24 16:48:06.680 [main] INFO  o.s.context.support.PostProcessorRegistrationDelegate$BeanPostProcessorChecker - Bean 'spring.transaction-org.springframework.boot.autoconfigure.transaction.TransactionProperties' of type [org.springframework.boot.autoconfigure.transaction.TransactionProperties] is not eligible for getting processed by all BeanPostProcessors (for example: not eligible for auto-proxying)
2023-08-24 16:48:06.682 [main] INFO  o.s.context.support.PostProcessorRegistrationDelegate$BeanPostProcessorChecker - Bean 'platformTransactionManagerCustomizers' of type [org.springframework.boot.autoconfigure.transaction.TransactionManagerCustomizers] is not eligible for getting processed by all BeanPostProcessors (for example: not eligible for auto-proxying)
2023-08-24 16:48:06.687 [main] INFO  o.s.context.support.PostProcessorRegistrationDelegate$BeanPostProcessorChecker - Bean 'transactionManager' of type [org.springframework.jdbc.datasource.DataSourceTransactionManager] is not eligible for getting processed by all BeanPostProcessors (for example: not eligible for auto-proxying)
2023-08-24 16:48:06.688 [main] INFO  o.s.context.support.PostProcessorRegistrationDelegate$BeanPostProcessorChecker - Bean 'transactionAdviceConfig' of type [cn.wolfcode.web.commons.config.TransactionAdviceConfig$$EnhancerBySpringCGLIB$$6d0115e5] is not eligible for getting processed by all BeanPostProcessors (for example: not eligible for auto-proxying)
2023-08-24 16:48:06.689 [main] INFO  o.s.context.support.PostProcessorRegistrationDelegate$BeanPostProcessorChecker - Bean 'txAdvice' of type [org.springframework.transaction.interceptor.TransactionInterceptor] is not eligible for getting processed by all BeanPostProcessors (for example: not eligible for auto-proxying)
2023-08-24 16:48:06.693 [main] INFO  o.s.context.support.PostProcessorRegistrationDelegate$BeanPostProcessorChecker - Bean 'txAdviceAdvisor' of type [org.springframework.aop.support.DefaultPointcutAdvisor] is not eligible for getting processed by all BeanPostProcessors (for example: not eligible for auto-proxying)
2023-08-24 16:48:06.699 [main] INFO  o.s.context.support.PostProcessorRegistrationDelegate$BeanPostProcessorChecker - Bean 'org.springframework.security.config.annotation.configuration.ObjectPostProcessorConfiguration' of type [org.springframework.security.config.annotation.configuration.ObjectPostProcessorConfiguration] is not eligible for getting processed by all BeanPostProcessors (for example: not eligible for auto-proxying)
2023-08-24 16:48:06.704 [main] INFO  o.s.context.support.PostProcessorRegistrationDelegate$BeanPostProcessorChecker - Bean 'objectPostProcessor' of type [org.springframework.security.config.annotation.configuration.AutowireBeanFactoryObjectPostProcessor] is not eligible for getting processed by all BeanPostProcessors (for example: not eligible for auto-proxying)
2023-08-24 16:48:06.704 [main] INFO  o.s.context.support.PostProcessorRegistrationDelegate$BeanPostProcessorChecker - Bean 'org.springframework.security.access.expression.method.DefaultMethodSecurityExpressionHandler@8ea1521' of type [org.springframework.security.access.expression.method.DefaultMethodSecurityExpressionHandler] is not eligible for getting processed by all BeanPostProcessors (for example: not eligible for auto-proxying)
2023-08-24 16:48:06.712 [main] INFO  o.s.context.support.PostProcessorRegistrationDelegate$BeanPostProcessorChecker - Bean 'org.springframework.security.config.annotation.method.configuration.GlobalMethodSecurityConfiguration' of type [org.springframework.security.config.annotation.method.configuration.GlobalMethodSecurityConfiguration] is not eligible for getting processed by all BeanPostProcessors (for example: not eligible for auto-proxying)
2023-08-24 16:48:06.717 [main] INFO  o.s.context.support.PostProcessorRegistrationDelegate$BeanPostProcessorChecker - Bean 'methodSecurityMetadataSource' of type [org.springframework.security.access.method.DelegatingMethodSecurityMetadataSource] is not eligible for getting processed by all BeanPostProcessors (for example: not eligible for auto-proxying)
2023-08-24 16:48:08.001 [main] INFO  o.s.boot.autoconfigure.security.servlet.UserDetailsServiceAutoConfiguration - 

Using generated security password: 95d1ab9c-fc3d-458a-89cd-d7602ab86dde

2023-08-24 16:48:08.008 [main] INFO  org.springframework.security.web.DefaultSecurityFilterChain - Creating filter chain: Ant [pattern='/{spring:^(static|druid|images|sign|druid|error)$}/**'], []
2023-08-24 16:48:08.008 [main] INFO  org.springframework.security.web.DefaultSecurityFilterChain - Creating filter chain: Ant [pattern='/**/{spring:^.*\.((?!html).)*$}'], []
2023-08-24 16:48:08.101 [main] INFO  org.springframework.security.web.DefaultSecurityFilterChain - Creating filter chain: any request, [org.springframework.security.web.context.request.async.WebAsyncManagerIntegrationFilter@361eed12, org.springframework.security.web.context.SecurityContextPersistenceFilter@7ad0d002, org.springframework.security.web.header.HeaderWriterFilter@794eb6e7, org.springframework.security.web.authentication.logout.LogoutFilter@27959c4e, cn.wolfcode.web.commons.interceptors.LoginInterceptor@43376a03, org.springframework.security.web.authentication.UsernamePasswordAuthenticationFilter@70b7fec0, org.springframework.security.web.session.ConcurrentSessionFilter@3701acee, org.springframework.security.web.savedrequest.RequestCacheAwareFilter@76a5a831, org.springframework.security.web.servletapi.SecurityContextHolderAwareRequestFilter@63064672, org.springframework.security.web.authentication.AnonymousAuthenticationFilter@73c5b676, org.springframework.security.web.session.SessionManagementFilter@13c0ced1, org.springframework.security.web.access.ExceptionTranslationFilter@302fa67a, org.springframework.security.web.access.intercept.FilterSecurityInterceptor@113b39e9]
2023-08-24 16:48:08.135 [main] INFO  org.springframework.scheduling.concurrent.ThreadPoolTaskExecutor - Initializing ExecutorService 'clientInboundChannelExecutor'
2023-08-24 16:48:08.144 [main] INFO  org.springframework.scheduling.concurrent.ThreadPoolTaskExecutor - Initializing ExecutorService 'clientOutboundChannelExecutor'
2023-08-24 16:48:08.160 [main] INFO  org.springframework.scheduling.concurrent.ThreadPoolTaskScheduler - Initializing ExecutorService 'messageBrokerTaskScheduler'
2023-08-24 16:48:08.184 [main] INFO  org.springframework.scheduling.concurrent.ThreadPoolTaskExecutor - Initializing ExecutorService 'brokerChannelExecutor'
2023-08-24 16:48:08.425 [main] INFO  org.springframework.boot.autoconfigure.web.servlet.WelcomePageHandlerMapping - Adding welcome page template: index
2023-08-24 16:48:08.956 [main] INFO  org.springframework.messaging.simp.broker.SimpleBrokerMessageHandler - Starting...
2023-08-24 16:48:08.956 [main] INFO  org.springframework.messaging.simp.broker.SimpleBrokerMessageHandler - BrokerAvailabilityEvent[available=true, SimpleBrokerMessageHandler [DefaultSubscriptionRegistry[cache[0 destination(s)], registry[0 sessions]]]]
2023-08-24 16:48:08.957 [main] INFO  org.springframework.messaging.simp.broker.SimpleBrokerMessageHandler - Started.
2023-08-24 16:48:09.508 [main] INFO  cn.wolfcode.web.SysUserInfoTest - Started SysUserInfoTest in 3.486 seconds (JVM running for 36.275)
2023-08-24 16:48:09.517 [main] DEBUG cn.wolfcode.web.modules.sys.mapper.SysUserMapper.selectList - ==>  Preparing: SELECT user_id,username,password,old_password,nick_name,phone,email,disable,login_status,create_user_id,create_time,update_time,delete_time,login_time,remark,dept_id FROM SYS_USER_INFO 
2023-08-24 16:48:09.518 [main] DEBUG cn.wolfcode.web.modules.sys.mapper.SysUserMapper.selectList - ==> Parameters: 
2023-08-24 16:48:09.534 [main] DEBUG cn.wolfcode.web.modules.sys.mapper.SysUserMapper.selectList - <==      Total: 14
2023-08-24 16:48:09.543 [main] DEBUG cn.wolfcode.web.modules.sys.mapper.SysUserMapper.selectList - ==>  Preparing: SELECT user_id,username,password,old_password,nick_name,phone,email,disable,login_status,create_user_id,create_time,update_time,delete_time,login_time,remark,dept_id FROM SYS_USER_INFO WHERE (username LIKE ?) 
2023-08-24 16:48:09.544 [main] DEBUG cn.wolfcode.web.modules.sys.mapper.SysUserMapper.selectList - ==> Parameters: %admin%(String)
2023-08-24 16:48:09.545 [main] DEBUG cn.wolfcode.web.modules.sys.mapper.SysUserMapper.selectList - <==      Total: 1
2023-08-24 16:48:09.557 [main] DEBUG cn.wolfcode.web.modules.sys.mapper.SysDeptMapper.selectOne - ==>  Preparing: SELECT dept_id,DEPT_NAME,PARENT_DEPT_ID,DEPT_PATH,NUMBER_LEVEL,BUSINESS_LEVEL,DEPT_LEVEL,DISABLE FROM SYS_DEPT_INFO WHERE (PARENT_DEPT_ID = ?) 
2023-08-24 16:48:09.558 [main] DEBUG cn.wolfcode.web.modules.sys.mapper.SysDeptMapper.selectOne - ==> Parameters: 0000(String)
2023-08-24 16:48:09.567 [main] DEBUG cn.wolfcode.web.modules.sys.mapper.SysDeptMapper.selectOne - <==      Total: 1
2023-08-24 16:48:09.568 [main] DEBUG cn.wolfcode.web.modules.sys.mapper.SysDeptMapper.selectList - ==>  Preparing: SELECT dept_id,DEPT_NAME,PARENT_DEPT_ID,DEPT_PATH,NUMBER_LEVEL,BUSINESS_LEVEL,DEPT_LEVEL,DISABLE FROM SYS_DEPT_INFO 
2023-08-24 16:48:09.569 [main] DEBUG cn.wolfcode.web.modules.sys.mapper.SysDeptMapper.selectList - ==> Parameters: 
2023-08-24 16:48:09.570 [main] DEBUG cn.wolfcode.web.modules.sys.mapper.SysDeptMapper.selectList - <==      Total: 5
2023-08-24 16:48:09.577 [main] DEBUG cn.wolfcode.web.modules.sys.mapper.SysDeptMapper.updateById - ==>  Preparing: UPDATE SYS_DEPT_INFO SET DEPT_NAME=?, PARENT_DEPT_ID=?, DEPT_PATH=?, NUMBER_LEVEL=?, BUSINESS_LEVEL=?, DEPT_LEVEL=?, DISABLE=? WHERE dept_id=? 
2023-08-24 16:48:09.579 [main] DEBUG cn.wolfcode.web.modules.sys.mapper.SysDeptMapper.updateById - ==> Parameters: 总经办(String), 4444(String), 跟部门/总经办(String), 2(Integer), 4444:1325121829601280001:(String), 0(Integer), 0(Integer), 1325121829601280001(String)
2023-08-24 16:48:09.580 [main] DEBUG cn.wolfcode.web.modules.sys.mapper.SysDeptMapper.updateById - ==> Parameters: 市场部(String), 4444(String), 跟部门/市场部(String), 2(Integer), 4444:1325122003077693442:(String), 0(Integer), 0(Integer), 1325122003077693442(String)
2023-08-24 16:48:09.580 [main] DEBUG cn.wolfcode.web.modules.sys.mapper.SysDeptMapper.updateById - ==> Parameters: 软件部(String), 4444(String), (String), 2(Integer), 4444:1325123225058803713:(String), 0(Integer), 0(Integer), 1325123225058803713(String)
2023-08-24 16:48:09.580 [main] DEBUG cn.wolfcode.web.modules.sys.mapper.SysDeptMapper.updateById - ==> Parameters: 人事部(String), 4444(String), (String), 2(Integer), 4444:1325123334769213441:(String), 0(Integer), 0(Integer), 1325123334769213441(String)
2023-08-24 16:48:09.581 [main] DEBUG cn.wolfcode.web.modules.sys.mapper.SysDeptMapper.updateById - ==> Parameters: 跟部门(String), 0000(String), 跟部门(String), 1(Integer), 4444:(String), 0(Integer), 0(Integer), 4444(String)
2023-08-24 16:48:09.599 [SpringContextShutdownHook] INFO  org.springframework.messaging.simp.broker.SimpleBrokerMessageHandler - Stopping...
2023-08-24 16:48:09.599 [SpringContextShutdownHook] INFO  org.springframework.messaging.simp.broker.SimpleBrokerMessageHandler - Stopping...
2023-08-24 16:48:09.599 [SpringContextShutdownHook] INFO  org.springframework.messaging.simp.broker.SimpleBrokerMessageHandler - BrokerAvailabilityEvent[available=false, SimpleBrokerMessageHandler [DefaultSubscriptionRegistry[cache[0 destination(s)], registry[0 sessions]]]]
2023-08-24 16:48:09.599 [SpringContextShutdownHook] INFO  org.springframework.messaging.simp.broker.SimpleBrokerMessageHandler - BrokerAvailabilityEvent[available=false, SimpleBrokerMessageHandler [DefaultSubscriptionRegistry[cache[0 destination(s)], registry[0 sessions]]]]
2023-08-24 16:48:09.599 [SpringContextShutdownHook] INFO  org.springframework.messaging.simp.broker.SimpleBrokerMessageHandler - Stopping...
2023-08-24 16:48:09.599 [SpringContextShutdownHook] INFO  org.springframework.messaging.simp.broker.SimpleBrokerMessageHandler - Stopped.
2023-08-24 16:48:09.599 [SpringContextShutdownHook] INFO  org.springframework.messaging.simp.broker.SimpleBrokerMessageHandler - BrokerAvailabilityEvent[available=false, SimpleBrokerMessageHandler [DefaultSubscriptionRegistry[cache[0 destination(s)], registry[0 sessions]]]]
2023-08-24 16:48:09.599 [SpringContextShutdownHook] INFO  org.springframework.messaging.simp.broker.SimpleBrokerMessageHandler - Stopped.
2023-08-24 16:48:09.599 [SpringContextShutdownHook] INFO  org.springframework.messaging.simp.broker.SimpleBrokerMessageHandler - Stopped.
2023-08-24 16:48:09.599 [SpringContextShutdownHook] INFO  org.springframework.messaging.simp.broker.SimpleBrokerMessageHandler - Stopping...
2023-08-24 16:48:09.599 [SpringContextShutdownHook] INFO  org.springframework.messaging.simp.broker.SimpleBrokerMessageHandler - BrokerAvailabilityEvent[available=false, SimpleBrokerMessageHandler [DefaultSubscriptionRegistry[cache[0 destination(s)], registry[0 sessions]]]]
2023-08-24 16:48:09.599 [SpringContextShutdownHook] INFO  org.springframework.messaging.simp.broker.SimpleBrokerMessageHandler - Stopped.
2023-08-24 16:48:09.602 [SpringContextShutdownHook] INFO  org.springframework.messaging.simp.broker.SimpleBrokerMessageHandler - Stopping...
2023-08-24 16:48:09.603 [SpringContextShutdownHook] INFO  org.springframework.messaging.simp.broker.SimpleBrokerMessageHandler - BrokerAvailabilityEvent[available=false, SimpleBrokerMessageHandler [DefaultSubscriptionRegistry[cache[0 destination(s)], registry[0 sessions]]]]
2023-08-24 16:48:09.603 [SpringContextShutdownHook] INFO  org.springframework.messaging.simp.broker.SimpleBrokerMessageHandler - Stopped.
2023-08-24 16:48:09.619 [SpringContextShutdownHook] INFO  org.springframework.scheduling.concurrent.ThreadPoolTaskExecutor - Shutting down ExecutorService 'brokerChannelExecutor'
2023-08-24 16:48:09.619 [SpringContextShutdownHook] INFO  org.springframework.scheduling.concurrent.ThreadPoolTaskExecutor - Shutting down ExecutorService 'brokerChannelExecutor'
2023-08-24 16:48:09.619 [SpringContextShutdownHook] INFO  org.springframework.scheduling.concurrent.ThreadPoolTaskExecutor - Shutting down ExecutorService 'brokerChannelExecutor'
2023-08-24 16:48:09.619 [SpringContextShutdownHook] INFO  org.springframework.scheduling.concurrent.ThreadPoolTaskExecutor - Shutting down ExecutorService 'brokerChannelExecutor'
2023-08-24 16:48:09.620 [SpringContextShutdownHook] INFO  org.springframework.scheduling.concurrent.ThreadPoolTaskExecutor - Shutting down ExecutorService 'brokerChannelExecutor'
2023-08-24 16:48:09.620 [SpringContextShutdownHook] INFO  org.springframework.scheduling.concurrent.ThreadPoolTaskScheduler - Shutting down ExecutorService 'messageBrokerTaskScheduler'
2023-08-24 16:48:09.620 [SpringContextShutdownHook] INFO  org.springframework.scheduling.concurrent.ThreadPoolTaskScheduler - Shutting down ExecutorService 'messageBrokerTaskScheduler'
2023-08-24 16:48:09.620 [SpringContextShutdownHook] INFO  org.springframework.scheduling.concurrent.ThreadPoolTaskScheduler - Shutting down ExecutorService 'messageBrokerTaskScheduler'
2023-08-24 16:48:09.621 [SpringContextShutdownHook] INFO  org.springframework.scheduling.concurrent.ThreadPoolTaskScheduler - Shutting down ExecutorService 'messageBrokerTaskScheduler'
2023-08-24 16:48:09.621 [SpringContextShutdownHook] INFO  org.springframework.scheduling.concurrent.ThreadPoolTaskScheduler - Shutting down ExecutorService 'messageBrokerTaskScheduler'
2023-08-24 16:48:09.621 [SpringContextShutdownHook] INFO  org.springframework.scheduling.concurrent.ThreadPoolTaskExecutor - Shutting down ExecutorService 'clientOutboundChannelExecutor'
2023-08-24 16:48:09.621 [SpringContextShutdownHook] INFO  org.springframework.scheduling.concurrent.ThreadPoolTaskExecutor - Shutting down ExecutorService 'clientOutboundChannelExecutor'
2023-08-24 16:48:09.621 [SpringContextShutdownHook] INFO  org.springframework.scheduling.concurrent.ThreadPoolTaskExecutor - Shutting down ExecutorService 'clientInboundChannelExecutor'
2023-08-24 16:48:09.621 [SpringContextShutdownHook] INFO  org.springframework.scheduling.concurrent.ThreadPoolTaskExecutor - Shutting down ExecutorService 'clientInboundChannelExecutor'
2023-08-24 16:48:09.621 [SpringContextShutdownHook] INFO  org.springframework.scheduling.concurrent.ThreadPoolTaskExecutor - Shutting down ExecutorService 'clientOutboundChannelExecutor'
2023-08-24 16:48:09.621 [SpringContextShutdownHook] INFO  org.springframework.scheduling.concurrent.ThreadPoolTaskExecutor - Shutting down ExecutorService 'clientInboundChannelExecutor'
2023-08-24 16:48:09.622 [SpringContextShutdownHook] INFO  org.springframework.scheduling.concurrent.ThreadPoolTaskExecutor - Shutting down ExecutorService 'clientOutboundChannelExecutor'
2023-08-24 16:48:09.622 [SpringContextShutdownHook] INFO  org.springframework.scheduling.concurrent.ThreadPoolTaskExecutor - Shutting down ExecutorService 'clientOutboundChannelExecutor'
2023-08-24 16:48:09.622 [SpringContextShutdownHook] INFO  org.springframework.scheduling.concurrent.ThreadPoolTaskExecutor - Shutting down ExecutorService 'clientInboundChannelExecutor'
2023-08-24 16:48:09.622 [SpringContextShutdownHook] INFO  org.springframework.scheduling.concurrent.ThreadPoolTaskExecutor - Shutting down ExecutorService 'clientInboundChannelExecutor'
2023-08-24 16:48:09.748 [SpringContextShutdownHook] INFO  com.alibaba.druid.pool.DruidDataSource - {dataSource-3} closing ...
2023-08-24 16:48:09.752 [SpringContextShutdownHook] INFO  com.alibaba.druid.pool.DruidDataSource - {dataSource-1} closing ...
2023-08-24 16:48:09.752 [SpringContextShutdownHook] INFO  com.alibaba.druid.pool.DruidDataSource - {dataSource-4} closing ...
2023-08-24 16:48:09.753 [SpringContextShutdownHook] INFO  com.alibaba.druid.pool.DruidDataSource - {dataSource-2} closing ...
2023-08-24 16:48:09.753 [SpringContextShutdownHook] INFO  com.alibaba.druid.pool.DruidDataSource - {dataSource-5} closing ...
2023-08-24 16:48:09.764 [SpringContextShutdownHook] INFO  com.alibaba.druid.pool.DruidDataSource - {dataSource-5} closed
2023-08-24 16:48:09.764 [SpringContextShutdownHook] INFO  com.alibaba.druid.pool.DruidDataSource - {dataSource-4} closed
2023-08-24 16:48:09.764 [SpringContextShutdownHook] INFO  com.alibaba.druid.pool.DruidDataSource - {dataSource-2} closed
2023-08-24 16:48:09.764 [SpringContextShutdownHook] INFO  com.alibaba.druid.pool.DruidDataSource - {dataSource-3} closed
2023-08-24 16:48:09.764 [SpringContextShutdownHook] INFO  com.alibaba.druid.pool.DruidDataSource - {dataSource-1} closed
